  [1m[35m (14.9ms)[0m  [1m[34mSELECT sqlite_version(*)[0m
  [1m[35m (6.2ms)[0m  [1m[35mCREATE TABLE "schema_migrations" ("version" varchar NOT NULL PRIMARY KEY)[0m
  [1m[35m (8.3ms)[0m  [1m[35mCREATE TABLE "ar_internal_metadata" ("key" varchar NOT NULL PRIMARY KEY, "value" varchar, "created_at" datetime(6) NOT NULL, "updated_at" datetime(6) NOT NULL)[0m
  [1m[35m (0.2ms)[0m  [1m[34mSELECT "schema_migrations"."version" FROM "schema_migrations" ORDER BY "schema_migrations"."version" ASC[0m
Migrating to CreateUsers (20210916032236)
  [1m[36mTRANSACTION (0.0ms)[0m  [1m[36mbegin transaction[0m
  [1m[35m (0.9ms)[0m  [1m[35mCREATE TABLE "users" ("id" integer PRIMARY KEY AUTOINCREMENT NOT NULL, "username" varchar, "email" varchar, "password_digest" varchar, "created_at" datetime(6) NOT NULL, "updated_at" datetime(6) NOT NULL)[0m
  [1m[36mActiveRecord::SchemaMigration Create (0.2ms)[0m  [1m[32mINSERT INTO "schema_migrations" ("version") VALUES (?)[0m  [["version", "20210916032236"]]
  [1m[36mTRANSACTION (5.9ms)[0m  [1m[36mcommit transaction[0m
  [1m[36mActiveRecord::InternalMetadata Load (0.2ms)[0m  [1m[34mSELECT "ar_internal_metadata".* FROM "ar_internal_metadata" WHERE "ar_internal_metadata"."key" = ? LIMIT ?[0m  [["key", "environment"], ["LIMIT", 1]]
  [1m[36mTRANSACTION (0.1ms)[0m  [1m[36mbegin transaction[0m
  [1m[36mActiveRecord::InternalMetadata Create (1.6ms)[0m  [1m[32mINSERT INTO "ar_internal_metadata" ("key", "value", "created_at", "updated_at") VALUES (?, ?, ?, ?)[0m  [["key", "environment"], ["value", "development"], ["created_at", "2021-09-16 03:36:19.145880"], ["updated_at", "2021-09-16 03:36:19.145880"]]
  [1m[36mTRANSACTION (7.1ms)[0m  [1m[36mcommit transaction[0m
  [1m[35m (0.0ms)[0m  [1m[34mSELECT sqlite_version(*)[0m
  [1m[35m (0.1ms)[0m  [1m[34mSELECT "schema_migrations"."version" FROM "schema_migrations" ORDER BY "schema_migrations"."version" ASC[0m
  [1m[35m (0.7ms)[0m  [1m[34mSELECT sqlite_version(*)[0m
  [1m[36mTRANSACTION (0.1ms)[0m  [1m[36mbegin transaction[0m
  [1m[36mUser Exists? (0.3ms)[0m  [1m[34mSELECT 1 AS one FROM "users" WHERE "users"."email" = ? LIMIT ?[0m  [["email", "z@dev.com"], ["LIMIT", 1]]
  [1m[36mUser Create (5.8ms)[0m  [1m[32mINSERT INTO "users" ("email", "password_digest", "created_at", "updated_at") VALUES (?, ?, ?, ?)[0m  [["email", "z@dev.com"], ["password_digest", "$2a$12$FPM9jUelHpRNXwCBulhKaeex2bHjf64LwrdpqITHIPB2CNhW4ZCUa"], ["created_at", "2021-09-16 03:38:36.930128"], ["updated_at", "2021-09-16 03:38:36.930128"]]
  [1m[36mTRANSACTION (5.6ms)[0m  [1m[36mcommit transaction[0m
  [1m[35m (8.8ms)[0m  [1m[34mSELECT sqlite_version(*)[0m
  [1m[36mUser Load (0.3ms)[0m  [1m[34mSELECT "users".* FROM "users" /* loading for inspect */ LIMIT ?[0m  [["LIMIT", 11]]
  [1m[36mUser Load (0.5ms)[0m  [1m[34mSELECT "users".* FROM "users" /* loading for inspect */ LIMIT ?[0m  [["LIMIT", 11]]
Started GET "/" for 127.0.0.1 at 2021-09-16 06:53:30 -0500
  [1m[35m (11.3ms)[0m  [1m[34mSELECT sqlite_version(*)[0m
  [1m[35m (0.6ms)[0m  [1m[34mSELECT "schema_migrations"."version" FROM "schema_migrations" ORDER BY "schema_migrations"."version" ASC[0m
Processing by Rails::WelcomeController#index as HTML
  Rendering /home/jss/.rvm/gems/ruby-2.6.1/gems/railties-6.1.4.1/lib/rails/templates/rails/welcome/index.html.erb
  Rendered /home/jss/.rvm/gems/ruby-2.6.1/gems/railties-6.1.4.1/lib/rails/templates/rails/welcome/index.html.erb (Duration: 45.7ms | Allocations: 517)
Completed 200 OK in 195ms (Views: 93.5ms | ActiveRecord: 0.0ms | Allocations: 4323)


Started GET "/" for 127.0.0.1 at 2021-09-16 06:54:43 -0500
  
ArgumentError (must be called with a path and/or options):
  
config/routes.rb:2:in `block in <main>'
config/routes.rb:1:in `<main>'
Started GET "/" for 127.0.0.1 at 2021-09-16 06:54:57 -0500
Processing by Rails::WelcomeController#index as HTML
  Rendering /home/jss/.rvm/gems/ruby-2.6.1/gems/railties-6.1.4.1/lib/rails/templates/rails/welcome/index.html.erb
  Rendered /home/jss/.rvm/gems/ruby-2.6.1/gems/railties-6.1.4.1/lib/rails/templates/rails/welcome/index.html.erb (Duration: 8.0ms | Allocations: 229)
Completed 200 OK in 12ms (Views: 10.8ms | Allocations: 964)


Started GET "/new" for 127.0.0.1 at 2021-09-16 06:55:00 -0500
  
ActionController::RoutingError (No route matches [GET] "/new"):
  
Started GET "/users/new" for 127.0.0.1 at 2021-09-16 06:55:11 -0500
Processing by UsersController#new as HTML
  Rendering layout layouts/application.html.erb
  Rendering users/new.erb within layouts/application
  Rendered users/new.erb within layouts/application (Duration: 14.2ms | Allocations: 1604)
  Rendered layout layouts/application.html.erb (Duration: 15.8ms | Allocations: 1675)
Completed 500 Internal Server Error in 21ms (Allocations: 2676)


  
ActionView::Template::Error (Missing partial partials/_error_messages with {:locale=>[:en], :formats=>[:html], :variants=>[], :handlers=>[:raw, :erb, :html, :builder, :ruby, :jbuilder]}. Searched in:
  * "/mnt/c/Users/donov/Shopify/TravelPhotoRepo/app/views"
  * "/home/jss/.rvm/gems/ruby-2.6.1/gems/actiontext-6.1.4.1/app/views"
  * "/home/jss/.rvm/gems/ruby-2.6.1/gems/actionmailbox-6.1.4.1/app/views"
):
    1: <h1> Signup </h1>
    2: 
    3: <%= render partial: "partials/error_messages", locals: { object: @user } %>
    4: 
    5: <%= form_for @user, url:'/signup' do |f| %>
    6:    <%= f.label :username %>
  
app/views/users/new.erb:3
Started GET "/users/new" for 127.0.0.1 at 2021-09-16 06:55:26 -0500
Processing by UsersController#new as HTML
  Rendering layout layouts/application.html.erb
  Rendering users/new.erb within layouts/application
  Rendered users/new.erb within layouts/application (Duration: 6.4ms | Allocations: 1199)
  Rendered layout layouts/application.html.erb (Duration: 8.1ms | Allocations: 1269)
Completed 500 Internal Server Error in 12ms (Allocations: 2228)


  
ActionView::Template::Error (First argument in form cannot contain nil or be empty):
    1: <h1> Signup </h1>
    2: 
    3: 
    4: <%= form_for @user, url:'/signup' do |f| %>
    5:    <%= f.label :username %>
    6:    <%= f.text_field :username %> <br>
    7: 
  
app/views/users/new.erb:4
Started GET "/users/new" for 127.0.0.1 at 2021-09-16 06:57:27 -0500
Processing by UsersController#new as HTML
  Rendering layout layouts/application.html.erb
  Rendering users/new.erb within layouts/application
  Rendered users/new.erb within layouts/application (Duration: 29.0ms | Allocations: 3483)
[Webpacker] Compiling...
[Webpacker] Compiled all packs in /mnt/c/Users/donov/Shopify/TravelPhotoRepo/public/packs
[Webpacker] Hash: e2a8a876c5815bee1e21
Version: webpack 4.46.0
Time: 2641ms
Built at: 09/16/2021 6:57:33 AM
                                     Asset       Size       Chunks                         Chunk Names
    js/application-e421b4aa3f716bebdab1.js    125 KiB  application  [emitted] [immutable]  application
js/application-e421b4aa3f716bebdab1.js.map    139 KiB  application  [emitted] [dev]        application
                             manifest.json  364 bytes               [emitted]              
Entrypoint application = js/application-e421b4aa3f716bebdab1.js js/application-e421b4aa3f716bebdab1.js.map
[./app/javascript/channels sync recursive _channel\.js$] ./app/javascript/channels sync _channel\.js$ 160 bytes {application} [built]
[./app/javascript/channels/index.js] 211 bytes {application} [built]
[./app/javascript/packs/application.js] 492 bytes {application} [built]
[./node_modules/webpack/buildin/module.js] (webpack)/buildin/module.js 552 bytes {application} [built]
    + 3 hidden modules

  Rendered layout layouts/application.html.erb (Duration: 6157.9ms | Allocations: 26121)
Completed 200 OK in 6162ms (Views: 6161.3ms | Allocations: 27102)


Started GET "/users/new" for 127.0.0.1 at 2021-09-16 07:06:26 -0500
Processing by UsersController#new as HTML
  Rendering layout layouts/application.html.erb
  Rendering users/new.erb within layouts/application
  Rendered users/new.erb within layouts/application (Duration: 17.3ms | Allocations: 1333)
[Webpacker] Everything's up-to-date. Nothing to do
  Rendered layout layouts/application.html.erb (Duration: 37.8ms | Allocations: 4490)
Completed 200 OK in 45ms (Views: 42.7ms | Allocations: 5526)


Started GET "/users/new" for 127.0.0.1 at 2021-09-16 07:16:04 -0500
Processing by UsersController#new as HTML
  Rendering layout layouts/application.html.erb
  Rendering users/new.erb within layouts/application
  Rendered users/new.erb within layouts/application (Duration: 18.9ms | Allocations: 1172)
  Rendered layout layouts/application.html.erb (Duration: 20.6ms | Allocations: 1243)
Completed 500 Internal Server Error in 25ms (Allocations: 2250)


  
ActionView::SyntaxErrorInTemplate (Encountered a syntax error while rendering template: check <h1> Signup </h1>


<%= form_with url: sessions_path do |f| %>
    <%= "Email" f.text_field :email %><br>
    <%= f.password_field :password %><br>
    <%= link_to "Sign Up", new_user_path %>
    <%= f.submit "Already have an account? Sign In!" %>
  <% end %>
):
1:    <h1> Signup </h1>
2:    
3:    
4:    <%= form_with url: sessions_path do |f| %>
5:        <%= "Email" f.text_field :email %><br>
6:        <%= f.password_field :password %><br>
7:        <%= link_to "Sign Up", new_user_path %>
8:        <%= f.submit "Already have an account? Sign In!" %>
9:      <% end %>
  
app/views/users/new.erb:5: syntax error, unexpected tIDENTIFIER, expecting ')'
app/views/users/new.erb:5: syntax error, unexpected tIDENTIFIER, expecting ')'
app/views/users/new.erb:5: syntax error, unexpected tIDENTIFIER, expecting ')'
app/views/users/new.erb:5: syntax error, unexpected tIDENTIFIER, expecting ')'
app/views/users/new.erb:5: syntax error, unexpected tIDENTIFIER, expecting ')'
app/views/users/new.erb:5: syntax error, unexpected tIDENTIFIER, expecting ')'
Started GET "/users/new" for 127.0.0.1 at 2021-09-16 07:16:27 -0500
Processing by UsersController#new as HTML
  Rendering layout layouts/application.html.erb
  Rendering users/new.erb within layouts/application
  Rendered users/new.erb within layouts/application (Duration: 2.5ms | Allocations: 1332)
[Webpacker] Everything's up-to-date. Nothing to do
  Rendered layout layouts/application.html.erb (Duration: 23.1ms | Allocations: 4493)
Completed 200 OK in 29ms (Views: 27.9ms | Allocations: 5528)


Started POST "/sessions" for 127.0.0.1 at 2021-09-16 07:16:32 -0500
Processing by SessionsController#create as HTML
  Parameters: {"authenticity_token"=>"[FILTERED]", "email"=>"donovanajessie@gmail.com", "password"=>"[FILTERED]", "commit"=>"Already have an account? Sign In!"}
  [1m[35m (0.1ms)[0m  [1m[34mSELECT sqlite_version(*)[0m
  â†³ app/controllers/sessions_controller.rb:3:in `create'
  [1m[36mUser Load (0.3ms)[0m  [1m[34mSELECT "users".* FROM "users" WHERE "users"."email" = ? LIMIT ?[0m  [["email", "donovanajessie@gmail.com"], ["LIMIT", 1]]
  â†³ app/controllers/sessions_controller.rb:3:in `create'
Redirected to http://127.0.0.1:3000/signin
Completed 302 Found in 30ms (ActiveRecord: 1.5ms | Allocations: 3149)


Started GET "/signin" for 127.0.0.1 at 2021-09-16 07:16:33 -0500
  
ActionController::RoutingError (No route matches [GET] "/signin"):
  
Started GET "/users/new" for 127.0.0.1 at 2021-09-16 07:16:37 -0500
Processing by UsersController#new as HTML
  Rendering layout layouts/application.html.erb
  Rendering users/new.erb within layouts/application
  Rendered users/new.erb within layouts/application (Duration: 1.6ms | Allocations: 1140)
[Webpacker] Everything's up-to-date. Nothing to do
  Rendered layout layouts/application.html.erb (Duration: 25.9ms | Allocations: 4104)
Completed 200 OK in 29ms (Views: 28.3ms | ActiveRecord: 0.0ms | Allocations: 4482)


Started GET "/users/new" for 127.0.0.1 at 2021-09-16 07:16:40 -0500
Processing by UsersController#new as HTML
  Rendering layout layouts/application.html.erb
  Rendering users/new.erb within layouts/application
  Rendered users/new.erb within layouts/application (Duration: 0.6ms | Allocations: 1135)
[Webpacker] Everything's up-to-date. Nothing to do
  Rendered layout layouts/application.html.erb (Duration: 15.0ms | Allocations: 4098)
Completed 200 OK in 17ms (Views: 16.8ms | ActiveRecord: 0.0ms | Allocations: 4474)


Started GET "/users/new" for 127.0.0.1 at 2021-09-16 07:17:06 -0500
Processing by UsersController#new as HTML
  Rendering layout layouts/application.html.erb
  Rendering users/new.erb within layouts/application
  Rendered users/new.erb within layouts/application (Duration: 29.1ms | Allocations: 1970)
[Webpacker] Everything's up-to-date. Nothing to do
  Rendered layout layouts/application.html.erb (Duration: 51.5ms | Allocations: 6850)
Completed 200 OK in 73ms (Views: 71.8ms | ActiveRecord: 0.0ms | Allocations: 10610)


Started GET "/users/new" for 127.0.0.1 at 2021-09-16 07:18:25 -0500
Processing by UsersController#new as HTML
  Rendering layout layouts/application.html.erb
  Rendering users/new.erb within layouts/application
  Rendered users/new.erb within layouts/application (Duration: 2.5ms | Allocations: 1755)
[Webpacker] Everything's up-to-date. Nothing to do
  Rendered layout layouts/application.html.erb (Duration: 25.1ms | Allocations: 4907)
Completed 200 OK in 31ms (Views: 29.3ms | ActiveRecord: 0.0ms | Allocations: 5934)


Started GET "/users/show" for 127.0.0.1 at 2021-09-16 07:18:28 -0500
Processing by UsersController#show as HTML
  Parameters: {"id"=>"show"}
  Rendering layout layouts/application.html.erb
  Rendering users/show.erb within layouts/application
  Rendered users/show.erb within layouts/application (Duration: 7.3ms | Allocations: 1439)
  Rendered layout layouts/application.html.erb (Duration: 8.5ms | Allocations: 1509)
Completed 500 Internal Server Error in 12ms (ActiveRecord: 0.0ms | Allocations: 1963)


  
ActionView::Template::Error (undefined method `username' for nil:NilClass):
    1: <h1> <%= @user.username %> </h1>
  
app/views/users/show.erb:1
Started GET "/users/new" for 127.0.0.1 at 2021-09-16 07:18:34 -0500
Processing by UsersController#new as HTML
  Rendering layout layouts/application.html.erb
  Rendering users/new.erb within layouts/application
  Rendered users/new.erb within layouts/application (Duration: 1.0ms | Allocations: 1554)
[Webpacker] Everything's up-to-date. Nothing to do
  Rendered layout layouts/application.html.erb (Duration: 22.4ms | Allocations: 4519)
Completed 200 OK in 25ms (Views: 24.6ms | ActiveRecord: 0.0ms | Allocations: 4894)


Started GET "/users/new" for 127.0.0.1 at 2021-09-16 07:18:40 -0500
Processing by UsersController#new as HTML
  Rendering layout layouts/application.html.erb
  Rendering users/new.erb within layouts/application
  Rendered users/new.erb within layouts/application (Duration: 0.7ms | Allocations: 1545)
[Webpacker] Everything's up-to-date. Nothing to do
  Rendered layout layouts/application.html.erb (Duration: 16.9ms | Allocations: 4515)
Completed 200 OK in 19ms (Views: 18.7ms | ActiveRecord: 0.0ms | Allocations: 4891)


Started GET "/users/new" for 127.0.0.1 at 2021-09-16 07:22:48 -0500
Processing by UsersController#new as HTML
  Rendering layout layouts/application.html.erb
  Rendering users/new.erb within layouts/application
  Rendered users/new.erb within layouts/application (Duration: 0.9ms | Allocations: 1535)
[Webpacker] Everything's up-to-date. Nothing to do
  Rendered layout layouts/application.html.erb (Duration: 16.9ms | Allocations: 4506)
Completed 200 OK in 21ms (Views: 19.8ms | Allocations: 5028)


Started POST "/sessions" for 127.0.0.1 at 2021-09-16 07:22:51 -0500
Processing by SessionsController#create as HTML
  Parameters: {"authenticity_token"=>"[FILTERED]", "email"=>"", "username"=>"", "password"=>"[FILTERED]", "commit"=>"Already have an account? Sign In!"}
  [1m[35m (0.1ms)[0m  [1m[34mSELECT sqlite_version(*)[0m
  â†³ app/controllers/sessions_controller.rb:3:in `create'
  [1m[36mUser Load (0.5ms)[0m  [1m[34mSELECT "users".* FROM "users" WHERE "users"."email" = ? LIMIT ?[0m  [["email", ""], ["LIMIT", 1]]
  â†³ app/controllers/sessions_controller.rb:3:in `create'
Redirected to http://127.0.0.1:3000/signin
Completed 302 Found in 15ms (ActiveRecord: 0.8ms | Allocations: 2353)


Started GET "/signin" for 127.0.0.1 at 2021-09-16 07:22:51 -0500
  
ActionController::RoutingError (No route matches [GET] "/signin"):
  
Started GET "/users/new" for 127.0.0.1 at 2021-09-16 07:22:55 -0500
Processing by UsersController#new as HTML
  Rendering layout layouts/application.html.erb
  Rendering users/new.erb within layouts/application
  Rendered users/new.erb within layouts/application (Duration: 1.7ms | Allocations: 1545)
[Webpacker] Everything's up-to-date. Nothing to do
  Rendered layout layouts/application.html.erb (Duration: 21.0ms | Allocations: 4508)
Completed 200 OK in 25ms (Views: 23.7ms | ActiveRecord: 0.0ms | Allocations: 4882)


Started GET "/users/new" for 127.0.0.1 at 2021-09-16 07:23:07 -0500
Processing by UsersController#new as HTML
  Rendering layout layouts/application.html.erb
  Rendering users/new.erb within layouts/application
  Rendered users/new.erb within layouts/application (Duration: 1.0ms | Allocations: 1546)
[Webpacker] Everything's up-to-date. Nothing to do
  Rendered layout layouts/application.html.erb (Duration: 15.7ms | Allocations: 4511)
Completed 200 OK in 18ms (Views: 17.6ms | ActiveRecord: 0.0ms | Allocations: 4888)


Started GET "/users/new" for 127.0.0.1 at 2021-09-16 07:23:29 -0500
Processing by UsersController#new as HTML
  Rendering layout layouts/application.html.erb
  Rendering users/new.erb within layouts/application
  Rendered users/new.erb within layouts/application (Duration: 1.4ms | Allocations: 1545)
[Webpacker] Everything's up-to-date. Nothing to do
  Rendered layout layouts/application.html.erb (Duration: 18.4ms | Allocations: 4508)
Completed 200 OK in 25ms (Views: 23.6ms | ActiveRecord: 0.0ms | Allocations: 4884)


Started GET "/users/new" for 127.0.0.1 at 2021-09-16 07:28:21 -0500
Processing by UsersController#new as HTML
  Rendering layout layouts/application.html.erb
  Rendering users/new.erb within layouts/application
  Rendered users/new.erb within layouts/application (Duration: 18.8ms | Allocations: 1753)
[Webpacker] Everything's up-to-date. Nothing to do
  Rendered layout layouts/application.html.erb (Duration: 44.3ms | Allocations: 4910)
Completed 200 OK in 55ms (Views: 50.9ms | ActiveRecord: 0.0ms | Allocations: 5943)


Started POST "/sessions" for 127.0.0.1 at 2021-09-16 07:28:26 -0500
Processing by SessionsController#create as HTML
  Parameters: {"authenticity_token"=>"[FILTERED]", "email"=>"jssdnvn@gmail.com", "username"=>"lkj", "password"=>"[FILTERED]", "commit"=>"Create Account!"}
  [1m[36mUser Load (0.3ms)[0m  [1m[34mSELECT "users".* FROM "users" WHERE "users"."email" = ? LIMIT ?[0m  [["email", "jssdnvn@gmail.com"], ["LIMIT", 1]]
  â†³ app/controllers/sessions_controller.rb:3:in `create'
Redirected to http://127.0.0.1:3000/signin
Completed 302 Found in 7ms (ActiveRecord: 0.3ms | Allocations: 811)


Started GET "/signin" for 127.0.0.1 at 2021-09-16 07:28:26 -0500
  
ActionController::RoutingError (No route matches [GET] "/signin"):
  
Started GET "/signin" for 127.0.0.1 at 2021-09-16 07:30:55 -0500
  
ActionController::RoutingError (No route matches [GET] "/signin"):
  
Started GET "/signin" for 127.0.0.1 at 2021-09-16 07:30:56 -0500
  
ActionController::RoutingError (No route matches [GET] "/signin"):
  
Started GET "/users/new" for 127.0.0.1 at 2021-09-16 07:31:05 -0500
Processing by UsersController#new as HTML
  [1m[35m (0.1ms)[0m  [1m[34mSELECT sqlite_version(*)[0m
  â†³ app/controllers/users_controller.rb:3:in `new'
  Rendering layout layouts/application.html.erb
  Rendering users/new.erb within layouts/application
  Rendered users/new.erb within layouts/application (Duration: 1.0ms | Allocations: 1572)
[Webpacker] Everything's up-to-date. Nothing to do
  Rendered layout layouts/application.html.erb (Duration: 18.3ms | Allocations: 4544)
Completed 200 OK in 35ms (Views: 20.8ms | ActiveRecord: 1.6ms | Allocations: 10089)


Started POST "/sessions" for 127.0.0.1 at 2021-09-16 07:31:10 -0500
Processing by SessionsController#create as HTML
  Parameters: {"authenticity_token"=>"[FILTERED]", "email"=>";lkj", "username"=>"kh", "password"=>"[FILTERED]", "commit"=>"Create Account!"}
  [1m[36mUser Load (0.6ms)[0m  [1m[34mSELECT "users".* FROM "users" WHERE "users"."email" = ? LIMIT ?[0m  [["email", ";lkj"], ["LIMIT", 1]]
  â†³ app/controllers/sessions_controller.rb:3:in `create'
Redirected to http://127.0.0.1:3000/signin
Completed 302 Found in 7ms (ActiveRecord: 0.6ms | Allocations: 984)


Started GET "/signin" for 127.0.0.1 at 2021-09-16 07:31:10 -0500
  
ActionController::RoutingError (No route matches [GET] "/signin"):
  
Started GET "/users/new" for 127.0.0.1 at 2021-09-16 07:32:05 -0500
Processing by UsersController#new as HTML
  [1m[35m (0.1ms)[0m  [1m[34mSELECT sqlite_version(*)[0m
  â†³ app/controllers/users_controller.rb:3:in `new'
  Rendering layout layouts/application.html.erb
  Rendering users/new.erb within layouts/application
  Rendered users/new.erb within layouts/application (Duration: 7.8ms | Allocations: 1551)
[Webpacker] Everything's up-to-date. Nothing to do
  Rendered layout layouts/application.html.erb (Duration: 23.7ms | Allocations: 4523)
Completed 200 OK in 38ms (Views: 26.1ms | ActiveRecord: 1.6ms | Allocations: 9421)


Started POST "/sessions" for 127.0.0.1 at 2021-09-16 07:32:08 -0500
Processing by SessionsController#create as HTML
  Parameters: {"authenticity_token"=>"[FILTERED]", "email"=>";lk", "username"=>";lk", "password"=>"[FILTERED]", "commit"=>"Create Account!"}
  [1m[36mUser Load (0.8ms)[0m  [1m[34mSELECT "users".* FROM "users" WHERE "users"."email" = ? LIMIT ?[0m  [["email", ";lk"], ["LIMIT", 1]]
  â†³ app/controllers/sessions_controller.rb:3:in `create'
Redirected to http://127.0.0.1:3000/signin
Completed 302 Found in 9ms (ActiveRecord: 0.8ms | Allocations: 985)


Started GET "/signin" for 127.0.0.1 at 2021-09-16 07:32:08 -0500
  
ActionController::RoutingError (No route matches [GET] "/signin"):
  
Started GET "/signin" for 127.0.0.1 at 2021-09-16 07:35:03 -0500
  
ActionController::RoutingError (No route matches [GET] "/signin"):
  
Started GET "/users/new" for 127.0.0.1 at 2021-09-16 07:35:37 -0500
Processing by UsersController#new as HTML
  [1m[35m (0.0ms)[0m  [1m[34mSELECT sqlite_version(*)[0m
  â†³ app/controllers/users_controller.rb:3:in `new'
  Rendering layout layouts/application.html.erb
  Rendering users/new.erb within layouts/application
  Rendered users/new.erb within layouts/application (Duration: 0.9ms | Allocations: 1551)
[Webpacker] Everything's up-to-date. Nothing to do
  Rendered layout layouts/application.html.erb (Duration: 16.7ms | Allocations: 4523)
Completed 200 OK in 32ms (Views: 19.0ms | ActiveRecord: 2.3ms | Allocations: 9406)


Started POST "/sessions" for 127.0.0.1 at 2021-09-16 07:35:40 -0500
Processing by SessionsController#create as HTML
  Parameters: {"authenticity_token"=>"[FILTERED]", "email"=>"lk", "username"=>";lk", "password"=>"[FILTERED]", "commit"=>"Create Account!"}
  [1m[36mUser Load (0.4ms)[0m  [1m[34mSELECT "users".* FROM "users" WHERE "users"."email" = ? LIMIT ?[0m  [["email", "lk"], ["LIMIT", 1]]
  â†³ app/controllers/sessions_controller.rb:3:in `create'
Redirected to http://127.0.0.1:3000/signin
Completed 302 Found in 9ms (ActiveRecord: 0.4ms | Allocations: 981)


Started GET "/signin" for 127.0.0.1 at 2021-09-16 07:35:40 -0500
Processing by UsersController#new as HTML
  Rendering layout layouts/application.html.erb
  Rendering users/new.erb within layouts/application
  Rendered users/new.erb within layouts/application (Duration: 4.3ms | Allocations: 1561)
[Webpacker] Everything's up-to-date. Nothing to do
  Rendered layout layouts/application.html.erb (Duration: 24.6ms | Allocations: 4545)
Completed 200 OK in 29ms (Views: 27.2ms | ActiveRecord: 0.0ms | Allocations: 4934)


  [1m[35m (0.7ms)[0m  [1m[34mSELECT sqlite_version(*)[0m
  [1m[36mUser Load (0.2ms)[0m  [1m[34mSELECT "users".* FROM "users" /* loading for inspect */ LIMIT ?[0m  [["LIMIT", 11]]
Started GET "/signin" for 127.0.0.1 at 2021-09-16 07:36:52 -0500
  
ActionController::RoutingError (No route matches [GET] "/signin"):
  
Started GET "/users/new" for 127.0.0.1 at 2021-09-16 07:36:54 -0500
Processing by UsersController#new as HTML
  [1m[35m (0.1ms)[0m  [1m[34mSELECT sqlite_version(*)[0m
  â†³ app/controllers/users_controller.rb:3:in `new'
  Rendering layout layouts/application.html.erb
  Rendering users/new.erb within layouts/application
  Rendered users/new.erb within layouts/application (Duration: 12.4ms | Allocations: 1242)
  Rendered layout layouts/application.html.erb (Duration: 13.7ms | Allocations: 1312)
Completed 500 Internal Server Error in 28ms (ActiveRecord: 1.5ms | Allocations: 6777)


  
ActionView::Template::Error (First argument in form cannot contain nil or be empty):
    1: <h1> Signup </h1>
    2: 
    3: 
    4: <%= form_for @designer, url:'/signup' do |f| %>
    5:     <%= f.label :username %>
    6:     <%= f.text_field :username %> <br>
    7:  
  
app/views/users/new.erb:4
Started GET "/users/new" for 127.0.0.1 at 2021-09-16 07:37:10 -0500
Processing by UsersController#new as HTML
  Rendering layout layouts/application.html.erb
  Rendering users/new.erb within layouts/application
  Rendered users/new.erb within layouts/application (Duration: 146.4ms | Allocations: 9124)
  Rendered layout layouts/application.html.erb (Duration: 148.9ms | Allocations: 9194)
Completed 500 Internal Server Error in 157ms (ActiveRecord: 0.0ms | Allocations: 10306)


  
ActionView::Template::Error (undefined local variable or method `new_session_path' for #<ActionView::Base:0x007f036d2479e0>
Did you mean?  new_user_path):
    12:     <%= f.password_field :password %> <br>
    13:  
    14:     <%= f.submit "Sumbit" %> <br>
    15:     <%= link_to "Already have an accout", new_session_path %> <br>
    16:  
    17:  <% end %>
  
app/views/users/new.erb:15
app/views/users/new.erb:4
Started GET "/users/new" for 127.0.0.1 at 2021-09-16 07:38:02 -0500
Processing by UsersController#new as HTML
  [1m[35m (0.0ms)[0m  [1m[34mSELECT sqlite_version(*)[0m
  â†³ app/controllers/users_controller.rb:3:in `new'
  Rendering layout layouts/application.html.erb
  Rendering users/new.erb within layouts/application
  Rendered users/new.erb within layouts/application (Duration: 15.9ms | Allocations: 5353)
  Rendered layout layouts/application.html.erb (Duration: 17.7ms | Allocations: 5423)
Completed 500 Internal Server Error in 33ms (ActiveRecord: 1.0ms | Allocations: 10888)


  
ActionView::Template::Error (undefined local variable or method `new_session_path' for #<ActionView::Base:0x007f036ce17988>
Did you mean?  new_user_path):
    12:     <%= f.password_field :password %> <br>
    13:  
    14:     <%= f.submit "Sumbit" %> <br>
    15:     <%= link_to "Already have an accout", new_session_path %> <br>
    16:  
    17:  <% end %>
  
app/views/users/new.erb:15
app/views/users/new.erb:4
Started GET "/users/new" for 127.0.0.1 at 2021-09-16 07:40:10 -0500
Processing by UsersController#new as HTML
  [1m[35m (0.0ms)[0m  [1m[34mSELECT sqlite_version(*)[0m
  â†³ app/controllers/users_controller.rb:3:in `new'
  Rendering layout layouts/application.html.erb
  Rendering users/new.erb within layouts/application
  Rendered users/new.erb within layouts/application (Duration: 24.6ms | Allocations: 4269)
  Rendered layout layouts/application.html.erb (Duration: 25.9ms | Allocations: 4339)
Completed 500 Internal Server Error in 65ms (ActiveRecord: 1.6ms | Allocations: 9820)


  
ActionView::Template::Error (undefined local variable or method `new_session_path' for #<ActionView::Base:0x007fffbf0ea738>
Did you mean?  new_user_path):
    11:     <%= f.password_field :password %> <br>
    12:  
    13:     <%= f.submit "Sumbit" %> <br>
    14:     <%= link_to "Already have an accout", new_session_path %> <br>
    15:  
    16:  <% end %>
  
app/views/users/new.erb:14
app/views/users/new.erb:3
Started GET "/users/new" for 127.0.0.1 at 2021-09-16 07:40:13 -0500
Processing by UsersController#new as HTML
  Rendering layout layouts/application.html.erb
  Rendering users/new.erb within layouts/application
  Rendered users/new.erb within layouts/application (Duration: 15.0ms | Allocations: 3971)
  Rendered layout layouts/application.html.erb (Duration: 17.2ms | Allocations: 4041)
Completed 500 Internal Server Error in 20ms (ActiveRecord: 0.0ms | Allocations: 4410)


  
ActionView::Template::Error (undefined local variable or method `new_session_path' for #<ActionView::Base:0x007fffbf555e30>
Did you mean?  new_user_path):
    11:     <%= f.password_field :password %> <br>
    12:  
    13:     <%= f.submit "Sumbit" %> <br>
    14:     <%= link_to "Already have an accout", new_session_path %> <br>
    15:  
    16:  <% end %>
  
app/views/users/new.erb:14
app/views/users/new.erb:3
Started GET "/users/new" for 127.0.0.1 at 2021-09-16 07:40:14 -0500
Processing by UsersController#new as HTML
  Rendering layout layouts/application.html.erb
  Rendering users/new.erb within layouts/application
  Rendered users/new.erb within layouts/application (Duration: 20.1ms | Allocations: 3971)
  Rendered layout layouts/application.html.erb (Duration: 21.9ms | Allocations: 4041)
Completed 500 Internal Server Error in 24ms (ActiveRecord: 0.0ms | Allocations: 4409)


  
ActionView::Template::Error (undefined local variable or method `new_session_path' for #<ActionView::Base:0x007fffbecfb988>
Did you mean?  new_user_path):
    11:     <%= f.password_field :password %> <br>
    12:  
    13:     <%= f.submit "Sumbit" %> <br>
    14:     <%= link_to "Already have an accout", new_session_path %> <br>
    15:  
    16:  <% end %>
  
app/views/users/new.erb:14
app/views/users/new.erb:3
Started GET "/users/new" for 127.0.0.1 at 2021-09-16 07:41:07 -0500
Processing by UsersController#new as HTML
  Rendering layout layouts/application.html.erb
  Rendering users/new.erb within layouts/application
  Rendered users/new.erb within layouts/application (Duration: 28.0ms | Allocations: 4294)
  Rendered layout layouts/application.html.erb (Duration: 30.4ms | Allocations: 4364)
Completed 500 Internal Server Error in 38ms (ActiveRecord: 0.0ms | Allocations: 5476)


  
ActionView::Template::Error (undefined local variable or method `new_session_path' for #<ActionView::Base:0x007fffbeec9620>
Did you mean?  new_user_path):
    15:  <% end %>
    16: 
    17: 
    18:  <%= link_to "Already have an accout", new_session_path %> <br>
    19:  
  
app/views/users/new.erb:18
Started GET "/users/new" for 127.0.0.1 at 2021-09-16 07:41:24 -0500
Processing by UsersController#new as HTML
  Rendering layout layouts/application.html.erb
  Rendering users/new.erb within layouts/application
  Rendered users/new.erb within layouts/application (Duration: 13.6ms | Allocations: 1013)
[Webpacker] Everything's up-to-date. Nothing to do
  Rendered layout layouts/application.html.erb (Duration: 30.3ms | Allocations: 4274)
Completed 200 OK in 35ms (Views: 33.7ms | ActiveRecord: 0.0ms | Allocations: 5408)


Started GET "/users/new" for 127.0.0.1 at 2021-09-16 07:41:27 -0500
Processing by UsersController#new as HTML
  Rendering layout layouts/application.html.erb
  Rendering users/new.erb within layouts/application
  Rendered users/new.erb within layouts/application (Duration: 2.5ms | Allocations: 746)
[Webpacker] Everything's up-to-date. Nothing to do
  Rendered layout layouts/application.html.erb (Duration: 17.3ms | Allocations: 3813)
Completed 200 OK in 20ms (Views: 19.0ms | ActiveRecord: 0.0ms | Allocations: 4205)


Started POST "/signup" for 127.0.0.1 at 2021-09-16 07:41:42 -0500
Processing by UsersController#create as HTML
  Parameters: {"authenticity_token"=>"[FILTERED]", "user"=>{"username"=>"lkj", "email"=>"lkj@gmail.com", "password"=>"[FILTERED]"}, "commit"=>"Sumbit"}
Completed 500 Internal Server Error in 7ms (ActiveRecord: 0.0ms | Allocations: 2599)


  
NameError (undefined local variable or method `user_params' for #<UsersController:0x007f03808b4068>
Did you mean?  user_path):
  
app/controllers/users_controller.rb:7:in `create'
Started POST "/signup" for 127.0.0.1 at 2021-09-16 07:43:10 -0500
Processing by UsersController#create as HTML
  Parameters: {"authenticity_token"=>"[FILTERED]", "user"=>{"username"=>"lkj", "email"=>"lkj@gmail.com", "password"=>"[FILTERED]"}, "commit"=>"Sumbit"}
  [1m[35m (0.0ms)[0m  [1m[34mSELECT sqlite_version(*)[0m
  â†³ app/controllers/users_controller.rb:7:in `create'
  [1m[36mTRANSACTION (0.1ms)[0m  [1m[36mbegin transaction[0m
  â†³ app/controllers/users_controller.rb:8:in `create'
  [1m[36mUser Exists? (0.4ms)[0m  [1m[34mSELECT 1 AS one FROM "users" WHERE "users"."email" = ? LIMIT ?[0m  [["email", "lkj@gmail.com"], ["LIMIT", 1]]
  â†³ app/controllers/users_controller.rb:8:in `create'
  [1m[36mUser Create (2.9ms)[0m  [1m[32mINSERT INTO "users" ("username", "email", "password_digest", "created_at", "updated_at") VALUES (?, ?, ?, ?, ?)[0m  [["username", "lkj"], ["email", "lkj@gmail.com"], ["password_digest", "$2a$12$Z5xtCemazwUN1qs2eGnHV.aooX4X60VCJ2xHJu31BI3D434fwViKO"], ["created_at", "2021-09-16 12:43:11.015367"], ["updated_at", "2021-09-16 12:43:11.015367"]]
  â†³ app/controllers/users_controller.rb:8:in `create'
  [1m[36mTRANSACTION (8.9ms)[0m  [1m[36mcommit transaction[0m
  â†³ app/controllers/users_controller.rb:8:in `create'
Redirected to http://127.0.0.1:3000/users/2
Completed 302 Found in 224ms (ActiveRecord: 13.3ms | Allocations: 11213)


Started GET "/users/2" for 127.0.0.1 at 2021-09-16 07:43:11 -0500
Processing by UsersController#show as HTML
  Parameters: {"id"=>"2"}
  [1m[36mUser Load (0.2ms)[0m  [1m[34mSELECT "users".* FROM "users" WHERE "users"."id" = ? LIMIT ?[0m  [["id", 2], ["LIMIT", 1]]
  â†³ app/controllers/users_controller.rb:17:in `show'
  Rendering layout layouts/application.html.erb
  Rendering users/show.erb within layouts/application
  Rendered users/show.erb within layouts/application (Duration: 1.0ms | Allocations: 132)
[Webpacker] Everything's up-to-date. Nothing to do
  Rendered layout layouts/application.html.erb (Duration: 15.4ms | Allocations: 3394)
Completed 200 OK in 24ms (Views: 19.6ms | ActiveRecord: 0.2ms | Allocations: 5188)


Started GET "/users/2" for 127.0.0.1 at 2021-09-16 09:41:43 -0500
Processing by UsersController#show as HTML
  Parameters: {"id"=>"2"}
  [1m[35m (0.1ms)[0m  [1m[34mSELECT sqlite_version(*)[0m
  â†³ app/controllers/users_controller.rb:17:in `show'
  [1m[36mUser Load (0.3ms)[0m  [1m[34mSELECT "users".* FROM "users" WHERE "users"."id" = ? LIMIT ?[0m  [["id", 2], ["LIMIT", 1]]
  â†³ app/controllers/users_controller.rb:17:in `show'
  Rendering layout layouts/application.html.erb
  Rendering users/show.erb within layouts/application
  Rendered users/show.erb within layouts/application (Duration: 0.2ms | Allocations: 40)
[Webpacker] Everything's up-to-date. Nothing to do
  Rendered layout layouts/application.html.erb (Duration: 21.4ms | Allocations: 3108)
Completed 200 OK in 31ms (Views: 23.2ms | ActiveRecord: 0.7ms | Allocations: 5170)


Started GET "/users" for 127.0.0.1 at 2021-09-16 09:41:53 -0500
  
AbstractController::ActionNotFound (The action 'index' could not be found for UsersController):
  
actionpack (6.1.4.1) lib/abstract_controller/base.rb:160:in `process'
actionview (6.1.4.1) lib/action_view/rendering.rb:39:in `process'
actionpack (6.1.4.1) lib/action_controller/metal.rb:190:in `dispatch'
actionpack (6.1.4.1) lib/action_controller/metal.rb:254:in `dispatch'
actionpack (6.1.4.1) lib/action_dispatch/routing/route_set.rb:50:in `dispatch'
actionpack (6.1.4.1) lib/action_dispatch/routing/route_set.rb:33:in `serve'
actionpack (6.1.4.1) lib/action_dispatch/journey/router.rb:50:in `block in serve'
actionpack (6.1.4.1) lib/action_dispatch/journey/router.rb:32:in `each'
actionpack (6.1.4.1) lib/action_dispatch/journey/router.rb:32:in `serve'
actionpack (6.1.4.1) lib/action_dispatch/routing/route_set.rb:842:in `call'
rack (2.2.3) lib/rack/tempfile_reaper.rb:15:in `call'
rack (2.2.3) lib/rack/etag.rb:27:in `call'
rack (2.2.3) lib/rack/conditional_get.rb:27:in `call'
rack (2.2.3) lib/rack/head.rb:12:in `call'
actionpack (6.1.4.1) lib/action_dispatch/http/permissions_policy.rb:22:in `call'
actionpack (6.1.4.1) lib/action_dispatch/http/content_security_policy.rb:18:in `call'
rack (2.2.3) lib/rack/session/abstract/id.rb:266:in `context'
rack (2.2.3) lib/rack/session/abstract/id.rb:260:in `call'
actionpack (6.1.4.1) lib/action_dispatch/middleware/cookies.rb:689:in `call'
activerecord (6.1.4.1) lib/active_record/migration.rb:601:in `call'
actionpack (6.1.4.1) lib/action_dispatch/middleware/callbacks.rb:27:in `block in call'
activesupport (6.1.4.1) lib/active_support/callbacks.rb:98:in `run_callbacks'
actionpack (6.1.4.1) lib/action_dispatch/middleware/callbacks.rb:26:in `call'
actionpack (6.1.4.1) lib/action_dispatch/middleware/executor.rb:14:in `call'
actionpack (6.1.4.1) lib/action_dispatch/middleware/actionable_exceptions.rb:18:in `call'
actionpack (6.1.4.1) lib/action_dispatch/middleware/debug_exceptions.rb:29:in `call'
web-console (4.1.0) lib/web_console/middleware.rb:132:in `call_app'
web-console (4.1.0) lib/web_console/middleware.rb:28:in `block in call'
web-console (4.1.0) lib/web_console/middleware.rb:17:in `catch'
web-console (4.1.0) lib/web_console/middleware.rb:17:in `call'
actionpack (6.1.4.1) lib/action_dispatch/middleware/show_exceptions.rb:33:in `call'
railties (6.1.4.1) lib/rails/rack/logger.rb:37:in `call_app'
railties (6.1.4.1) lib/rails/rack/logger.rb:26:in `block in call'
activesupport (6.1.4.1) lib/active_support/tagged_logging.rb:99:in `block in tagged'
activesupport (6.1.4.1) lib/active_support/tagged_logging.rb:37:in `tagged'
activesupport (6.1.4.1) lib/active_support/tagged_logging.rb:99:in `tagged'
railties (6.1.4.1) lib/rails/rack/logger.rb:26:in `call'
sprockets-rails (3.2.2) lib/sprockets/rails/quiet_assets.rb:13:in `call'
actionpack (6.1.4.1) lib/action_dispatch/middleware/remote_ip.rb:81:in `call'
actionpack (6.1.4.1) lib/action_dispatch/middleware/request_id.rb:26:in `call'
rack (2.2.3) lib/rack/method_override.rb:24:in `call'
rack (2.2.3) lib/rack/runtime.rb:22:in `call'
activesupport (6.1.4.1) lib/active_support/cache/strategy/local_cache_middleware.rb:29:in `call'
actionpack (6.1.4.1) lib/action_dispatch/middleware/executor.rb:14:in `call'
actionpack (6.1.4.1) lib/action_dispatch/middleware/static.rb:24:in `call'
rack (2.2.3) lib/rack/sendfile.rb:110:in `call'
actionpack (6.1.4.1) lib/action_dispatch/middleware/host_authorization.rb:98:in `call'
rack-mini-profiler (2.3.3) lib/mini_profiler/profiler.rb:393:in `call'
webpacker (5.4.3) lib/webpacker/dev_server_proxy.rb:25:in `perform_request'
rack-proxy (0.7.0) lib/rack/proxy.rb:63:in `call'
railties (6.1.4.1) lib/rails/engine.rb:539:in `call'
puma (5.4.0) lib/puma/configuration.rb:249:in `call'
puma (5.4.0) lib/puma/request.rb:77:in `block in handle_request'
puma (5.4.0) lib/puma/thread_pool.rb:340:in `with_force_shutdown'
puma (5.4.0) lib/puma/request.rb:76:in `handle_request'
puma (5.4.0) lib/puma/server.rb:440:in `process_client'
puma (5.4.0) lib/puma/thread_pool.rb:147:in `block in spawn_thread'
Started GET "/users" for 127.0.0.1 at 2021-09-16 09:42:00 -0500
  
AbstractController::ActionNotFound (The action 'index' could not be found for UsersController):
  
actionpack (6.1.4.1) lib/abstract_controller/base.rb:160:in `process'
actionview (6.1.4.1) lib/action_view/rendering.rb:39:in `process'
actionpack (6.1.4.1) lib/action_controller/metal.rb:190:in `dispatch'
actionpack (6.1.4.1) lib/action_controller/metal.rb:254:in `dispatch'
actionpack (6.1.4.1) lib/action_dispatch/routing/route_set.rb:50:in `dispatch'
actionpack (6.1.4.1) lib/action_dispatch/routing/route_set.rb:33:in `serve'
actionpack (6.1.4.1) lib/action_dispatch/journey/router.rb:50:in `block in serve'
actionpack (6.1.4.1) lib/action_dispatch/journey/router.rb:32:in `each'
actionpack (6.1.4.1) lib/action_dispatch/journey/router.rb:32:in `serve'
actionpack (6.1.4.1) lib/action_dispatch/routing/route_set.rb:842:in `call'
rack (2.2.3) lib/rack/tempfile_reaper.rb:15:in `call'
rack (2.2.3) lib/rack/etag.rb:27:in `call'
rack (2.2.3) lib/rack/conditional_get.rb:27:in `call'
rack (2.2.3) lib/rack/head.rb:12:in `call'
actionpack (6.1.4.1) lib/action_dispatch/http/permissions_policy.rb:22:in `call'
actionpack (6.1.4.1) lib/action_dispatch/http/content_security_policy.rb:18:in `call'
rack (2.2.3) lib/rack/session/abstract/id.rb:266:in `context'
rack (2.2.3) lib/rack/session/abstract/id.rb:260:in `call'
actionpack (6.1.4.1) lib/action_dispatch/middleware/cookies.rb:689:in `call'
activerecord (6.1.4.1) lib/active_record/migration.rb:601:in `call'
actionpack (6.1.4.1) lib/action_dispatch/middleware/callbacks.rb:27:in `block in call'
activesupport (6.1.4.1) lib/active_support/callbacks.rb:98:in `run_callbacks'
actionpack (6.1.4.1) lib/action_dispatch/middleware/callbacks.rb:26:in `call'
actionpack (6.1.4.1) lib/action_dispatch/middleware/executor.rb:14:in `call'
actionpack (6.1.4.1) lib/action_dispatch/middleware/actionable_exceptions.rb:18:in `call'
actionpack (6.1.4.1) lib/action_dispatch/middleware/debug_exceptions.rb:29:in `call'
web-console (4.1.0) lib/web_console/middleware.rb:132:in `call_app'
web-console (4.1.0) lib/web_console/middleware.rb:28:in `block in call'
web-console (4.1.0) lib/web_console/middleware.rb:17:in `catch'
web-console (4.1.0) lib/web_console/middleware.rb:17:in `call'
actionpack (6.1.4.1) lib/action_dispatch/middleware/show_exceptions.rb:33:in `call'
railties (6.1.4.1) lib/rails/rack/logger.rb:37:in `call_app'
railties (6.1.4.1) lib/rails/rack/logger.rb:26:in `block in call'
activesupport (6.1.4.1) lib/active_support/tagged_logging.rb:99:in `block in tagged'
activesupport (6.1.4.1) lib/active_support/tagged_logging.rb:37:in `tagged'
activesupport (6.1.4.1) lib/active_support/tagged_logging.rb:99:in `tagged'
railties (6.1.4.1) lib/rails/rack/logger.rb:26:in `call'
sprockets-rails (3.2.2) lib/sprockets/rails/quiet_assets.rb:13:in `call'
actionpack (6.1.4.1) lib/action_dispatch/middleware/remote_ip.rb:81:in `call'
actionpack (6.1.4.1) lib/action_dispatch/middleware/request_id.rb:26:in `call'
rack (2.2.3) lib/rack/method_override.rb:24:in `call'
rack (2.2.3) lib/rack/runtime.rb:22:in `call'
activesupport (6.1.4.1) lib/active_support/cache/strategy/local_cache_middleware.rb:29:in `call'
actionpack (6.1.4.1) lib/action_dispatch/middleware/executor.rb:14:in `call'
actionpack (6.1.4.1) lib/action_dispatch/middleware/static.rb:24:in `call'
rack (2.2.3) lib/rack/sendfile.rb:110:in `call'
actionpack (6.1.4.1) lib/action_dispatch/middleware/host_authorization.rb:98:in `call'
rack-mini-profiler (2.3.3) lib/mini_profiler/profiler.rb:393:in `call'
webpacker (5.4.3) lib/webpacker/dev_server_proxy.rb:25:in `perform_request'
rack-proxy (0.7.0) lib/rack/proxy.rb:63:in `call'
railties (6.1.4.1) lib/rails/engine.rb:539:in `call'
puma (5.4.0) lib/puma/configuration.rb:249:in `call'
puma (5.4.0) lib/puma/request.rb:77:in `block in handle_request'
puma (5.4.0) lib/puma/thread_pool.rb:340:in `with_force_shutdown'
puma (5.4.0) lib/puma/request.rb:76:in `handle_request'
puma (5.4.0) lib/puma/server.rb:440:in `process_client'
puma (5.4.0) lib/puma/thread_pool.rb:147:in `block in spawn_thread'
Started GET "/users/new" for 127.0.0.1 at 2021-09-16 09:42:04 -0500
Processing by UsersController#new as HTML
  Rendering layout layouts/application.html.erb
  Rendering users/new.erb within layouts/application
  Rendered users/new.erb within layouts/application (Duration: 26.4ms | Allocations: 1014)
[Webpacker] Everything's up-to-date. Nothing to do
  Rendered layout layouts/application.html.erb (Duration: 114.9ms | Allocations: 5837)
Completed 200 OK in 118ms (Views: 116.7ms | ActiveRecord: 0.0ms | Allocations: 6355)


Started GET "/users/new" for 127.0.0.1 at 2021-09-16 09:42:41 -0500
Processing by UsersController#new as HTML
  Rendering layout layouts/application.html.erb
  Rendering users/new.erb within layouts/application
  Rendered users/new.erb within layouts/application (Duration: 1.7ms | Allocations: 1291)
[Webpacker] Everything's up-to-date. Nothing to do
  Rendered layout layouts/application.html.erb (Duration: 28.1ms | Allocations: 7588)
Completed 200 OK in 37ms (Views: 34.8ms | ActiveRecord: 0.0ms | Allocations: 12011)


Started GET "/users/new" for 127.0.0.1 at 2021-09-16 09:43:33 -0500
Processing by UsersController#new as HTML
  Rendering layout layouts/application.html.erb
  Rendering users/new.erb within layouts/application
  Rendered users/new.erb within layouts/application (Duration: 20.4ms | Allocations: 4234)
  Rendered layout layouts/application.html.erb (Duration: 22.1ms | Allocations: 4304)
Completed 500 Internal Server Error in 27ms (ActiveRecord: 0.0ms | Allocations: 5412)


  
ActionView::Template::Error (undefined local variable or method `new_session_path' for #<ActionView::Base:0x007f036cbcc340>
Did you mean?  new_user_path):
    11:     <%= f.password_field :password %> <br>
    12:  
    13:     <%= f.submit "Submit" %> <br>
    14:     <%= link_to "Already have an accout", new_session_path %> <br>
    15:  
    16:  <% end %>
  
app/views/users/new.erb:14
app/views/users/new.erb:3
Started GET "/users/new" for 127.0.0.1 at 2021-09-16 09:48:14 -0500
Processing by UsersController#new as HTML
  [1m[35m (0.1ms)[0m  [1m[34mSELECT sqlite_version(*)[0m
  â†³ app/controllers/users_controller.rb:3:in `new'
  Rendering layout layouts/application.html.erb
  Rendering users/new.erb within layouts/application
  Rendered users/new.erb within layouts/application (Duration: 1.3ms | Allocations: 805)
[Webpacker] Everything's up-to-date. Nothing to do
  Rendered layout layouts/application.html.erb (Duration: 18.5ms | Allocations: 4058)
Completed 200 OK in 47ms (Views: 21.0ms | ActiveRecord: 0.3ms | Allocations: 8526)


Started GET "/sessions/new" for 127.0.0.1 at 2021-09-16 09:48:17 -0500
Processing by SessionsController#new as HTML
  Rendering layout layouts/application.html.erb
  Rendering sessions/new.erb within layouts/application
  Rendered sessions/new.erb within layouts/application (Duration: 19.6ms | Allocations: 3542)
  Rendered layout layouts/application.html.erb (Duration: 21.0ms | Allocations: 3612)
Completed 500 Internal Server Error in 26ms (ActiveRecord: 0.0ms | Allocations: 4544)


  
ActionView::Template::Error (undefined method `username_field_tag' for #<ActionView::Base:0x007f036cd4eba0>
Did you mean?  number_field_tag):
     5:    <%= email_field_tag :email %> <br> 
     6: 
     7:    <%= label_tag :username %> 
     8:    <%= username_field_tag :username %> <br> 
     9: 
    10:    <%= label_tag :password %> 
    11:    <%= password_field_tag :password %> <br>
  
app/views/sessions/new.erb:8
app/views/sessions/new.erb:3
Started GET "/sessions/new" for 127.0.0.1 at 2021-09-16 09:48:54 -0500
Processing by SessionsController#new as HTML
  Rendering layout layouts/application.html.erb
  Rendering sessions/new.erb within layouts/application
  Rendered sessions/new.erb within layouts/application (Duration: 11.8ms | Allocations: 3309)
  Rendered layout layouts/application.html.erb (Duration: 13.7ms | Allocations: 3379)
Completed 500 Internal Server Error in 17ms (ActiveRecord: 0.0ms | Allocations: 3734)


  
ActionView::Template::Error (undefined method `username_field_tag' for #<ActionView::Base:0x007f0380886d98>
Did you mean?  number_field_tag):
     5:    <%= email_field_tag :email %> <br> 
     6: 
     7:    <%= label_tag :username %> 
     8:    <%= name_field_tag :username %> <br> 
     9: 
    10:    <%= label_tag :password %> 
    11:    <%= password_field_tag :password %> <br>
  
app/views/sessions/new.erb:8
app/views/sessions/new.erb:3
Started GET "/sessions/new" for 127.0.0.1 at 2021-09-16 09:55:25 -0500
Processing by SessionsController#new as HTML
  Rendering layout layouts/application.html.erb
  Rendering sessions/new.erb within layouts/application
  Rendered sessions/new.erb within layouts/application (Duration: 13.8ms | Allocations: 3309)
  Rendered layout layouts/application.html.erb (Duration: 15.6ms | Allocations: 3379)
Completed 500 Internal Server Error in 19ms (Allocations: 3733)


  
ActionView::Template::Error (undefined method `username_field_tag' for #<ActionView::Base:0x007fffbe476a88>
Did you mean?  number_field_tag):
     5:    <%= email_field_tag :email %> <br> 
     6: 
     7:    <%= label_tag :username %> 
     8:    <%= text_field_tag :username %> <br> 
     9: 
    10:    <%= label_tag :password %> 
    11:    <%= password_field_tag :password %> <br>
  
app/views/sessions/new.erb:8
app/views/sessions/new.erb:3
Started GET "/sessions/new" for 127.0.0.1 at 2021-09-16 09:58:05 -0500
Processing by SessionsController#new as HTML
  Rendering layout layouts/application.html.erb
  Rendering sessions/new.erb within layouts/application
  Rendered sessions/new.erb within layouts/application (Duration: 15.2ms | Allocations: 3309)
  Rendered layout layouts/application.html.erb (Duration: 16.8ms | Allocations: 3379)
Completed 500 Internal Server Error in 19ms (Allocations: 3733)


  
ActionView::Template::Error (undefined method `username_field_tag' for #<ActionView::Base:0x007f03780b0450>
Did you mean?  number_field_tag):
     5: <%= form_for @user do |f| %>
     6:     <%= f.label :email %>
     7:     <%= f.text_field :email %>
     8:     <%= f.label :last_name %>
     9:     <%= f.text_field :last_name %>
    10:     <%= f.submit %>
    11:  <% end %>
  
app/views/sessions/new.erb:8
app/views/sessions/new.erb:3
Started GET "/sessions/new" for 127.0.0.1 at 2021-09-16 09:58:12 -0500
Processing by SessionsController#new as HTML
  Rendering layout layouts/application.html.erb
  Rendering sessions/new.erb within layouts/application
  Rendered sessions/new.erb within layouts/application (Duration: 13.7ms | Allocations: 3308)
  Rendered layout layouts/application.html.erb (Duration: 15.3ms | Allocations: 3378)
Completed 500 Internal Server Error in 18ms (Allocations: 3732)


  
ActionView::Template::Error (undefined method `username_field_tag' for #<ActionView::Base:0x007f03786399d0>
Did you mean?  number_field_tag):
     5: <%= form_for @user do |f| %>
     6:     <%= f.label :email %>
     7:     <%= f.text_field :email %>
     8:     <%= f.label :last_name %>
     9:     <%= f.text_field :last_name %>
    10:     <%= f.submit %>
    11:  <% end %>
  
app/views/sessions/new.erb:8
app/views/sessions/new.erb:3
Started GET "/sessions/new" for 127.0.0.1 at 2021-09-16 09:58:22 -0500
Processing by SessionsController#new as HTML
  Rendering layout layouts/application.html.erb
  Rendering sessions/new.erb within layouts/application
  Rendered sessions/new.erb within layouts/application (Duration: 15.7ms | Allocations: 3308)
  Rendered layout layouts/application.html.erb (Duration: 17.2ms | Allocations: 3378)
Completed 500 Internal Server Error in 19ms (Allocations: 3732)


  
ActionView::Template::Error (undefined method `username_field_tag' for #<ActionView::Base:0x007f03791706f0>
Did you mean?  number_field_tag):
     5: <%= form_for @user do |f| %>
     6:     <%= f.label :email %>
     7:     <%= f.text_field :email %>
     8:     <%= f.label :username %>
     9:     <%= f.text_field :username %>
    10:     <%= f.submit %>
    11:  <% end %>
  
app/views/sessions/new.erb:8
app/views/sessions/new.erb:3
Started GET "/sessions/new" for 127.0.0.1 at 2021-09-16 09:58:23 -0500
Processing by SessionsController#new as HTML
  Rendering layout layouts/application.html.erb
  Rendering sessions/new.erb within layouts/application
  Rendered sessions/new.erb within layouts/application (Duration: 12.1ms | Allocations: 3308)
  Rendered layout layouts/application.html.erb (Duration: 13.6ms | Allocations: 3378)
Completed 500 Internal Server Error in 16ms (Allocations: 3732)


  
ActionView::Template::Error (undefined method `username_field_tag' for #<ActionView::Base:0x007fffbf3e7738>
Did you mean?  number_field_tag):
     5: <%= form_for @user do |f| %>
     6:     <%= f.label :email %>
     7:     <%= f.text_field :email %>
     8:     <%= f.label :username %>
     9:     <%= f.text_field :username %>
    10:     <%= f.submit %>
    11:  <% end %>
  
app/views/sessions/new.erb:8
app/views/sessions/new.erb:3
Started GET "/sessions/new" for 127.0.0.1 at 2021-09-16 09:58:31 -0500
Processing by SessionsController#new as HTML
  Rendering layout layouts/application.html.erb
  Rendering sessions/new.erb within layouts/application
  Rendered sessions/new.erb within layouts/application (Duration: 14.0ms | Allocations: 3308)
  Rendered layout layouts/application.html.erb (Duration: 15.6ms | Allocations: 3378)
Completed 500 Internal Server Error in 18ms (Allocations: 3732)


  
ActionView::Template::Error (undefined method `username_field_tag' for #<ActionView::Base:0x007f038080a040>
Did you mean?  number_field_tag):
     5:    <%= email_field_tag :email %> <br> 
     6: 
     7:    <%= label_tag :username %> 
     8:    <%= text_field_tag :username %> <br> 
     9: 
    10:    <%= label_tag :password %> 
    11:    <%= password_field_tag :password %> <br>
  
app/views/sessions/new.erb:8
app/views/sessions/new.erb:3
Started GET "/sessions/new" for 127.0.0.1 at 2021-09-16 09:58:32 -0500
Processing by SessionsController#new as HTML
  Rendering layout layouts/application.html.erb
  Rendering sessions/new.erb within layouts/application
  Rendered sessions/new.erb within layouts/application (Duration: 15.8ms | Allocations: 3308)
  Rendered layout layouts/application.html.erb (Duration: 17.8ms | Allocations: 3378)
Completed 500 Internal Server Error in 21ms (Allocations: 3732)


  
ActionView::Template::Error (undefined method `username_field_tag' for #<ActionView::Base:0x007f03786984d0>
Did you mean?  number_field_tag):
     5:    <%= email_field_tag :email %> <br> 
     6: 
     7:    <%= label_tag :username %> 
     8:    <%= text_field_tag :username %> <br> 
     9: 
    10:    <%= label_tag :password %> 
    11:    <%= password_field_tag :password %> <br>
  
app/views/sessions/new.erb:8
app/views/sessions/new.erb:3
Started GET "/sessions/new" for 127.0.0.1 at 2021-09-16 09:58:33 -0500
Processing by SessionsController#new as HTML
  Rendering layout layouts/application.html.erb
  Rendering sessions/new.erb within layouts/application
  Rendered sessions/new.erb within layouts/application (Duration: 16.2ms | Allocations: 3308)
  Rendered layout layouts/application.html.erb (Duration: 18.4ms | Allocations: 3378)
Completed 500 Internal Server Error in 21ms (Allocations: 3732)


  
ActionView::Template::Error (undefined method `username_field_tag' for #<ActionView::Base:0x007f0379043070>
Did you mean?  number_field_tag):
     5:    <%= email_field_tag :email %> <br> 
     6: 
     7:    <%= label_tag :username %> 
     8:    <%= text_field_tag :username %> <br> 
     9: 
    10:    <%= label_tag :password %> 
    11:    <%= password_field_tag :password %> <br>
  
app/views/sessions/new.erb:8
app/views/sessions/new.erb:3
Started GET "/sessions/new" for 127.0.0.1 at 2021-09-16 09:58:36 -0500
Processing by SessionsController#new as HTML
  Rendering layout layouts/application.html.erb
  Rendering sessions/new.erb within layouts/application
  Rendered sessions/new.erb within layouts/application (Duration: 14.0ms | Allocations: 3308)
  Rendered layout layouts/application.html.erb (Duration: 16.1ms | Allocations: 3378)
Completed 500 Internal Server Error in 20ms (Allocations: 3732)


  
ActionView::Template::Error (undefined method `username_field_tag' for #<ActionView::Base:0x007fffbdec90e0>
Did you mean?  number_field_tag):
     5:    <%= email_field_tag :email %> <br> 
     6: 
     7:    <%= label_tag :username %> 
     8:    <%= text_field_tag :username %> <br> 
     9: 
    10:    <%= label_tag :password %> 
    11:    <%= password_field_tag :password %> <br>
  
app/views/sessions/new.erb:8
app/views/sessions/new.erb:3
Started GET "/sessions/new" for 127.0.0.1 at 2021-09-16 09:59:09 -0500
Processing by SessionsController#new as HTML
  Rendering layout layouts/application.html.erb
  Rendering sessions/new.erb within layouts/application
  Rendered sessions/new.erb within layouts/application (Duration: 12.7ms | Allocations: 3308)
  Rendered layout layouts/application.html.erb (Duration: 14.4ms | Allocations: 3378)
Completed 500 Internal Server Error in 17ms (Allocations: 3732)


  
ActionView::Template::Error (undefined method `username_field_tag' for #<ActionView::Base:0x007f036d2441a0>
Did you mean?  number_field_tag):
  
app/views/sessions/new.erb:8
app/views/sessions/new.erb:3
Started GET "/sessions/new" for 127.0.0.1 at 2021-09-16 09:59:10 -0500
Processing by SessionsController#new as HTML
  Rendering layout layouts/application.html.erb
  Rendering sessions/new.erb within layouts/application
  Rendered sessions/new.erb within layouts/application (Duration: 16.7ms | Allocations: 3308)
  Rendered layout layouts/application.html.erb (Duration: 18.6ms | Allocations: 3378)
Completed 500 Internal Server Error in 21ms (Allocations: 3732)


  
ActionView::Template::Error (undefined method `username_field_tag' for #<ActionView::Base:0x007f03781a0fb8>
Did you mean?  number_field_tag):
  
app/views/sessions/new.erb:8
app/views/sessions/new.erb:3
Started GET "/sessions/new" for 127.0.0.1 at 2021-09-16 09:59:11 -0500
Processing by SessionsController#new as HTML
  Rendering layout layouts/application.html.erb
  Rendering sessions/new.erb within layouts/application
  Rendered sessions/new.erb within layouts/application (Duration: 12.0ms | Allocations: 3308)
  Rendered layout layouts/application.html.erb (Duration: 13.7ms | Allocations: 3378)
Completed 500 Internal Server Error in 18ms (Allocations: 3732)


  
ActionView::Template::Error (undefined method `username_field_tag' for #<ActionView::Base:0x007f0379067010>
Did you mean?  number_field_tag):
  
app/views/sessions/new.erb:8
app/views/sessions/new.erb:3
Started GET "/sessions/new" for 127.0.0.1 at 2021-09-16 09:59:12 -0500
Processing by SessionsController#new as HTML
  Rendering layout layouts/application.html.erb
  Rendering sessions/new.erb within layouts/application
  Rendered sessions/new.erb within layouts/application (Duration: 12.4ms | Allocations: 3308)
  Rendered layout layouts/application.html.erb (Duration: 13.8ms | Allocations: 3378)
Completed 500 Internal Server Error in 16ms (Allocations: 3732)


  
ActionView::Template::Error (undefined method `username_field_tag' for #<ActionView::Base:0x007fffbf1a7b30>
Did you mean?  number_field_tag):
  
app/views/sessions/new.erb:8
app/views/sessions/new.erb:3
Started GET "/sessions/new" for 127.0.0.1 at 2021-09-16 09:59:12 -0500
Processing by SessionsController#new as HTML
  Rendering layout layouts/application.html.erb
  Rendering sessions/new.erb within layouts/application
  Rendered sessions/new.erb within layouts/application (Duration: 18.3ms | Allocations: 3308)
  Rendered layout layouts/application.html.erb (Duration: 20.2ms | Allocations: 3378)
Completed 500 Internal Server Error in 23ms (Allocations: 3732)


  
ActionView::Template::Error (undefined method `username_field_tag' for #<ActionView::Base:0x007f036cc61f30>
Did you mean?  number_field_tag):
  
app/views/sessions/new.erb:8
app/views/sessions/new.erb:3
Started GET "/sessions/new" for 127.0.0.1 at 2021-09-16 09:59:17 -0500
Processing by SessionsController#new as HTML
  Rendering layout layouts/application.html.erb
  Rendering sessions/new.erb within layouts/application
  Rendered sessions/new.erb within layouts/application (Duration: 14.0ms | Allocations: 3308)
  Rendered layout layouts/application.html.erb (Duration: 16.0ms | Allocations: 3378)
Completed 500 Internal Server Error in 19ms (Allocations: 3732)


  
ActionView::Template::Error (undefined method `username_field_tag' for #<ActionView::Base:0x007f0378f25aa8>
Did you mean?  number_field_tag):
  
app/views/sessions/new.erb:8
app/views/sessions/new.erb:3
Started GET "/users/new" for 127.0.0.1 at 2021-09-16 09:59:22 -0500
Processing by UsersController#new as HTML
  Rendering layout layouts/application.html.erb
  Rendering users/new.erb within layouts/application
  Rendered users/new.erb within layouts/application (Duration: 1.1ms | Allocations: 748)
[Webpacker] Everything's up-to-date. Nothing to do
  Rendered layout layouts/application.html.erb (Duration: 19.7ms | Allocations: 3831)
Completed 200 OK in 22ms (Views: 21.4ms | Allocations: 4222)


Started GET "/users/new" for 127.0.0.1 at 2021-09-16 09:59:23 -0500
Processing by UsersController#new as HTML
  Rendering layout layouts/application.html.erb
  Rendering users/new.erb within layouts/application
  Rendered users/new.erb within layouts/application (Duration: 1.2ms | Allocations: 741)
[Webpacker] Everything's up-to-date. Nothing to do
  Rendered layout layouts/application.html.erb (Duration: 31.2ms | Allocations: 4133)
Completed 200 OK in 34ms (Views: 32.5ms | Allocations: 4524)


Started GET "/sessions/new" for 127.0.0.1 at 2021-09-16 09:59:24 -0500
Processing by SessionsController#new as HTML
  Rendering layout layouts/application.html.erb
  Rendering sessions/new.erb within layouts/application
  Rendered sessions/new.erb within layouts/application (Duration: 10.2ms | Allocations: 3308)
  Rendered layout layouts/application.html.erb (Duration: 15.6ms | Allocations: 3473)
Completed 500 Internal Server Error in 18ms (Allocations: 3839)


  
ActionView::Template::Error (undefined method `username_field_tag' for #<ActionView::Base:0x007f036ceb22f8>
Did you mean?  number_field_tag):
  
app/views/sessions/new.erb:8
app/views/sessions/new.erb:3
Started GET "/sessions/new" for 127.0.0.1 at 2021-09-16 09:59:44 -0500
  [1m[35m (7.7ms)[0m  [1m[34mSELECT sqlite_version(*)[0m
  [1m[35m (0.4ms)[0m  [1m[34mSELECT "schema_migrations"."version" FROM "schema_migrations" ORDER BY "schema_migrations"."version" ASC[0m
Processing by SessionsController#new as HTML
  Rendering layout layouts/application.html.erb
  Rendering sessions/new.erb within layouts/application
  Rendered sessions/new.erb within layouts/application (Duration: 8.1ms | Allocations: 227)
[Webpacker] Everything's up-to-date. Nothing to do
  Rendered layout layouts/application.html.erb (Duration: 104.5ms | Allocations: 5803)
Completed 200 OK in 168ms (Views: 133.6ms | ActiveRecord: 0.0ms | Allocations: 8255)


Started GET "/sessions/new" for 127.0.0.1 at 2021-09-16 09:59:53 -0500
Processing by SessionsController#new as HTML
  Rendering layout layouts/application.html.erb
  Rendering sessions/new.erb within layouts/application
  Rendered sessions/new.erb within layouts/application (Duration: 12.3ms | Allocations: 451)
[Webpacker] Everything's up-to-date. Nothing to do
  Rendered layout layouts/application.html.erb (Duration: 29.2ms | Allocations: 3701)
Completed 200 OK in 37ms (Views: 33.2ms | ActiveRecord: 0.0ms | Allocations: 4731)


Started GET "/sessions/new" for 127.0.0.1 at 2021-09-16 10:00:02 -0500
Processing by SessionsController#new as HTML
  Rendering layout layouts/application.html.erb
  Rendering sessions/new.erb within layouts/application
  Rendered sessions/new.erb within layouts/application (Duration: 6.8ms | Allocations: 501)
[Webpacker] Everything's up-to-date. Nothing to do
  Rendered layout layouts/application.html.erb (Duration: 23.2ms | Allocations: 3751)
Completed 200 OK in 29ms (Views: 27.2ms | ActiveRecord: 0.0ms | Allocations: 4781)


Started GET "/sessions/new" for 127.0.0.1 at 2021-09-16 10:00:13 -0500
Processing by SessionsController#new as HTML
  Rendering layout layouts/application.html.erb
  Rendering sessions/new.erb within layouts/application
  Rendered sessions/new.erb within layouts/application (Duration: 13.0ms | Allocations: 585)
[Webpacker] Everything's up-to-date. Nothing to do
  Rendered layout layouts/application.html.erb (Duration: 30.1ms | Allocations: 3846)
Completed 200 OK in 35ms (Views: 33.8ms | ActiveRecord: 0.0ms | Allocations: 4881)


Started GET "/sessions/new" for 127.0.0.1 at 2021-09-16 10:00:15 -0500
Processing by SessionsController#new as HTML
  Rendering layout layouts/application.html.erb
  Rendering sessions/new.erb within layouts/application
  Rendered sessions/new.erb within layouts/application (Duration: 0.5ms | Allocations: 323)
[Webpacker] Everything's up-to-date. Nothing to do
  Rendered layout layouts/application.html.erb (Duration: 15.5ms | Allocations: 3382)
Completed 200 OK in 17ms (Views: 16.8ms | ActiveRecord: 0.0ms | Allocations: 3758)


Started GET "/users/new" for 127.0.0.1 at 2021-09-16 10:00:17 -0500
Processing by UsersController#new as HTML
  Rendering layout layouts/application.html.erb
  Rendering users/new.erb within layouts/application
  Rendered users/new.erb within layouts/application (Duration: 112.7ms | Allocations: 2955)
[Webpacker] Everything's up-to-date. Nothing to do
  Rendered layout layouts/application.html.erb (Duration: 125.1ms | Allocations: 5987)
Completed 200 OK in 138ms (Views: 127.6ms | ActiveRecord: 1.4ms | Allocations: 11244)


Started POST "/signup" for 127.0.0.1 at 2021-09-16 10:00:27 -0500
Processing by UsersController#create as HTML
  Parameters: {"authenticity_token"=>"[FILTERED]", "user"=>{"username"=>"Jess", "email"=>"j@gmail.com", "password"=>"[FILTERED]"}, "commit"=>"Submit"}
  [1m[36mTRANSACTION (0.0ms)[0m  [1m[36mbegin transaction[0m
  â†³ app/controllers/users_controller.rb:8:in `create'
  [1m[36mUser Exists? (0.4ms)[0m  [1m[34mSELECT 1 AS one FROM "users" WHERE "users"."email" = ? LIMIT ?[0m  [["email", "j@gmail.com"], ["LIMIT", 1]]
  â†³ app/controllers/users_controller.rb:8:in `create'
  [1m[36mUser Create (6.5ms)[0m  [1m[32mINSERT INTO "users" ("username", "email", "password_digest", "created_at", "updated_at") VALUES (?, ?, ?, ?, ?)[0m  [["username", "Jess"], ["email", "j@gmail.com"], ["password_digest", "$2a$12$qtOYKxy4t58MDK0FfBT1zOTubc4DZbSf8N7yQjdLRs81J7Ju2YKiK"], ["created_at", "2021-09-16 15:00:27.976998"], ["updated_at", "2021-09-16 15:00:27.976998"]]
  â†³ app/controllers/users_controller.rb:8:in `create'
  [1m[36mTRANSACTION (8.1ms)[0m  [1m[36mcommit transaction[0m
  â†³ app/controllers/users_controller.rb:8:in `create'
Redirected to http://127.0.0.1:3000/users/3
Completed 302 Found in 218ms (ActiveRecord: 15.0ms | Allocations: 6537)


Started GET "/users/3" for 127.0.0.1 at 2021-09-16 10:00:28 -0500
Processing by UsersController#show as HTML
  Parameters: {"id"=>"3"}
  [1m[36mUser Load (0.3ms)[0m  [1m[34mSELECT "users".* FROM "users" WHERE "users"."id" = ? LIMIT ?[0m  [["id", 3], ["LIMIT", 1]]
  â†³ app/controllers/users_controller.rb:17:in `show'
  Rendering layout layouts/application.html.erb
  Rendering users/show.erb within layouts/application
  Rendered users/show.erb within layouts/application (Duration: 5.0ms | Allocations: 135)
[Webpacker] Everything's up-to-date. Nothing to do
  Rendered layout layouts/application.html.erb (Duration: 18.6ms | Allocations: 4085)
Completed 200 OK in 25ms (Views: 20.4ms | ActiveRecord: 0.3ms | Allocations: 5274)


Started GET "/users/new" for 127.0.0.1 at 2021-09-16 10:00:40 -0500
Processing by UsersController#new as HTML
  Rendering layout layouts/application.html.erb
  Rendering users/new.erb within layouts/application
  Rendered users/new.erb within layouts/application (Duration: 1.7ms | Allocations: 1011)
[Webpacker] Everything's up-to-date. Nothing to do
  Rendered layout layouts/application.html.erb (Duration: 18.7ms | Allocations: 4272)
Completed 200 OK in 38ms (Views: 21.9ms | ActiveRecord: 0.0ms | Allocations: 5408)


Started GET "/users/new/3" for 127.0.0.1 at 2021-09-16 10:00:43 -0500
  
ActionController::RoutingError (No route matches [GET] "/users/new/3"):
  
Started GET "/users/3" for 127.0.0.1 at 2021-09-16 10:00:47 -0500
Processing by UsersController#show as HTML
  Parameters: {"id"=>"3"}
  [1m[36mUser Load (0.2ms)[0m  [1m[34mSELECT "users".* FROM "users" WHERE "users"."id" = ? LIMIT ?[0m  [["id", 3], ["LIMIT", 1]]
  â†³ app/controllers/users_controller.rb:17:in `show'
  Rendering layout layouts/application.html.erb
  Rendering users/show.erb within layouts/application
  Rendered users/show.erb within layouts/application (Duration: 0.7ms | Allocations: 132)
[Webpacker] Everything's up-to-date. Nothing to do
  Rendered layout layouts/application.html.erb (Duration: 21.1ms | Allocations: 3336)
Completed 200 OK in 30ms (Views: 24.3ms | ActiveRecord: 0.2ms | Allocations: 4516)


Started GET "/users/new" for 127.0.0.1 at 2021-09-16 10:00:57 -0500
Processing by UsersController#new as HTML
  Rendering layout layouts/application.html.erb
  Rendering users/new.erb within layouts/application
  Rendered users/new.erb within layouts/application (Duration: 1.3ms | Allocations: 825)
[Webpacker] Everything's up-to-date. Nothing to do
  Rendered layout layouts/application.html.erb (Duration: 18.6ms | Allocations: 3892)
Completed 200 OK in 21ms (Views: 20.3ms | ActiveRecord: 0.0ms | Allocations: 4301)


Started GET "/sessions/new" for 127.0.0.1 at 2021-09-16 10:01:07 -0500
Processing by SessionsController#new as HTML
  Rendering layout layouts/application.html.erb
  Rendering sessions/new.erb within layouts/application
  Rendered sessions/new.erb within layouts/application (Duration: 1.4ms | Allocations: 589)
[Webpacker] Everything's up-to-date. Nothing to do
  Rendered layout layouts/application.html.erb (Duration: 14.8ms | Allocations: 3650)
Completed 200 OK in 23ms (Views: 21.8ms | ActiveRecord: 0.0ms | Allocations: 4636)


Started POST "/signin" for 127.0.0.1 at 2021-09-16 10:01:27 -0500
Processing by SessionsController#create as HTML
  Parameters: {"authenticity_token"=>"[FILTERED]", "email"=>"j@gmail.com", "username"=>"Jess", "password"=>"[FILTERED]", "commit"=>"Sign In"}
  [1m[36mUser Load (0.3ms)[0m  [1m[34mSELECT "users".* FROM "users" WHERE "users"."email" = ? LIMIT ?[0m  [["email", "j@gmail.com"], ["LIMIT", 1]]
  â†³ app/controllers/sessions_controller.rb:3:in `create'
Redirected to http://127.0.0.1:3000/users/3
Completed 302 Found in 177ms (ActiveRecord: 0.3ms | Allocations: 1139)


Started GET "/users/3" for 127.0.0.1 at 2021-09-16 10:01:27 -0500
Processing by UsersController#show as HTML
  Parameters: {"id"=>"3"}
  [1m[36mUser Load (0.6ms)[0m  [1m[34mSELECT "users".* FROM "users" WHERE "users"."id" = ? LIMIT ?[0m  [["id", 3], ["LIMIT", 1]]
  â†³ app/controllers/users_controller.rb:17:in `show'
  Rendering layout layouts/application.html.erb
  Rendering users/show.erb within layouts/application
  Rendered users/show.erb within layouts/application (Duration: 0.1ms | Allocations: 40)
[Webpacker] Everything's up-to-date. Nothing to do
  Rendered layout layouts/application.html.erb (Duration: 13.7ms | Allocations: 3111)
Completed 200 OK in 20ms (Views: 15.5ms | ActiveRecord: 0.6ms | Allocations: 4033)


Started GET "/sessions/new" for 127.0.0.1 at 2021-09-16 10:01:33 -0500
Processing by SessionsController#new as HTML
  Rendering layout layouts/application.html.erb
  Rendering sessions/new.erb within layouts/application
  Rendered sessions/new.erb within layouts/application (Duration: 0.5ms | Allocations: 318)
[Webpacker] Everything's up-to-date. Nothing to do
  Rendered layout layouts/application.html.erb (Duration: 19.4ms | Allocations: 3399)
Completed 200 OK in 22ms (Views: 21.2ms | ActiveRecord: 0.0ms | Allocations: 3776)


Started POST "/signin" for 127.0.0.1 at 2021-09-16 10:01:35 -0500
Processing by SessionsController#create as HTML
  Parameters: {"authenticity_token"=>"[FILTERED]", "email"=>"j@gmail.com", "username"=>"Jess", "password"=>"[FILTERED]", "commit"=>"Sign In"}
  [1m[36mUser Load (0.3ms)[0m  [1m[34mSELECT "users".* FROM "users" WHERE "users"."email" = ? LIMIT ?[0m  [["email", "j@gmail.com"], ["LIMIT", 1]]
  â†³ app/controllers/sessions_controller.rb:3:in `create'
Redirected to http://127.0.0.1:3000/signin
Completed 302 Found in 181ms (ActiveRecord: 0.3ms | Allocations: 857)


Started GET "/signin" for 127.0.0.1 at 2021-09-16 10:01:35 -0500
Processing by SessionsController#new as HTML
  Rendering layout layouts/application.html.erb
  Rendering sessions/new.erb within layouts/application
  Rendered sessions/new.erb within layouts/application (Duration: 0.5ms | Allocations: 318)
[Webpacker] Everything's up-to-date. Nothing to do
  Rendered layout layouts/application.html.erb (Duration: 14.9ms | Allocations: 3377)
Completed 200 OK in 17ms (Views: 16.5ms | ActiveRecord: 0.0ms | Allocations: 3753)


Started POST "/signin" for 127.0.0.1 at 2021-09-16 10:15:29 -0500
Processing by SessionsController#create as HTML
  Parameters: {"authenticity_token"=>"[FILTERED]", "email"=>"j@gmail.com", "username"=>"Jess", "password"=>"[FILTERED]", "commit"=>"Sign In"}
  [1m[35m (0.1ms)[0m  [1m[34mSELECT sqlite_version(*)[0m
  â†³ app/controllers/sessions_controller.rb:3:in `create'
  [1m[36mUser Load (0.6ms)[0m  [1m[34mSELECT "users".* FROM "users" WHERE "users"."email" = ? LIMIT ?[0m  [["email", "j@gmail.com"], ["LIMIT", 1]]
  â†³ app/controllers/sessions_controller.rb:3:in `create'
Redirected to http://127.0.0.1:3000/users/3
Completed 302 Found in 182ms (ActiveRecord: 1.1ms | Allocations: 1488)


Started GET "/users/3" for 127.0.0.1 at 2021-09-16 10:15:29 -0500
Processing by UsersController#show as HTML
  Parameters: {"id"=>"3"}
  [1m[36mUser Load (0.3ms)[0m  [1m[34mSELECT "users".* FROM "users" WHERE "users"."id" = ? LIMIT ?[0m  [["id", 3], ["LIMIT", 1]]
  â†³ app/controllers/users_controller.rb:17:in `show'
  Rendering layout layouts/application.html.erb
  Rendering users/show.erb within layouts/application
  Rendered users/show.erb within layouts/application (Duration: 0.5ms | Allocations: 131)
[Webpacker] Everything's up-to-date. Nothing to do
  Rendered layout layouts/application.html.erb (Duration: 14.7ms | Allocations: 3393)
Completed 200 OK in 28ms (Views: 17.7ms | ActiveRecord: 0.3ms | Allocations: 5076)


Started GET "/users/3" for 127.0.0.1 at 2021-09-16 10:17:26 -0500
Processing by UsersController#show as HTML
  Parameters: {"id"=>"3"}
  [1m[36mUser Load (0.3ms)[0m  [1m[34mSELECT "users".* FROM "users" WHERE "users"."id" = ? LIMIT ?[0m  [["id", 3], ["LIMIT", 1]]
  â†³ app/controllers/users_controller.rb:17:in `show'
  Rendering layout layouts/application.html.erb
  Rendering users/show.erb within layouts/application
  Rendered users/show.erb within layouts/application (Duration: 40.2ms | Allocations: 3453)
  Rendered layout layouts/application.html.erb (Duration: 41.9ms | Allocations: 3523)
Completed 500 Internal Server Error in 49ms (ActiveRecord: 0.3ms | Allocations: 5166)


  
ActionView::Template::Error (undefined local variable or method `logout_path' for #<ActionView::Base:0x007ffff443c2f8>):
    1: <h1> <%= @user.username %> </h1>
    2: 
    3: <%= link_to "Log out", logout_path, method: "delete" %>
  
app/views/users/show.erb:3
Started GET "/users/3" for 127.0.0.1 at 2021-09-16 10:18:16 -0500
Processing by UsersController#show as HTML
  Parameters: {"id"=>"3"}
  [1m[35m (0.1ms)[0m  [1m[34mSELECT sqlite_version(*)[0m
  â†³ app/controllers/users_controller.rb:17:in `show'
  [1m[36mUser Load (0.2ms)[0m  [1m[34mSELECT "users".* FROM "users" WHERE "users"."id" = ? LIMIT ?[0m  [["id", 3], ["LIMIT", 1]]
  â†³ app/controllers/users_controller.rb:17:in `show'
  Rendering layout layouts/application.html.erb
  Rendering users/show.erb within layouts/application
  Rendered users/show.erb within layouts/application (Duration: 8.8ms | Allocations: 3317)
  Rendered layout layouts/application.html.erb (Duration: 10.6ms | Allocations: 3387)
Completed 500 Internal Server Error in 26ms (ActiveRecord: 2.1ms | Allocations: 9026)


  
ActionView::Template::Error (undefined local variable or method `logout_path' for #<ActionView::Base:0x007f39dc5c62d8>):
    1: <h1> <%= @user.username %> </h1>
    2: 
    3: <%= link_to "Log out", logout_path, method: "delete" %>
  
app/views/users/show.erb:3
Started GET "/users/3" for 127.0.0.1 at 2021-09-16 10:18:17 -0500
Processing by UsersController#show as HTML
  Parameters: {"id"=>"3"}
  [1m[36mUser Load (0.6ms)[0m  [1m[34mSELECT "users".* FROM "users" WHERE "users"."id" = ? LIMIT ?[0m  [["id", 3], ["LIMIT", 1]]
  â†³ app/controllers/users_controller.rb:17:in `show'
  Rendering layout layouts/application.html.erb
  Rendering users/show.erb within layouts/application
  Rendered users/show.erb within layouts/application (Duration: 13.1ms | Allocations: 3337)
  Rendered layout layouts/application.html.erb (Duration: 14.9ms | Allocations: 3407)
Completed 500 Internal Server Error in 22ms (ActiveRecord: 0.6ms | Allocations: 4305)


  
ActionView::Template::Error (undefined local variable or method `logout_path' for #<ActionView::Base:0x007f39d406ecc0>):
    1: <h1> <%= @user.username %> </h1>
    2: 
    3: <%= link_to "Log out", logout_path, method: "delete" %>
  
app/views/users/show.erb:3
Started GET "/users/3" for 127.0.0.1 at 2021-09-16 10:18:21 -0500
Processing by UsersController#show as HTML
  Parameters: {"id"=>"3"}
  [1m[36mUser Load (0.2ms)[0m  [1m[34mSELECT "users".* FROM "users" WHERE "users"."id" = ? LIMIT ?[0m  [["id", 3], ["LIMIT", 1]]
  â†³ app/controllers/users_controller.rb:17:in `show'
  Rendering layout layouts/application.html.erb
  Rendering users/show.erb within layouts/application
  Rendered users/show.erb within layouts/application (Duration: 7.9ms | Allocations: 3337)
  Rendered layout layouts/application.html.erb (Duration: 9.5ms | Allocations: 3407)
Completed 500 Internal Server Error in 15ms (ActiveRecord: 0.2ms | Allocations: 4305)


  
ActionView::Template::Error (undefined local variable or method `logout_path' for #<ActionView::Base:0x007f39bc04f658>):
    1: <h1> <%= @user.username %> </h1>
    2: 
    3: <%= link_to "Log out", logout_path, method: "delete" %>
  
app/views/users/show.erb:3
Started GET "/users/3" for 127.0.0.1 at 2021-09-16 10:18:35 -0500
  [1m[35m (1.0ms)[0m  [1m[34mSELECT sqlite_version(*)[0m
  [1m[35m (0.2ms)[0m  [1m[34mSELECT "schema_migrations"."version" FROM "schema_migrations" ORDER BY "schema_migrations"."version" ASC[0m
Processing by UsersController#show as HTML
  Parameters: {"id"=>"3"}
  [1m[36mUser Load (0.2ms)[0m  [1m[34mSELECT "users".* FROM "users" WHERE "users"."id" = ? LIMIT ?[0m  [["id", 3], ["LIMIT", 1]]
  â†³ app/controllers/users_controller.rb:17:in `show'
  Rendering layout layouts/application.html.erb
  Rendering users/show.erb within layouts/application
  Rendered users/show.erb within layouts/application (Duration: 8.6ms | Allocations: 3868)
  Rendered layout layouts/application.html.erb (Duration: 10.2ms | Allocations: 3943)
Completed 500 Internal Server Error in 49ms (ActiveRecord: 1.3ms | Allocations: 11997)


  
ActionView::Template::Error (undefined local variable or method `logout_path' for #<ActionView::Base:0x007fffe11e6778>):
    1: <h1> <%= @user.username %> </h1>
    2: 
    3: <%= link_to "Log out", logout_path, method: "delete" %>
  
app/views/users/show.erb:3
Started GET "/users/3" for 127.0.0.1 at 2021-09-16 10:19:37 -0500
Processing by UsersController#show as HTML
  Parameters: {"id"=>"3"}
  [1m[35m (0.1ms)[0m  [1m[34mSELECT sqlite_version(*)[0m
  â†³ app/controllers/users_controller.rb:17:in `show'
  [1m[36mUser Load (0.2ms)[0m  [1m[34mSELECT "users".* FROM "users" WHERE "users"."id" = ? LIMIT ?[0m  [["id", 3], ["LIMIT", 1]]
  â†³ app/controllers/users_controller.rb:17:in `show'
  Rendering layout layouts/application.html.erb
  Rendering users/show.erb within layouts/application
  Rendered users/show.erb within layouts/application (Duration: 0.3ms | Allocations: 106)
[Webpacker] Everything's up-to-date. Nothing to do
  Rendered layout layouts/application.html.erb (Duration: 36.8ms | Allocations: 5703)
Completed 200 OK in 55ms (Views: 39.0ms | ActiveRecord: 1.6ms | Allocations: 11580)


Started DELETE "/logout" for 127.0.0.1 at 2021-09-16 10:19:38 -0500
Processing by SessionsController#destroy as HTML
  Parameters: {"authenticity_token"=>"[FILTERED]"}
  [1m[36mUser Load (0.3ms)[0m  [1m[34mSELECT "users".* FROM "users" WHERE "users"."id" = ? LIMIT ?[0m  [["id", 3], ["LIMIT", 1]]
  â†³ app/controllers/sessions_controller.rb:14:in `destroy'
  [1m[36mTRANSACTION (0.0ms)[0m  [1m[36mbegin transaction[0m
  â†³ app/controllers/sessions_controller.rb:14:in `destroy'
  [1m[36mUser Destroy (2.1ms)[0m  [1m[31mDELETE FROM "users" WHERE "users"."id" = ?[0m  [["id", 3]]
  â†³ app/controllers/sessions_controller.rb:14:in `destroy'
  [1m[36mTRANSACTION (8.7ms)[0m  [1m[36mcommit transaction[0m
  â†³ app/controllers/sessions_controller.rb:14:in `destroy'
Redirected to http://127.0.0.1:3000/signin
Completed 302 Found in 24ms (ActiveRecord: 11.1ms | Allocations: 5132)


Started GET "/signin" for 127.0.0.1 at 2021-09-16 10:19:39 -0500
Processing by SessionsController#new as HTML
  Rendering layout layouts/application.html.erb
  Rendering sessions/new.erb within layouts/application
  Rendered sessions/new.erb within layouts/application (Duration: 1.1ms | Allocations: 618)
[Webpacker] Everything's up-to-date. Nothing to do
  Rendered layout layouts/application.html.erb (Duration: 14.3ms | Allocations: 3681)
Completed 200 OK in 18ms (Views: 17.0ms | ActiveRecord: 0.0ms | Allocations: 4554)


Started GET "/signin/3" for 127.0.0.1 at 2021-09-16 10:19:43 -0500
  
ActionController::RoutingError (No route matches [GET] "/signin/3"):
  
Started GET "/signin" for 127.0.0.1 at 2021-09-16 10:19:48 -0500
Processing by SessionsController#new as HTML
  Rendering layout layouts/application.html.erb
  Rendering sessions/new.erb within layouts/application
  Rendered sessions/new.erb within layouts/application (Duration: 0.8ms | Allocations: 318)
[Webpacker] Everything's up-to-date. Nothing to do
  Rendered layout layouts/application.html.erb (Duration: 15.7ms | Allocations: 3379)
Completed 200 OK in 18ms (Views: 17.3ms | ActiveRecord: 0.0ms | Allocations: 3756)


Started POST "/signin" for 127.0.0.1 at 2021-09-16 10:19:53 -0500
Processing by SessionsController#create as HTML
  Parameters: {"authenticity_token"=>"[FILTERED]", "email"=>"jssdnvn@gmail.com", "username"=>"Jess", "password"=>"[FILTERED]", "commit"=>"Sign In"}
  [1m[36mUser Load (0.4ms)[0m  [1m[34mSELECT "users".* FROM "users" WHERE "users"."email" = ? LIMIT ?[0m  [["email", "jssdnvn@gmail.com"], ["LIMIT", 1]]
  â†³ app/controllers/sessions_controller.rb:3:in `create'
Redirected to http://127.0.0.1:3000/signin
Completed 302 Found in 5ms (ActiveRecord: 0.4ms | Allocations: 978)


Started GET "/signin" for 127.0.0.1 at 2021-09-16 10:19:53 -0500
Processing by SessionsController#new as HTML
  Rendering layout layouts/application.html.erb
  Rendering sessions/new.erb within layouts/application
  Rendered sessions/new.erb within layouts/application (Duration: 0.6ms | Allocations: 318)
[Webpacker] Everything's up-to-date. Nothing to do
  Rendered layout layouts/application.html.erb (Duration: 13.0ms | Allocations: 3378)
Completed 200 OK in 16ms (Views: 15.1ms | ActiveRecord: 0.0ms | Allocations: 3753)


Started POST "/signin" for 127.0.0.1 at 2021-09-16 10:20:01 -0500
Processing by SessionsController#create as HTML
  Parameters: {"authenticity_token"=>"[FILTERED]", "email"=>"j@gmail.com", "username"=>"Jess", "password"=>"[FILTERED]", "commit"=>"Sign In"}
  [1m[36mUser Load (0.6ms)[0m  [1m[34mSELECT "users".* FROM "users" WHERE "users"."email" = ? LIMIT ?[0m  [["email", "j@gmail.com"], ["LIMIT", 1]]
  â†³ app/controllers/sessions_controller.rb:3:in `create'
Redirected to http://127.0.0.1:3000/signin
Completed 302 Found in 6ms (ActiveRecord: 0.6ms | Allocations: 801)


Started GET "/signin" for 127.0.0.1 at 2021-09-16 10:20:01 -0500
Processing by SessionsController#new as HTML
  Rendering layout layouts/application.html.erb
  Rendering sessions/new.erb within layouts/application
  Rendered sessions/new.erb within layouts/application (Duration: 0.5ms | Allocations: 318)
[Webpacker] Everything's up-to-date. Nothing to do
  Rendered layout layouts/application.html.erb (Duration: 15.3ms | Allocations: 3377)
Completed 200 OK in 17ms (Views: 16.9ms | ActiveRecord: 0.0ms | Allocations: 3752)


Started POST "/signin" for 127.0.0.1 at 2021-09-16 10:20:08 -0500
Processing by SessionsController#create as HTML
  Parameters: {"authenticity_token"=>"[FILTERED]", "email"=>"j@gmail.com", "username"=>"Jess", "password"=>"[FILTERED]", "commit"=>"Sign In"}
  [1m[36mUser Load (0.3ms)[0m  [1m[34mSELECT "users".* FROM "users" WHERE "users"."email" = ? LIMIT ?[0m  [["email", "j@gmail.com"], ["LIMIT", 1]]
  â†³ app/controllers/sessions_controller.rb:3:in `create'
Redirected to http://127.0.0.1:3000/signin
Completed 302 Found in 5ms (ActiveRecord: 0.3ms | Allocations: 801)


Started GET "/signin" for 127.0.0.1 at 2021-09-16 10:20:08 -0500
Processing by SessionsController#new as HTML
  Rendering layout layouts/application.html.erb
  Rendering sessions/new.erb within layouts/application
  Rendered sessions/new.erb within layouts/application (Duration: 0.7ms | Allocations: 318)
[Webpacker] Everything's up-to-date. Nothing to do
  Rendered layout layouts/application.html.erb (Duration: 13.6ms | Allocations: 3378)
Completed 200 OK in 17ms (Views: 16.1ms | ActiveRecord: 0.0ms | Allocations: 3753)


  [1m[35m (0.6ms)[0m  [1m[34mSELECT sqlite_version(*)[0m
  [1m[36mUser Load (0.3ms)[0m  [1m[34mSELECT "users".* FROM "users" /* loading for inspect */ LIMIT ?[0m  [["LIMIT", 11]]
Started GET "/users/new" for 127.0.0.1 at 2021-09-16 10:20:47 -0500
Processing by UsersController#new as HTML
  Rendering layout layouts/application.html.erb
  Rendering users/new.erb within layouts/application
  Rendered users/new.erb within layouts/application (Duration: 32.0ms | Allocations: 4887)
[Webpacker] Everything's up-to-date. Nothing to do
  Rendered layout layouts/application.html.erb (Duration: 59.7ms | Allocations: 7945)
Completed 200 OK in 66ms (Views: 64.5ms | ActiveRecord: 0.0ms | Allocations: 8492)


Started POST "/signup" for 127.0.0.1 at 2021-09-16 10:20:51 -0500
Processing by UsersController#create as HTML
  Parameters: {"authenticity_token"=>"[FILTERED]", "user"=>{"email"=>"jssdnvn@gmail.com", "username"=>"Jess", "password"=>"[FILTERED]"}, "commit"=>"Submit"}
  [1m[36mTRANSACTION (0.1ms)[0m  [1m[36mbegin transaction[0m
  â†³ app/controllers/users_controller.rb:8:in `create'
  [1m[36mUser Exists? (0.3ms)[0m  [1m[34mSELECT 1 AS one FROM "users" WHERE "users"."email" = ? LIMIT ?[0m  [["email", "jssdnvn@gmail.com"], ["LIMIT", 1]]
  â†³ app/controllers/users_controller.rb:8:in `create'
  [1m[36mUser Create (6.1ms)[0m  [1m[32mINSERT INTO "users" ("username", "email", "password_digest", "created_at", "updated_at") VALUES (?, ?, ?, ?, ?)[0m  [["username", "Jess"], ["email", "jssdnvn@gmail.com"], ["password_digest", "$2a$12$kJXxN3xKOIboLqQQCGP0yevTZMIITTkkz2Mw0ajLAcOE.LC7JmfJ2"], ["created_at", "2021-09-16 15:20:51.835069"], ["updated_at", "2021-09-16 15:20:51.835069"]]
  â†³ app/controllers/users_controller.rb:8:in `create'
  [1m[36mTRANSACTION (6.3ms)[0m  [1m[36mcommit transaction[0m
  â†³ app/controllers/users_controller.rb:8:in `create'
Redirected to http://127.0.0.1:3000/users/4
Completed 302 Found in 198ms (ActiveRecord: 12.7ms | Allocations: 6368)


Started GET "/users/4" for 127.0.0.1 at 2021-09-16 10:20:51 -0500
Processing by UsersController#show as HTML
  Parameters: {"id"=>"4"}
  [1m[36mUser Load (0.2ms)[0m  [1m[34mSELECT "users".* FROM "users" WHERE "users"."id" = ? LIMIT ?[0m  [["id", 4], ["LIMIT", 1]]
  â†³ app/controllers/users_controller.rb:17:in `show'
  Rendering layout layouts/application.html.erb
  Rendering users/show.erb within layouts/application
  Rendered users/show.erb within layouts/application (Duration: 0.2ms | Allocations: 77)
[Webpacker] Everything's up-to-date. Nothing to do
  Rendered layout layouts/application.html.erb (Duration: 13.9ms | Allocations: 3146)
Completed 200 OK in 19ms (Views: 15.5ms | ActiveRecord: 0.2ms | Allocations: 4067)


  [1m[36mUser Load (0.6ms)[0m  [1m[34mSELECT "users".* FROM "users" /* loading for inspect */ LIMIT ?[0m  [["LIMIT", 11]]
Started DELETE "/logout" for 127.0.0.1 at 2021-09-16 10:21:02 -0500
Processing by SessionsController#destroy as HTML
  Parameters: {"authenticity_token"=>"[FILTERED]"}
Completed 404 Not Found in 2ms (ActiveRecord: 0.0ms | Allocations: 664)


  
ActiveRecord::RecordNotFound (Couldn't find User without an ID):
  
app/controllers/sessions_controller.rb:14:in `destroy'
Started GET "/users/new" for 127.0.0.1 at 2021-09-16 10:21:35 -0500
Processing by UsersController#new as HTML
  Rendering layout layouts/application.html.erb
  Rendering users/new.erb within layouts/application
  Rendered users/new.erb within layouts/application (Duration: 1.5ms | Allocations: 741)
[Webpacker] Everything's up-to-date. Nothing to do
  Rendered layout layouts/application.html.erb (Duration: 21.8ms | Allocations: 3819)
Completed 200 OK in 24ms (Views: 23.8ms | ActiveRecord: 0.0ms | Allocations: 4209)


Started GET "/users/4" for 127.0.0.1 at 2021-09-16 10:21:39 -0500
Processing by UsersController#show as HTML
  Parameters: {"id"=>"4"}
  [1m[36mUser Load (0.3ms)[0m  [1m[34mSELECT "users".* FROM "users" WHERE "users"."id" = ? LIMIT ?[0m  [["id", 4], ["LIMIT", 1]]
  â†³ app/controllers/users_controller.rb:17:in `show'
  Rendering layout layouts/application.html.erb
  Rendering users/show.erb within layouts/application
  Rendered users/show.erb within layouts/application (Duration: 0.5ms | Allocations: 76)
[Webpacker] Everything's up-to-date. Nothing to do
  Rendered layout layouts/application.html.erb (Duration: 21.3ms | Allocations: 3188)
Completed 200 OK in 26ms (Views: 23.4ms | ActiveRecord: 0.3ms | Allocations: 4106)


Started DELETE "/logout" for 127.0.0.1 at 2021-09-16 10:21:41 -0500
Processing by SessionsController#destroy as HTML
  Parameters: {"authenticity_token"=>"[FILTERED]"}
Completed 404 Not Found in 1ms (ActiveRecord: 0.0ms | Allocations: 655)


  
ActiveRecord::RecordNotFound (Couldn't find User without an ID):
  
app/controllers/sessions_controller.rb:14:in `destroy'
Started DELETE "/logout" for 127.0.0.1 at 2021-09-16 10:22:11 -0500
Processing by SessionsController#destroy as HTML
  Parameters: {"authenticity_token"=>"[FILTERED]"}
  [1m[35m (0.1ms)[0m  [1m[34mSELECT sqlite_version(*)[0m
  â†³ app/controllers/sessions_controller.rb:14:in `destroy'
Completed 404 Not Found in 6ms (ActiveRecord: 1.1ms | Allocations: 1841)


  
ActiveRecord::RecordNotFound (Couldn't find User without an ID):
  
app/controllers/sessions_controller.rb:14:in `destroy'
Started GET "/users/4" for 127.0.0.1 at 2021-09-16 10:22:31 -0500
  [1m[35m (0.6ms)[0m  [1m[34mSELECT sqlite_version(*)[0m
  [1m[35m (0.3ms)[0m  [1m[34mSELECT "schema_migrations"."version" FROM "schema_migrations" ORDER BY "schema_migrations"."version" ASC[0m
Processing by UsersController#show as HTML
  Parameters: {"id"=>"4"}
  [1m[36mUser Load (0.5ms)[0m  [1m[34mSELECT "users".* FROM "users" WHERE "users"."id" = ? LIMIT ?[0m  [["id", 4], ["LIMIT", 1]]
  â†³ app/controllers/users_controller.rb:17:in `show'
  Rendering layout layouts/application.html.erb
  Rendering users/show.erb within layouts/application
  Rendered users/show.erb within layouts/application (Duration: 1.5ms | Allocations: 329)
[Webpacker] Everything's up-to-date. Nothing to do
  Rendered layout layouts/application.html.erb (Duration: 36.4ms | Allocations: 5945)
Completed 200 OK in 74ms (Views: 45.9ms | ActiveRecord: 1.2ms | Allocations: 14020)


Started DELETE "/logout" for 127.0.0.1 at 2021-09-16 10:22:35 -0500
Processing by SessionsController#destroy as HTML
  Parameters: {"authenticity_token"=>"[FILTERED]"}
Completed 404 Not Found in 1ms (ActiveRecord: 0.0ms | Allocations: 631)


  
ActiveRecord::RecordNotFound (Couldn't find User without an ID):
  
app/controllers/sessions_controller.rb:14:in `destroy'
Started DELETE "/logout" for 127.0.0.1 at 2021-09-16 10:25:11 -0500
Processing by SessionsController#destroy as HTML
  Parameters: {"authenticity_token"=>"[FILTERED]"}
Redirected to http://127.0.0.1:3000/signin
Completed 302 Found in 2ms (Allocations: 342)


Started GET "/signin" for 127.0.0.1 at 2021-09-16 10:25:12 -0500
Processing by SessionsController#new as HTML
  Rendering layout layouts/application.html.erb
  Rendering sessions/new.erb within layouts/application
  Rendered sessions/new.erb within layouts/application (Duration: 0.9ms | Allocations: 635)
[Webpacker] Everything's up-to-date. Nothing to do
  Rendered layout layouts/application.html.erb (Duration: 16.8ms | Allocations: 3813)
Completed 200 OK in 21ms (Views: 19.4ms | Allocations: 4735)


  [1m[36mUser Load (0.5ms)[0m  [1m[34mSELECT "users".* FROM "users" /* loading for inspect */ LIMIT ?[0m  [["LIMIT", 11]]
Started GET "/users/4" for 127.0.0.1 at 2021-09-16 10:25:32 -0500
Processing by UsersController#show as HTML
  Parameters: {"id"=>"4"}
  [1m[35m (0.1ms)[0m  [1m[34mSELECT sqlite_version(*)[0m
  â†³ app/controllers/users_controller.rb:17:in `show'
  [1m[36mUser Load (0.2ms)[0m  [1m[34mSELECT "users".* FROM "users" WHERE "users"."id" = ? LIMIT ?[0m  [["id", 4], ["LIMIT", 1]]
  â†³ app/controllers/users_controller.rb:17:in `show'
  Rendering layout layouts/application.html.erb
  Rendering users/show.erb within layouts/application
  Rendered users/show.erb within layouts/application (Duration: 0.4ms | Allocations: 85)
[Webpacker] Everything's up-to-date. Nothing to do
  Rendered layout layouts/application.html.erb (Duration: 18.0ms | Allocations: 3170)
Completed 200 OK in 36ms (Views: 20.9ms | ActiveRecord: 1.7ms | Allocations: 8951)


Started GET "/users/4" for 127.0.0.1 at 2021-09-16 10:31:51 -0500
Processing by UsersController#show as HTML
  Parameters: {"id"=>"4"}
  [1m[35m (0.1ms)[0m  [1m[34mSELECT sqlite_version(*)[0m
  â†³ app/controllers/users_controller.rb:17:in `show'
  [1m[36mUser Load (0.3ms)[0m  [1m[34mSELECT "users".* FROM "users" WHERE "users"."id" = ? LIMIT ?[0m  [["id", 4], ["LIMIT", 1]]
  â†³ app/controllers/users_controller.rb:17:in `show'
Completed 500 Internal Server Error in 19ms (ActiveRecord: 0.6ms | Allocations: 7070)


  
NameError (undefined local variable or method `current_user' for #<UsersController:0x007ffff853f390>):
  
app/controllers/users_controller.rb:19:in `show'
Started GET "/users/4" for 127.0.0.1 at 2021-09-16 10:32:58 -0500
Processing by UsersController#show as HTML
  Parameters: {"id"=>"4"}
  [1m[35m (0.0ms)[0m  [1m[34mSELECT sqlite_version(*)[0m
  â†³ app/controllers/users_controller.rb:18:in `show'
  [1m[36mUser Load (0.3ms)[0m  [1m[34mSELECT "users".* FROM "users" WHERE "users"."id" = ? LIMIT ?[0m  [["id", 4], ["LIMIT", 1]]
  â†³ app/controllers/users_controller.rb:18:in `show'
Completed 500 Internal Server Error in 20ms (ActiveRecord: 1.6ms | Allocations: 7496)


  
NameError (undefined local variable or method `current_user' for #<UsersController:0x007ffff8d5e3f0>):
  
app/controllers/users_controller.rb:20:in `show'
Started GET "/users/4" for 127.0.0.1 at 2021-09-16 10:32:59 -0500
Processing by UsersController#show as HTML
  Parameters: {"id"=>"4"}
  [1m[36mUser Load (0.3ms)[0m  [1m[34mSELECT "users".* FROM "users" WHERE "users"."id" = ? LIMIT ?[0m  [["id", 4], ["LIMIT", 1]]
  â†³ app/controllers/users_controller.rb:18:in `show'
Completed 500 Internal Server Error in 12ms (ActiveRecord: 0.3ms | Allocations: 3017)


  
NameError (undefined local variable or method `current_user' for #<UsersController:0x007f12c87341c8>):
  
app/controllers/users_controller.rb:20:in `show'
Started GET "/users/4" for 127.0.0.1 at 2021-09-16 10:33:00 -0500
Processing by UsersController#show as HTML
  Parameters: {"id"=>"4"}
  [1m[36mUser Load (0.5ms)[0m  [1m[34mSELECT "users".* FROM "users" WHERE "users"."id" = ? LIMIT ?[0m  [["id", 4], ["LIMIT", 1]]
  â†³ app/controllers/users_controller.rb:18:in `show'
Completed 500 Internal Server Error in 12ms (ActiveRecord: 0.5ms | Allocations: 3017)


  
NameError (undefined local variable or method `current_user' for #<UsersController:0x007f12d131f868>):
  
app/controllers/users_controller.rb:20:in `show'
Started GET "/users/4" for 127.0.0.1 at 2021-09-16 10:33:01 -0500
Processing by UsersController#show as HTML
  Parameters: {"id"=>"4"}
  [1m[36mUser Load (0.4ms)[0m  [1m[34mSELECT "users".* FROM "users" WHERE "users"."id" = ? LIMIT ?[0m  [["id", 4], ["LIMIT", 1]]
  â†³ app/controllers/users_controller.rb:18:in `show'
Completed 500 Internal Server Error in 13ms (ActiveRecord: 0.4ms | Allocations: 3017)


  
NameError (undefined local variable or method `current_user' for #<UsersController:0x007ffff87643a0>):
  
app/controllers/users_controller.rb:20:in `show'
Started GET "/users/4" for 127.0.0.1 at 2021-09-16 10:34:31 -0500
Processing by UsersController#show as HTML
  Parameters: {"id"=>"4"}
  [1m[35m (0.0ms)[0m  [1m[34mSELECT sqlite_version(*)[0m
  â†³ app/controllers/users_controller.rb:17:in `show'
  [1m[36mUser Load (0.2ms)[0m  [1m[34mSELECT "users".* FROM "users" WHERE "users"."id" = ? LIMIT ?[0m  [["id", 4], ["LIMIT", 1]]
  â†³ app/controllers/users_controller.rb:17:in `show'
Completed 500 Internal Server Error in 18ms (ActiveRecord: 1.4ms | Allocations: 7383)


  
NoMethodError (undefined method `logged_in?' for #<UsersController:0x007f12d12ec620>
Did you mean?  logger):
  
app/controllers/users_controller.rb:19:in `show'
  [1m[35m (0.6ms)[0m  [1m[34mSELECT sqlite_version(*)[0m
  [1m[35m (0.2ms)[0m  [1m[34mSELECT "schema_migrations"."version" FROM "schema_migrations" ORDER BY "schema_migrations"."version" ASC[0m
Migrating to CreateTrips (20210916154426)
  [1m[36mTRANSACTION (0.1ms)[0m  [1m[36mbegin transaction[0m
  [1m[35m (1.2ms)[0m  [1m[35mCREATE TABLE "trips" ("id" integer PRIMARY KEY AUTOINCREMENT NOT NULL, "location" varchar, "date" varchar, "created_at" datetime(6) NOT NULL, "updated_at" datetime(6) NOT NULL)[0m
  [1m[36mActiveRecord::SchemaMigration Create (0.3ms)[0m  [1m[32mINSERT INTO "schema_migrations" ("version") VALUES (?)[0m  [["version", "20210916154426"]]
  [1m[36mTRANSACTION (8.9ms)[0m  [1m[36mcommit transaction[0m
Migrating to CreateActiveStorageTables (20210916154813)
  [1m[36mTRANSACTION (0.1ms)[0m  [1m[36mbegin transaction[0m
  [1m[35m (1.4ms)[0m  [1m[35mCREATE TABLE "active_storage_blobs" ("id" integer PRIMARY KEY AUTOINCREMENT NOT NULL, "key" varchar NOT NULL, "filename" varchar NOT NULL, "content_type" varchar, "metadata" text, "service_name" varchar NOT NULL, "byte_size" bigint NOT NULL, "checksum" varchar NOT NULL, "created_at" datetime NOT NULL)[0m
  [1m[35m (0.2ms)[0m  [1m[35mCREATE UNIQUE INDEX "index_active_storage_blobs_on_key" ON "active_storage_blobs" ("key")[0m
  [1m[36mTRANSACTION (4.2ms)[0m  [1m[31mrollback transaction[0m
Started GET "/users/4" for 127.0.0.1 at 2021-09-16 11:02:51 -0500
  [1m[35m (0.1ms)[0m  [1m[34mSELECT sqlite_version(*)[0m
  [1m[35m (0.2ms)[0m  [1m[34mSELECT "schema_migrations"."version" FROM "schema_migrations" ORDER BY "schema_migrations"."version" ASC[0m
  [1m[35mCACHE  (0.0ms)[0m  [1m[34mSELECT "schema_migrations"."version" FROM "schema_migrations" ORDER BY "schema_migrations"."version" ASC[0m
  
ActiveRecord::PendingMigrationError (

Migrations are pending. To resolve this issue, run:

        bin/rails db:migrate RAILS_ENV=development

You have 1 pending migration:

20210916154813_create_active_storage_tables.active_storage.rb


):
  
activerecord (6.1.4.1) lib/active_record/migration.rb:625:in `check_pending!'
activerecord (6.1.4.1) lib/active_record/migration.rb:590:in `block (2 levels) in call'
activesupport (6.1.4.1) lib/active_support/evented_file_update_checker.rb:59:in `execute'
activesupport (6.1.4.1) lib/active_support/evented_file_update_checker.rb:65:in `execute_if_updated'
activerecord (6.1.4.1) lib/active_record/migration.rb:597:in `block in call'
activerecord (6.1.4.1) lib/active_record/migration.rb:587:in `synchronize'
activerecord (6.1.4.1) lib/active_record/migration.rb:587:in `call'
actionpack (6.1.4.1) lib/action_dispatch/middleware/callbacks.rb:27:in `block in call'
activesupport (6.1.4.1) lib/active_support/callbacks.rb:98:in `run_callbacks'
actionpack (6.1.4.1) lib/action_dispatch/middleware/callbacks.rb:26:in `call'
actionpack (6.1.4.1) lib/action_dispatch/middleware/executor.rb:14:in `call'
actionpack (6.1.4.1) lib/action_dispatch/middleware/actionable_exceptions.rb:18:in `call'
actionpack (6.1.4.1) lib/action_dispatch/middleware/debug_exceptions.rb:29:in `call'
web-console (4.1.0) lib/web_console/middleware.rb:132:in `call_app'
web-console (4.1.0) lib/web_console/middleware.rb:28:in `block in call'
web-console (4.1.0) lib/web_console/middleware.rb:17:in `catch'
web-console (4.1.0) lib/web_console/middleware.rb:17:in `call'
actionpack (6.1.4.1) lib/action_dispatch/middleware/show_exceptions.rb:33:in `call'
railties (6.1.4.1) lib/rails/rack/logger.rb:37:in `call_app'
railties (6.1.4.1) lib/rails/rack/logger.rb:26:in `block in call'
activesupport (6.1.4.1) lib/active_support/tagged_logging.rb:99:in `block in tagged'
activesupport (6.1.4.1) lib/active_support/tagged_logging.rb:37:in `tagged'
activesupport (6.1.4.1) lib/active_support/tagged_logging.rb:99:in `tagged'
railties (6.1.4.1) lib/rails/rack/logger.rb:26:in `call'
sprockets-rails (3.2.2) lib/sprockets/rails/quiet_assets.rb:13:in `call'
actionpack (6.1.4.1) lib/action_dispatch/middleware/remote_ip.rb:81:in `call'
actionpack (6.1.4.1) lib/action_dispatch/middleware/request_id.rb:26:in `call'
rack (2.2.3) lib/rack/method_override.rb:24:in `call'
rack (2.2.3) lib/rack/runtime.rb:22:in `call'
activesupport (6.1.4.1) lib/active_support/cache/strategy/local_cache_middleware.rb:29:in `call'
actionpack (6.1.4.1) lib/action_dispatch/middleware/executor.rb:14:in `call'
actionpack (6.1.4.1) lib/action_dispatch/middleware/static.rb:24:in `call'
rack (2.2.3) lib/rack/sendfile.rb:110:in `call'
actionpack (6.1.4.1) lib/action_dispatch/middleware/host_authorization.rb:98:in `call'
rack-mini-profiler (2.3.3) lib/mini_profiler/profiler.rb:393:in `call'
webpacker (5.4.3) lib/webpacker/dev_server_proxy.rb:25:in `perform_request'
rack-proxy (0.7.0) lib/rack/proxy.rb:63:in `call'
railties (6.1.4.1) lib/rails/engine.rb:539:in `call'
puma (5.4.0) lib/puma/configuration.rb:249:in `call'
puma (5.4.0) lib/puma/request.rb:77:in `block in handle_request'
puma (5.4.0) lib/puma/thread_pool.rb:340:in `with_force_shutdown'
puma (5.4.0) lib/puma/request.rb:76:in `handle_request'
puma (5.4.0) lib/puma/server.rb:440:in `process_client'
puma (5.4.0) lib/puma/thread_pool.rb:147:in `block in spawn_thread'
  [1m[35m (0.6ms)[0m  [1m[34mSELECT sqlite_version(*)[0m
  [1m[35m (0.2ms)[0m  [1m[34mSELECT "schema_migrations"."version" FROM "schema_migrations" ORDER BY "schema_migrations"."version" ASC[0m
Migrating to CreateActiveStorageTables (20210916154813)
  [1m[36mTRANSACTION (0.1ms)[0m  [1m[36mbegin transaction[0m
  [1m[35m (5.8ms)[0m  [1m[35mCREATE TABLE "active_storage_blobs" ("id" integer PRIMARY KEY AUTOINCREMENT NOT NULL, "key" varchar NOT NULL, "filename" varchar NOT NULL, "content_type" varchar, "metadata" text, "service_name" varchar NOT NULL, "byte_size" bigint NOT NULL, "checksum" varchar NOT NULL, "created_at" datetime NOT NULL)[0m
  [1m[35m (0.1ms)[0m  [1m[35mCREATE UNIQUE INDEX "index_active_storage_blobs_on_key" ON "active_storage_blobs" ("key")[0m
  [1m[36mTRANSACTION (5.8ms)[0m  [1m[31mrollback transaction[0m
Started GET "/users/4" for 127.0.0.1 at 2021-09-16 11:03:08 -0500
  [1m[35m (0.3ms)[0m  [1m[34mSELECT "schema_migrations"."version" FROM "schema_migrations" ORDER BY "schema_migrations"."version" ASC[0m
  [1m[35mCACHE  (0.0ms)[0m  [1m[34mSELECT "schema_migrations"."version" FROM "schema_migrations" ORDER BY "schema_migrations"."version" ASC[0m
  
ActiveRecord::PendingMigrationError (

Migrations are pending. To resolve this issue, run:

        bin/rails db:migrate RAILS_ENV=development

You have 1 pending migration:

20210916154813_create_active_storage_tables.active_storage.rb


):
  
activerecord (6.1.4.1) lib/active_record/migration.rb:625:in `check_pending!'
activerecord (6.1.4.1) lib/active_record/migration.rb:590:in `block (2 levels) in call'
activesupport (6.1.4.1) lib/active_support/evented_file_update_checker.rb:59:in `execute'
activerecord (6.1.4.1) lib/active_record/migration.rb:595:in `block in call'
activerecord (6.1.4.1) lib/active_record/migration.rb:587:in `synchronize'
activerecord (6.1.4.1) lib/active_record/migration.rb:587:in `call'
actionpack (6.1.4.1) lib/action_dispatch/middleware/callbacks.rb:27:in `block in call'
activesupport (6.1.4.1) lib/active_support/callbacks.rb:98:in `run_callbacks'
actionpack (6.1.4.1) lib/action_dispatch/middleware/callbacks.rb:26:in `call'
actionpack (6.1.4.1) lib/action_dispatch/middleware/executor.rb:14:in `call'
actionpack (6.1.4.1) lib/action_dispatch/middleware/actionable_exceptions.rb:18:in `call'
actionpack (6.1.4.1) lib/action_dispatch/middleware/debug_exceptions.rb:29:in `call'
web-console (4.1.0) lib/web_console/middleware.rb:132:in `call_app'
web-console (4.1.0) lib/web_console/middleware.rb:28:in `block in call'
web-console (4.1.0) lib/web_console/middleware.rb:17:in `catch'
web-console (4.1.0) lib/web_console/middleware.rb:17:in `call'
actionpack (6.1.4.1) lib/action_dispatch/middleware/show_exceptions.rb:33:in `call'
railties (6.1.4.1) lib/rails/rack/logger.rb:37:in `call_app'
railties (6.1.4.1) lib/rails/rack/logger.rb:26:in `block in call'
activesupport (6.1.4.1) lib/active_support/tagged_logging.rb:99:in `block in tagged'
activesupport (6.1.4.1) lib/active_support/tagged_logging.rb:37:in `tagged'
activesupport (6.1.4.1) lib/active_support/tagged_logging.rb:99:in `tagged'
railties (6.1.4.1) lib/rails/rack/logger.rb:26:in `call'
sprockets-rails (3.2.2) lib/sprockets/rails/quiet_assets.rb:13:in `call'
actionpack (6.1.4.1) lib/action_dispatch/middleware/remote_ip.rb:81:in `call'
actionpack (6.1.4.1) lib/action_dispatch/middleware/request_id.rb:26:in `call'
rack (2.2.3) lib/rack/method_override.rb:24:in `call'
rack (2.2.3) lib/rack/runtime.rb:22:in `call'
activesupport (6.1.4.1) lib/active_support/cache/strategy/local_cache_middleware.rb:29:in `call'
actionpack (6.1.4.1) lib/action_dispatch/middleware/executor.rb:14:in `call'
actionpack (6.1.4.1) lib/action_dispatch/middleware/static.rb:24:in `call'
rack (2.2.3) lib/rack/sendfile.rb:110:in `call'
actionpack (6.1.4.1) lib/action_dispatch/middleware/host_authorization.rb:98:in `call'
rack-mini-profiler (2.3.3) lib/mini_profiler/profiler.rb:393:in `call'
webpacker (5.4.3) lib/webpacker/dev_server_proxy.rb:25:in `perform_request'
rack-proxy (0.7.0) lib/rack/proxy.rb:63:in `call'
railties (6.1.4.1) lib/rails/engine.rb:539:in `call'
puma (5.4.0) lib/puma/configuration.rb:249:in `call'
puma (5.4.0) lib/puma/request.rb:77:in `block in handle_request'
puma (5.4.0) lib/puma/thread_pool.rb:340:in `with_force_shutdown'
puma (5.4.0) lib/puma/request.rb:76:in `handle_request'
puma (5.4.0) lib/puma/server.rb:440:in `process_client'
puma (5.4.0) lib/puma/thread_pool.rb:147:in `block in spawn_thread'
Started GET "/users/4" for 127.0.0.1 at 2021-09-16 11:03:10 -0500
  [1m[35m (0.2ms)[0m  [1m[34mSELECT "schema_migrations"."version" FROM "schema_migrations" ORDER BY "schema_migrations"."version" ASC[0m
  [1m[35mCACHE  (0.0ms)[0m  [1m[34mSELECT "schema_migrations"."version" FROM "schema_migrations" ORDER BY "schema_migrations"."version" ASC[0m
  
ActiveRecord::PendingMigrationError (

Migrations are pending. To resolve this issue, run:

        bin/rails db:migrate RAILS_ENV=development

You have 1 pending migration:

20210916154813_create_active_storage_tables.active_storage.rb


):
  
activerecord (6.1.4.1) lib/active_record/migration.rb:625:in `check_pending!'
activerecord (6.1.4.1) lib/active_record/migration.rb:590:in `block (2 levels) in call'
activesupport (6.1.4.1) lib/active_support/evented_file_update_checker.rb:59:in `execute'
activerecord (6.1.4.1) lib/active_record/migration.rb:595:in `block in call'
activerecord (6.1.4.1) lib/active_record/migration.rb:587:in `synchronize'
activerecord (6.1.4.1) lib/active_record/migration.rb:587:in `call'
actionpack (6.1.4.1) lib/action_dispatch/middleware/callbacks.rb:27:in `block in call'
activesupport (6.1.4.1) lib/active_support/callbacks.rb:98:in `run_callbacks'
actionpack (6.1.4.1) lib/action_dispatch/middleware/callbacks.rb:26:in `call'
actionpack (6.1.4.1) lib/action_dispatch/middleware/executor.rb:14:in `call'
actionpack (6.1.4.1) lib/action_dispatch/middleware/actionable_exceptions.rb:18:in `call'
actionpack (6.1.4.1) lib/action_dispatch/middleware/debug_exceptions.rb:29:in `call'
web-console (4.1.0) lib/web_console/middleware.rb:132:in `call_app'
web-console (4.1.0) lib/web_console/middleware.rb:28:in `block in call'
web-console (4.1.0) lib/web_console/middleware.rb:17:in `catch'
web-console (4.1.0) lib/web_console/middleware.rb:17:in `call'
actionpack (6.1.4.1) lib/action_dispatch/middleware/show_exceptions.rb:33:in `call'
railties (6.1.4.1) lib/rails/rack/logger.rb:37:in `call_app'
railties (6.1.4.1) lib/rails/rack/logger.rb:26:in `block in call'
activesupport (6.1.4.1) lib/active_support/tagged_logging.rb:99:in `block in tagged'
activesupport (6.1.4.1) lib/active_support/tagged_logging.rb:37:in `tagged'
activesupport (6.1.4.1) lib/active_support/tagged_logging.rb:99:in `tagged'
railties (6.1.4.1) lib/rails/rack/logger.rb:26:in `call'
sprockets-rails (3.2.2) lib/sprockets/rails/quiet_assets.rb:13:in `call'
actionpack (6.1.4.1) lib/action_dispatch/middleware/remote_ip.rb:81:in `call'
actionpack (6.1.4.1) lib/action_dispatch/middleware/request_id.rb:26:in `call'
rack (2.2.3) lib/rack/method_override.rb:24:in `call'
rack (2.2.3) lib/rack/runtime.rb:22:in `call'
activesupport (6.1.4.1) lib/active_support/cache/strategy/local_cache_middleware.rb:29:in `call'
actionpack (6.1.4.1) lib/action_dispatch/middleware/executor.rb:14:in `call'
actionpack (6.1.4.1) lib/action_dispatch/middleware/static.rb:24:in `call'
rack (2.2.3) lib/rack/sendfile.rb:110:in `call'
actionpack (6.1.4.1) lib/action_dispatch/middleware/host_authorization.rb:98:in `call'
rack-mini-profiler (2.3.3) lib/mini_profiler/profiler.rb:393:in `call'
webpacker (5.4.3) lib/webpacker/dev_server_proxy.rb:25:in `perform_request'
rack-proxy (0.7.0) lib/rack/proxy.rb:63:in `call'
railties (6.1.4.1) lib/rails/engine.rb:539:in `call'
puma (5.4.0) lib/puma/configuration.rb:249:in `call'
puma (5.4.0) lib/puma/request.rb:77:in `block in handle_request'
puma (5.4.0) lib/puma/thread_pool.rb:340:in `with_force_shutdown'
puma (5.4.0) lib/puma/request.rb:76:in `handle_request'
puma (5.4.0) lib/puma/server.rb:440:in `process_client'
puma (5.4.0) lib/puma/thread_pool.rb:147:in `block in spawn_thread'
  [1m[35m (0.6ms)[0m  [1m[34mSELECT sqlite_version(*)[0m
  [1m[35m (0.2ms)[0m  [1m[34mSELECT "schema_migrations"."version" FROM "schema_migrations" ORDER BY "schema_migrations"."version" ASC[0m
Migrating to CreateActiveStorageTables (20210916154813)
  [1m[36mTRANSACTION (0.0ms)[0m  [1m[36mbegin transaction[0m
  [1m[35m (6.1ms)[0m  [1m[35mCREATE TABLE "active_storage_blobs" ("id" integer PRIMARY KEY AUTOINCREMENT NOT NULL, "key" varchar NOT NULL, "filename" varchar NOT NULL, "content_type" varchar, "metadata" text, "service_name" varchar NOT NULL, "byte_size" bigint NOT NULL, "checksum" varchar NOT NULL, "created_at" datetime NOT NULL)[0m
  [1m[35m (0.1ms)[0m  [1m[35mCREATE UNIQUE INDEX "index_active_storage_blobs_on_key" ON "active_storage_blobs" ("key")[0m
  [1m[36mTRANSACTION (4.3ms)[0m  [1m[31mrollback transaction[0m
  [1m[35m (0.6ms)[0m  [1m[34mSELECT sqlite_version(*)[0m
  [1m[35m (0.2ms)[0m  [1m[34mSELECT "schema_migrations"."version" FROM "schema_migrations" ORDER BY "schema_migrations"."version" ASC[0m
Migrating to CreateActiveStorageTables (20210916154813)
  [1m[36mTRANSACTION (0.0ms)[0m  [1m[36mbegin transaction[0m
  [1m[35m (6.0ms)[0m  [1m[35mCREATE TABLE "active_storage_blobs" ("id" integer PRIMARY KEY AUTOINCREMENT NOT NULL, "key" varchar NOT NULL, "filename" varchar NOT NULL, "content_type" varchar, "metadata" text, "service_name" varchar NOT NULL, "byte_size" bigint NOT NULL, "checksum" varchar NOT NULL, "created_at" datetime NOT NULL)[0m
  [1m[35m (0.2ms)[0m  [1m[35mCREATE UNIQUE INDEX "index_active_storage_blobs_on_key" ON "active_storage_blobs" ("key")[0m
  [1m[36mTRANSACTION (7.0ms)[0m  [1m[31mrollback transaction[0m
  [1m[35m (0.6ms)[0m  [1m[34mSELECT sqlite_version(*)[0m
  [1m[35m (0.2ms)[0m  [1m[34mSELECT "schema_migrations"."version" FROM "schema_migrations" ORDER BY "schema_migrations"."version" ASC[0m
Migrating to CreateActiveStorageTables (20210916154813)
  [1m[36mTRANSACTION (0.1ms)[0m  [1m[36mbegin transaction[0m
  [1m[35m (1.9ms)[0m  [1m[35mCREATE TABLE "active_storage_blobs" ("id" integer PRIMARY KEY AUTOINCREMENT NOT NULL, "key" varchar NOT NULL, "filename" varchar NOT NULL, "content_type" varchar, "metadata" text, "service_name" varchar NOT NULL, "byte_size" bigint NOT NULL, "checksum" varchar NOT NULL, "created_at" datetime NOT NULL)[0m
  [1m[35m (0.1ms)[0m  [1m[35mCREATE UNIQUE INDEX "index_active_storage_blobs_on_key" ON "active_storage_blobs" ("key")[0m
  [1m[35m (0.2ms)[0m  [1m[35mCREATE TABLE "active_storage_attachments" ("id" integer PRIMARY KEY AUTOINCREMENT NOT NULL, "name" varchar NOT NULL, "record_type" varchar NOT NULL, "record_id" integer NOT NULL, "blob_id" integer NOT NULL, "created_at" datetime NOT NULL, CONSTRAINT "fk_rails_c3b3935057"
FOREIGN KEY ("blob_id")
  REFERENCES "active_storage_blobs" ("id")
)[0m
  [1m[35m (0.3ms)[0m  [1m[35mCREATE INDEX "index_active_storage_attachments_on_blob_id" ON "active_storage_attachments" ("blob_id")[0m
  [1m[35m (0.1ms)[0m  [1m[35mCREATE UNIQUE INDEX "index_active_storage_attachments_uniqueness" ON "active_storage_attachments" ("record_type", "record_id", "name", "blob_id")[0m
  [1m[35m (0.2ms)[0m  [1m[35mCREATE TABLE "active_storage_variant_records" ("id" integer PRIMARY KEY AUTOINCREMENT NOT NULL, "blob_id" integer NOT NULL, "variation_digest" varchar NOT NULL, CONSTRAINT "fk_rails_993965df05"
FOREIGN KEY ("blob_id")
  REFERENCES "active_storage_blobs" ("id")
)[0m
  [1m[35m (0.2ms)[0m  [1m[35mCREATE UNIQUE INDEX "index_active_storage_variant_records_uniqueness" ON "active_storage_variant_records" ("blob_id", "variation_digest")[0m
  [1m[36mActiveRecord::SchemaMigration Create (0.2ms)[0m  [1m[32mINSERT INTO "schema_migrations" ("version") VALUES (?)[0m  [["version", "20210916154813"]]
  [1m[36mTRANSACTION (5.3ms)[0m  [1m[36mcommit transaction[0m
  [1m[36mActiveRecord::InternalMetadata Load (0.3ms)[0m  [1m[34mSELECT "ar_internal_metadata".* FROM "ar_internal_metadata" WHERE "ar_internal_metadata"."key" = ? LIMIT ?[0m  [["key", "environment"], ["LIMIT", 1]]
  [1m[35m (0.0ms)[0m  [1m[34mSELECT sqlite_version(*)[0m
  [1m[35m (0.1ms)[0m  [1m[34mSELECT "schema_migrations"."version" FROM "schema_migrations" ORDER BY "schema_migrations"."version" ASC[0m
Started GET "/users/4" for 127.0.0.1 at 2021-09-16 11:04:22 -0500
  [1m[35m (2.2ms)[0m  [1m[34mSELECT sqlite_version(*)[0m
  [1m[35m (0.2ms)[0m  [1m[34mSELECT "schema_migrations"."version" FROM "schema_migrations" ORDER BY "schema_migrations"."version" ASC[0m
Processing by UsersController#show as HTML
  Parameters: {"id"=>"4"}
  [1m[36mUser Load (0.2ms)[0m  [1m[34mSELECT "users".* FROM "users" WHERE "users"."id" = ? LIMIT ?[0m  [["id", 4], ["LIMIT", 1]]
  â†³ app/controllers/users_controller.rb:17:in `show'
Completed 500 Internal Server Error in 23ms (ActiveRecord: 0.9ms | Allocations: 8678)


  
NoMethodError (undefined method `logged_in?' for #<UsersController:0x007fffc692e0f0>
Did you mean?  logger):
  
app/controllers/users_controller.rb:19:in `show'
Started GET "/users/4" for 127.0.0.1 at 2021-09-16 11:04:36 -0500
Processing by UsersController#show as HTML
  Parameters: {"id"=>"4"}
  [1m[35m (0.1ms)[0m  [1m[34mSELECT sqlite_version(*)[0m
  â†³ app/controllers/users_controller.rb:17:in `show'
  [1m[36mUser Load (0.2ms)[0m  [1m[34mSELECT "users".* FROM "users" WHERE "users"."id" = ? LIMIT ?[0m  [["id", 4], ["LIMIT", 1]]
  â†³ app/controllers/users_controller.rb:17:in `show'
  Rendering layout layouts/application.html.erb
  Rendering users/show.erb within layouts/application
  Rendered users/show.erb within layouts/application (Duration: 0.7ms | Allocations: 213)
[Webpacker] Everything's up-to-date. Nothing to do
  Rendered layout layouts/application.html.erb (Duration: 280.1ms | Allocations: 21059)
Completed 200 OK in 300ms (Views: 284.0ms | ActiveRecord: 1.7ms | Allocations: 27551)


Started GET "/users/4" for 127.0.0.1 at 2021-09-16 11:08:52 -0500
Processing by UsersController#show as HTML
  Parameters: {"id"=>"4"}
  [1m[36mUser Load (0.4ms)[0m  [1m[34mSELECT "users".* FROM "users" WHERE "users"."id" = ? LIMIT ?[0m  [["id", 4], ["LIMIT", 1]]
  â†³ app/controllers/users_controller.rb:17:in `show'
  Rendering layout layouts/application.html.erb
  Rendering users/show.erb within layouts/application
  Rendered users/show.erb within layouts/application (Duration: 0.6ms | Allocations: 186)
[Webpacker] Everything's up-to-date. Nothing to do
  Rendered layout layouts/application.html.erb (Duration: 16.2ms | Allocations: 3535)
Completed 200 OK in 25ms (Views: 19.5ms | ActiveRecord: 0.4ms | Allocations: 5218)


Started GET "/users/4" for 127.0.0.1 at 2021-09-16 11:08:54 -0500
Processing by UsersController#show as HTML
  Parameters: {"id"=>"4"}
  [1m[36mUser Load (0.4ms)[0m  [1m[34mSELECT "users".* FROM "users" WHERE "users"."id" = ? LIMIT ?[0m  [["id", 4], ["LIMIT", 1]]
  â†³ app/controllers/users_controller.rb:17:in `show'
  Rendering layout layouts/application.html.erb
  Rendering users/show.erb within layouts/application
  Rendered users/show.erb within layouts/application (Duration: 0.3ms | Allocations: 81)
[Webpacker] Everything's up-to-date. Nothing to do
  Rendered layout layouts/application.html.erb (Duration: 18.2ms | Allocations: 3228)
Completed 200 OK in 25ms (Views: 20.3ms | ActiveRecord: 0.4ms | Allocations: 4164)


Started GET "/trips/new" for 127.0.0.1 at 2021-09-16 11:09:00 -0500
Processing by TripsController#new as HTML
  Rendering layout layouts/application.html.erb
  Rendering trips/new.erb within layouts/application
  Rendered trips/new.erb within layouts/application (Duration: 9.5ms | Allocations: 1160)
  Rendered layout layouts/application.html.erb (Duration: 11.2ms | Allocations: 1230)
Completed 500 Internal Server Error in 16ms (ActiveRecord: 0.0ms | Allocations: 2089)


  
ActionView::Template::Error (First argument in form cannot contain nil or be empty):
    1: <h1>Add a new trip </h1>
    2: 
    3: <%= form_for @user, url:'/signup' do |f| %>
    4:     <%= f.label :location %>
    5:     <%= f.text_field :location %> <br>
    6: 
  
app/views/trips/new.erb:3
Started GET "/trips/new" for 127.0.0.1 at 2021-09-16 11:10:17 -0500
Processing by TripsController#new as HTML
  Rendering layout layouts/application.html.erb
  Rendering trips/new.erb within layouts/application
  Rendered trips/new.erb within layouts/application (Duration: 12.9ms | Allocations: 1188)
  Rendered layout layouts/application.html.erb (Duration: 15.5ms | Allocations: 1258)
Completed 500 Internal Server Error in 23ms (ActiveRecord: 0.0ms | Allocations: 2270)


  
ActionView::Template::Error (First argument in form cannot contain nil or be empty):
    1: <h1>Add a new trip </h1>
    2: 
    3: <%= form_for @trip do |f| %>
    4:     <%= f.label :location %>
    5:     <%= f.text_field :location %> <br>
    6: 
  
app/views/trips/new.erb:3
Started GET "/trips/new" for 127.0.0.1 at 2021-09-16 11:10:18 -0500
Processing by TripsController#new as HTML
  Rendering layout layouts/application.html.erb
  Rendering trips/new.erb within layouts/application
  Rendered trips/new.erb within layouts/application (Duration: 0.5ms | Allocations: 956)
  Rendered layout layouts/application.html.erb (Duration: 2.1ms | Allocations: 1027)
Completed 500 Internal Server Error in 5ms (ActiveRecord: 0.0ms | Allocations: 1384)


  
ActionView::Template::Error (First argument in form cannot contain nil or be empty):
    1: <h1>Add a new trip </h1>
    2: 
    3: <%= form_for @trip do |f| %>
    4:     <%= f.label :location %>
    5:     <%= f.text_field :location %> <br>
    6: 
  
app/views/trips/new.erb:3
Started GET "/trips/new" for 127.0.0.1 at 2021-09-16 11:15:59 -0500
Processing by TripsController#new as HTML
  Rendering layout layouts/application.html.erb
  Rendering trips/new.erb within layouts/application
  Rendered trips/new.erb within layouts/application (Duration: 0.4ms | Allocations: 935)
  Rendered layout layouts/application.html.erb (Duration: 1.7ms | Allocations: 1005)
Completed 500 Internal Server Error in 4ms (Allocations: 1504)


  
ActionView::Template::Error (First argument in form cannot contain nil or be empty):
    1: <h1>Add a new trip </h1>
    2: 
    3: <%= form_for @trip do |f| %>
    4:     <%= f.label :location %>
    5:     <%= f.text_field :location %> <br>
    6: 
  
app/views/trips/new.erb:3
Started GET "/trips/new" for 127.0.0.1 at 2021-09-16 11:16:09 -0500
  [1m[35m (1.2ms)[0m  [1m[34mSELECT sqlite_version(*)[0m
  [1m[35m (0.3ms)[0m  [1m[34mSELECT "schema_migrations"."version" FROM "schema_migrations" ORDER BY "schema_migrations"."version" ASC[0m
Processing by TripsController#new as HTML
  Rendering layout layouts/application.html.erb
  Rendering trips/new.erb within layouts/application
  Rendered trips/new.erb within layouts/application (Duration: 4.4ms | Allocations: 1618)
  Rendered layout layouts/application.html.erb (Duration: 6.0ms | Allocations: 1693)
Completed 500 Internal Server Error in 22ms (ActiveRecord: 0.0ms | Allocations: 4130)


  
ActionView::Template::Error (First argument in form cannot contain nil or be empty):
    1: <h1>Add a new trip </h1>
    2: 
    3: <%= form_for @trip do |f| %>
    4:     <%= f.label :location %>
    5:     <%= f.text_field :location %> <br>
    6: 
  
app/views/trips/new.erb:3
Started GET "/trips/new" for 127.0.0.1 at 2021-09-16 11:17:32 -0500
Processing by TripsController#new as HTML
Completed 500 Internal Server Error in 2ms (Allocations: 2132)


  
NameError (uninitialized constant TripsController::Room):
  
app/controllers/trips_controller.rb:4:in `new'
Started GET "/trips/new" for 127.0.0.1 at 2021-09-16 11:17:34 -0500
Processing by TripsController#new as HTML
Completed 500 Internal Server Error in 4ms (Allocations: 2104)


  
NameError (uninitialized constant TripsController::Room):
  
app/controllers/trips_controller.rb:4:in `new'
Started GET "/trips/new" for 127.0.0.1 at 2021-09-16 11:17:45 -0500
Processing by TripsController#new as HTML
  [1m[35m (0.1ms)[0m  [1m[34mSELECT sqlite_version(*)[0m
  â†³ app/controllers/trips_controller.rb:4:in `new'
  Rendering layout layouts/application.html.erb
  Rendering trips/new.erb within layouts/application
  Rendered trips/new.erb within layouts/application (Duration: 26.7ms | Allocations: 2777)
[Webpacker] Everything's up-to-date. Nothing to do
  Rendered layout layouts/application.html.erb (Duration: 98.6ms | Allocations: 8865)
Completed 200 OK in 147ms (Views: 101.3ms | ActiveRecord: 2.0ms | Allocations: 16583)


Started POST "/trips" for 127.0.0.1 at 2021-09-16 11:18:13 -0500
Processing by TripsController#create as HTML
  Parameters: {"authenticity_token"=>"[FILTERED]", "trip"=>{"location"=>"Denver", "date"=>"March 2020", "user_id"=>""}, "commit"=>"Submit"}
Completed 500 Internal Server Error in 8ms (ActiveRecord: 0.0ms | Allocations: 2640)


  
NameError (undefined local variable or method `trip_params' for #<TripsController:0x007fffe59db470>
Did you mean?  trip_path):
  
app/controllers/trips_controller.rb:8:in `create'
Started POST "/trips" for 127.0.0.1 at 2021-09-16 11:18:56 -0500
Processing by TripsController#create as HTML
  Parameters: {"authenticity_token"=>"[FILTERED]", "trip"=>{"location"=>"Denver", "date"=>"March 2020", "user_id"=>""}, "commit"=>"Submit"}
Completed 500 Internal Server Error in 10ms (Allocations: 4208)


  
NameError (undefined local variable or method `trip_params' for #<TripsController:0x007fba3c82ae30>
Did you mean?  trip_path):
  
app/controllers/trips_controller.rb:8:in `create'
Started POST "/trips" for 127.0.0.1 at 2021-09-16 11:19:08 -0500
Processing by TripsController#create as HTML
  Parameters: {"authenticity_token"=>"[FILTERED]", "trip"=>{"location"=>"Denver", "date"=>"March 2020", "user_id"=>""}, "commit"=>"Submit"}
[31mUnpermitted parameter: :user_id[0m
  [1m[35m (0.1ms)[0m  [1m[34mSELECT sqlite_version(*)[0m
  â†³ app/controllers/trips_controller.rb:8:in `create'
  [1m[36mTRANSACTION (0.1ms)[0m  [1m[36mbegin transaction[0m
  â†³ app/controllers/trips_controller.rb:9:in `create'
  [1m[36mTrip Create (1.4ms)[0m  [1m[32mINSERT INTO "trips" ("location", "date", "created_at", "updated_at") VALUES (?, ?, ?, ?)[0m  [["location", "Denver"], ["date", "March 2020"], ["created_at", "2021-09-16 16:19:08.723895"], ["updated_at", "2021-09-16 16:19:08.723895"]]
  â†³ app/controllers/trips_controller.rb:9:in `create'
  [1m[36mTRANSACTION (9.3ms)[0m  [1m[36mcommit transaction[0m
  â†³ app/controllers/trips_controller.rb:9:in `create'
Redirected to http://127.0.0.1:3000/trips/1
Completed 302 Found in 35ms (ActiveRecord: 12.4ms | Allocations: 10921)


Started GET "/trips/1" for 127.0.0.1 at 2021-09-16 11:19:08 -0500
Processing by TripsController#show as HTML
  Parameters: {"id"=>"1"}
  Rendering layout layouts/application.html.erb
  Rendering trips/show.erb within layouts/application
  Rendered trips/show.erb within layouts/application (Duration: 0.4ms | Allocations: 105)
[Webpacker] Everything's up-to-date. Nothing to do
  Rendered layout layouts/application.html.erb (Duration: 16.4ms | Allocations: 3262)
Completed 200 OK in 19ms (Views: 18.3ms | ActiveRecord: 0.0ms | Allocations: 3876)


Started GET "/trips/1" for 127.0.0.1 at 2021-09-16 11:22:41 -0500
Processing by TripsController#show as HTML
  Parameters: {"id"=>"1"}
  Rendering layout layouts/application.html.erb
  Rendering trips/show.erb within layouts/application
  Rendered trips/show.erb within layouts/application (Duration: 7.7ms | Allocations: 1446)
  Rendered layout layouts/application.html.erb (Duration: 9.2ms | Allocations: 1516)
Completed 500 Internal Server Error in 17ms (ActiveRecord: 0.0ms | Allocations: 2528)


  
ActionView::Template::Error (undefined method `location' for nil:NilClass):
    1: <h1> <%= @trip.location %> </h1>
    2: <h2> <%= @trip.date %> </h2>
  
app/views/trips/show.erb:1
  [1m[35m (0.6ms)[0m  [1m[34mSELECT sqlite_version(*)[0m
  [1m[36mTrip Load (0.2ms)[0m  [1m[34mSELECT "trips".* FROM "trips" /* loading for inspect */ LIMIT ?[0m  [["LIMIT", 11]]
Started GET "/trips/1" for 127.0.0.1 at 2021-09-16 11:23:01 -0500
Processing by TripsController#show as HTML
  Parameters: {"id"=>"1"}
  Rendering layout layouts/application.html.erb
  Rendering trips/show.erb within layouts/application
  Rendered trips/show.erb within layouts/application (Duration: 1.4ms | Allocations: 1335)
  Rendered layout layouts/application.html.erb (Duration: 3.0ms | Allocations: 1405)
Completed 500 Internal Server Error in 5ms (ActiveRecord: 0.0ms | Allocations: 1759)


  
ActionView::Template::Error (undefined method `location' for nil:NilClass):
    1: <h1> <%= @trip.location %> </h1>
    2: <h2> <%= @trip.date %> </h2>
  
app/views/trips/show.erb:1
Started GET "/trips/new" for 127.0.0.1 at 2021-09-16 11:23:04 -0500
Processing by TripsController#new as HTML
  Rendering layout layouts/application.html.erb
  Rendering trips/new.erb within layouts/application
  Rendered trips/new.erb within layouts/application (Duration: 2.8ms | Allocations: 872)
[Webpacker] Everything's up-to-date. Nothing to do
  Rendered layout layouts/application.html.erb (Duration: 19.8ms | Allocations: 4208)
Completed 200 OK in 23ms (Views: 21.7ms | ActiveRecord: 0.0ms | Allocations: 4723)


Started POST "/trips" for 127.0.0.1 at 2021-09-16 11:23:08 -0500
Processing by TripsController#create as HTML
  Parameters: {"authenticity_token"=>"[FILTERED]", "trip"=>{"location"=>"Denver", "date"=>"lkj", "user_id"=>""}, "commit"=>"Submit"}
[31mUnpermitted parameter: :user_id[0m
  [1m[36mTRANSACTION (0.2ms)[0m  [1m[36mbegin transaction[0m
  â†³ app/controllers/trips_controller.rb:9:in `create'
  [1m[36mTrip Create (1.3ms)[0m  [1m[32mINSERT INTO "trips" ("location", "date", "created_at", "updated_at") VALUES (?, ?, ?, ?)[0m  [["location", "Denver"], ["date", "lkj"], ["created_at", "2021-09-16 16:23:08.080587"], ["updated_at", "2021-09-16 16:23:08.080587"]]
  â†³ app/controllers/trips_controller.rb:9:in `create'
  [1m[36mTRANSACTION (11.7ms)[0m  [1m[36mcommit transaction[0m
  â†³ app/controllers/trips_controller.rb:9:in `create'
Redirected to http://127.0.0.1:3000/trips/2
Completed 302 Found in 29ms (ActiveRecord: 13.1ms | Allocations: 5481)


Started GET "/trips/2" for 127.0.0.1 at 2021-09-16 11:23:08 -0500
Processing by TripsController#show as HTML
  Parameters: {"id"=>"2"}
  Rendering layout layouts/application.html.erb
  Rendering trips/show.erb within layouts/application
  Rendered trips/show.erb within layouts/application (Duration: 1.0ms | Allocations: 1334)
  Rendered layout layouts/application.html.erb (Duration: 2.3ms | Allocations: 1404)
Completed 500 Internal Server Error in 4ms (ActiveRecord: 0.0ms | Allocations: 1758)


  
ActionView::Template::Error (undefined method `location' for nil:NilClass):
    1: <h1> <%= @trip.location %> </h1>
    2: <h2> <%= @trip.date %> </h2>
  
app/views/trips/show.erb:1
Started GET "/trips/2" for 127.0.0.1 at 2021-09-16 11:26:06 -0500
Processing by TripsController#show as HTML
  Parameters: {"id"=>"2"}
  Rendering layout layouts/application.html.erb
  Rendering trips/show.erb within layouts/application
  Rendered trips/show.erb within layouts/application (Duration: 5.5ms | Allocations: 1314)
  Rendered layout layouts/application.html.erb (Duration: 7.1ms | Allocations: 1384)
Completed 500 Internal Server Error in 10ms (Allocations: 1883)


  
ActionView::Template::Error (undefined method `location' for nil:NilClass):
    1: <h1> <%= @trip.location %> </h1>
    2: <h2> <%= @trip.date %> </h2>
  
app/views/trips/show.erb:1
Started GET "/trips/2" for 127.0.0.1 at 2021-09-16 11:26:07 -0500
Processing by TripsController#show as HTML
  Parameters: {"id"=>"2"}
  Rendering layout layouts/application.html.erb
  Rendering trips/show.erb within layouts/application
  Rendered trips/show.erb within layouts/application (Duration: 1.6ms | Allocations: 1335)
  Rendered layout layouts/application.html.erb (Duration: 3.2ms | Allocations: 1405)
Completed 500 Internal Server Error in 7ms (Allocations: 1758)


  
ActionView::Template::Error (undefined method `location' for nil:NilClass):
    1: <h1> <%= @trip.location %> </h1>
    2: <h2> <%= @trip.date %> </h2>
  
app/views/trips/show.erb:1
Started GET "/trips/2" for 127.0.0.1 at 2021-09-16 11:27:40 -0500
Processing by TripsController#show as HTML
  Parameters: {"id"=>"2"}
  Rendering layout layouts/application.html.erb
  Rendering trips/show.erb within layouts/application
  Rendered trips/show.erb within layouts/application (Duration: 1.0ms | Allocations: 1314)
  Rendered layout layouts/application.html.erb (Duration: 2.3ms | Allocations: 1384)
Completed 500 Internal Server Error in 4ms (Allocations: 1883)


  
ActionView::Template::Error (undefined method `location' for nil:NilClass):
    1: <h1> <%= @trip.location %> </h1>
    2: <h2> <%= @trip.date %> </h2>
  
app/views/trips/show.erb:1
Started GET "/trips/2" for 127.0.0.1 at 2021-09-16 11:29:10 -0500
  
SyntaxError (/mnt/c/Users/donov/Shopify/TravelPhotoRepo/app/controllers/trips_controller.rb:2: syntax error, unexpected [, expecting do or '{' or '('
...fore_action  :find_trip, only [:show, :destroy]
...                              ^):
  
app/controllers/trips_controller.rb:2: syntax error, unexpected [, expecting do or '{' or '('
app/controllers/trips_controller.rb:2: syntax error, unexpected [, expecting do or '{' or '('
app/controllers/trips_controller.rb:2: syntax error, unexpected [, expecting do or '{' or '('
Started GET "/trips/2" for 127.0.0.1 at 2021-09-16 11:29:30 -0500
Processing by TripsController#show as HTML
  Parameters: {"id"=>"2"}
  [1m[35m (0.1ms)[0m  [1m[34mSELECT sqlite_version(*)[0m
  â†³ app/controllers/trips_controller.rb:21:in `find_trip'
  [1m[36mTrip Load (0.3ms)[0m  [1m[34mSELECT "trips".* FROM "trips" WHERE "trips"."id" = ? LIMIT ?[0m  [["id", 2], ["LIMIT", 1]]
  â†³ app/controllers/trips_controller.rb:21:in `find_trip'
  Rendering layout layouts/application.html.erb
  Rendering trips/show.erb within layouts/application
  Rendered trips/show.erb within layouts/application (Duration: 0.1ms | Allocations: 44)
[Webpacker] Everything's up-to-date. Nothing to do
  Rendered layout layouts/application.html.erb (Duration: 13.4ms | Allocations: 3187)
Completed 200 OK in 31ms (Views: 15.3ms | ActiveRecord: 1.7ms | Allocations: 9920)


Started GET "/trips/2" for 127.0.0.1 at 2021-09-16 11:31:05 -0500
Processing by TripsController#show as HTML
  Parameters: {"id"=>"2"}
  [1m[36mTrip Load (0.4ms)[0m  [1m[34mSELECT "trips".* FROM "trips" WHERE "trips"."id" = ? LIMIT ?[0m  [["id", 2], ["LIMIT", 1]]
  â†³ app/controllers/trips_controller.rb:21:in `find_trip'
  Rendering layout layouts/application.html.erb
  Rendering trips/show.erb within layouts/application
  Rendered trips/show.erb within layouts/application (Duration: 13.5ms | Allocations: 3540)
  Rendered layout layouts/application.html.erb (Duration: 15.0ms | Allocations: 3610)
Completed 500 Internal Server Error in 25ms (ActiveRecord: 0.4ms | Allocations: 5180)


  
ActionView::Template::Error (undefined local variable or method `f' for #<ActionView::Base:0x007fffe5b3d020>):
    1: <h1> <%= @trip.location %> </h1>
    2: <h2> <%= @trip.date %> </h2>
    3: <%= f.file_field :photo %>
  
app/views/trips/show.erb:3
Started GET "/trips/2" for 127.0.0.1 at 2021-09-16 11:31:54 -0500
Processing by TripsController#show as HTML
  Parameters: {"id"=>"2"}
  [1m[35m (0.0ms)[0m  [1m[34mSELECT sqlite_version(*)[0m
  â†³ app/controllers/trips_controller.rb:21:in `find_trip'
  [1m[36mTrip Load (0.2ms)[0m  [1m[34mSELECT "trips".* FROM "trips" WHERE "trips"."id" = ? LIMIT ?[0m  [["id", 2], ["LIMIT", 1]]
  â†³ app/controllers/trips_controller.rb:21:in `find_trip'
  Rendering layout layouts/application.html.erb
  Rendering trips/show.erb within layouts/application
  Rendered trips/show.erb within layouts/application (Duration: 1.9ms | Allocations: 3404)
  Rendered layout layouts/application.html.erb (Duration: 3.4ms | Allocations: 3474)
Completed 500 Internal Server Error in 25ms (ActiveRecord: 1.4ms | Allocations: 9794)


  
ActionView::Template::Error (undefined local variable or method `f' for #<ActionView::Base:0x007fffe4bf0180>):
    1: <h1> <%= @trip.location %> </h1>
    2: <h2> <%= @trip.date %> </h2>
    3: <%= f.file_field :photo %>
  
app/views/trips/show.erb:3
Started GET "/trips/2" for 127.0.0.1 at 2021-09-16 11:31:56 -0500
Processing by TripsController#show as HTML
  Parameters: {"id"=>"2"}
  [1m[36mTrip Load (0.5ms)[0m  [1m[34mSELECT "trips".* FROM "trips" WHERE "trips"."id" = ? LIMIT ?[0m  [["id", 2], ["LIMIT", 1]]
  â†³ app/controllers/trips_controller.rb:21:in `find_trip'
  Rendering layout layouts/application.html.erb
  Rendering trips/show.erb within layouts/application
  Rendered trips/show.erb within layouts/application (Duration: 2.3ms | Allocations: 3423)
  Rendered layout layouts/application.html.erb (Duration: 4.3ms | Allocations: 3493)
Completed 500 Internal Server Error in 11ms (ActiveRecord: 0.5ms | Allocations: 4415)


  
ActionView::Template::Error (undefined local variable or method `f' for #<ActionView::Base:0x007fffe4f92400>):
    1: <h1> <%= @trip.location %> </h1>
    2: <h2> <%= @trip.date %> </h2>
    3: <%= f.file_field :photo %>
  
app/views/trips/show.erb:3
Started GET "/trips/2" for 127.0.0.1 at 2021-09-16 11:32:43 -0500
Processing by TripsController#show as HTML
  Parameters: {"id"=>"2"}
  [1m[36mTrip Load (0.8ms)[0m  [1m[34mSELECT "trips".* FROM "trips" WHERE "trips"."id" = ? LIMIT ?[0m  [["id", 2], ["LIMIT", 1]]
  â†³ app/controllers/trips_controller.rb:21:in `find_trip'
  Rendering layout layouts/application.html.erb
  Rendering trips/show.erb within layouts/application
  Rendered trips/show.erb within layouts/application (Duration: 8.9ms | Allocations: 3659)
  Rendered layout layouts/application.html.erb (Duration: 10.7ms | Allocations: 3729)
Completed 500 Internal Server Error in 21ms (ActiveRecord: 0.8ms | Allocations: 5299)


  
ActionView::Template::Error (undefined local variable or method `form' for #<ActionView::Base:0x007fffe487b1f8>
Did you mean?  for
               fork):
    1: <h1> <%= @trip.location %> </h1>
    2: <h2> <%= @trip.date %> </h2>
    3: <%= form.file_field :photo %>
  
app/views/trips/show.erb:3
Started GET "/trips/2" for 127.0.0.1 at 2021-09-16 11:32:45 -0500
Processing by TripsController#show as HTML
  Parameters: {"id"=>"2"}
  [1m[36mTrip Load (0.3ms)[0m  [1m[34mSELECT "trips".* FROM "trips" WHERE "trips"."id" = ? LIMIT ?[0m  [["id", 2], ["LIMIT", 1]]
  â†³ app/controllers/trips_controller.rb:21:in `find_trip'
  Rendering layout layouts/application.html.erb
  Rendering trips/show.erb within layouts/application
  Rendered trips/show.erb within layouts/application (Duration: 5.9ms | Allocations: 3544)
  Rendered layout layouts/application.html.erb (Duration: 7.8ms | Allocations: 3614)
Completed 500 Internal Server Error in 15ms (ActiveRecord: 0.3ms | Allocations: 4525)


  
ActionView::Template::Error (undefined local variable or method `form' for #<ActionView::Base:0x007fffe46cdd38>
Did you mean?  for
               fork):
    1: <h1> <%= @trip.location %> </h1>
    2: <h2> <%= @trip.date %> </h2>
    3: <%= form.file_field :photo %>
  
app/views/trips/show.erb:3
Started GET "/trips/2" for 127.0.0.1 at 2021-09-16 11:34:49 -0500
  
SyntaxError (/mnt/c/Users/donov/Shopify/TravelPhotoRepo/app/controllers/trips_controller.rb:25: syntax error, unexpected ')', expecting =>
...n, :date, photos: [], :user_id)
...                              ^):
  
app/controllers/trips_controller.rb:25: syntax error, unexpected ')', expecting =>
app/controllers/trips_controller.rb:25: syntax error, unexpected ')', expecting =>
app/controllers/trips_controller.rb:25: syntax error, unexpected ')', expecting =>
Started GET "/trips/2" for 127.0.0.1 at 2021-09-16 11:35:58 -0500
Processing by TripsController#show as HTML
  Parameters: {"id"=>"2"}
  [1m[35m (0.1ms)[0m  [1m[34mSELECT sqlite_version(*)[0m
  â†³ app/controllers/trips_controller.rb:21:in `find_trip'
  [1m[36mTrip Load (0.2ms)[0m  [1m[34mSELECT "trips".* FROM "trips" WHERE "trips"."id" = ? LIMIT ?[0m  [["id", 2], ["LIMIT", 1]]
  â†³ app/controllers/trips_controller.rb:21:in `find_trip'
  Rendering layout layouts/application.html.erb
  Rendering trips/show.erb within layouts/application
  Rendered trips/show.erb within layouts/application (Duration: 3.3ms | Allocations: 3525)
  Rendered layout layouts/application.html.erb (Duration: 5.0ms | Allocations: 3595)
Completed 500 Internal Server Error in 22ms (ActiveRecord: 2.1ms | Allocations: 9925)


  
ActionView::Template::Error (undefined local variable or method `form' for #<ActionView::Base:0x007fba3d83b928>
Did you mean?  for
               fork):
    1: <h1> <%= @trip.location %> </h1>
    2: <h2> <%= @trip.date %> </h2>
    3: <%= form.file_field :photo %>
  
app/views/trips/show.erb:3
Started GET "/trips/2" for 127.0.0.1 at 2021-09-16 11:37:19 -0500
Processing by TripsController#show as HTML
  Parameters: {"id"=>"2"}
  [1m[36mTrip Load (0.3ms)[0m  [1m[34mSELECT "trips".* FROM "trips" WHERE "trips"."id" = ? LIMIT ?[0m  [["id", 2], ["LIMIT", 1]]
  â†³ app/controllers/trips_controller.rb:21:in `find_trip'
  Rendering layout layouts/application.html.erb
  Rendering trips/show.erb within layouts/application
  Rendered trips/show.erb within layouts/application (Duration: 9.6ms | Allocations: 3628)
  Rendered layout layouts/application.html.erb (Duration: 12.1ms | Allocations: 3698)
Completed 500 Internal Server Error in 21ms (ActiveRecord: 0.3ms | Allocations: 5267)


  
ActionView::Template::Error (undefined local variable or method `f' for #<ActionView::Base:0x007fba34ad6060>):
    1: <h1> <%= @trip.location %> </h1>
    2: <h2> <%= @trip.date %> </h2>
    3: <%= f.file_field :photo %>
    4: 
    5: <%= form_for @trip do |f| %>
    6:     <%= f.label :photo %>
  
app/views/trips/show.erb:3
Started GET "/trips/2" for 127.0.0.1 at 2021-09-16 11:37:21 -0500
Processing by TripsController#show as HTML
  Parameters: {"id"=>"2"}
  [1m[36mTrip Load (0.3ms)[0m  [1m[34mSELECT "trips".* FROM "trips" WHERE "trips"."id" = ? LIMIT ?[0m  [["id", 2], ["LIMIT", 1]]
  â†³ app/controllers/trips_controller.rb:21:in `find_trip'
  Rendering layout layouts/application.html.erb
  Rendering trips/show.erb within layouts/application
  Rendered trips/show.erb within layouts/application (Duration: 2.4ms | Allocations: 3423)
  Rendered layout layouts/application.html.erb (Duration: 3.9ms | Allocations: 3493)
Completed 500 Internal Server Error in 10ms (ActiveRecord: 0.3ms | Allocations: 4404)


  
ActionView::Template::Error (undefined local variable or method `f' for #<ActionView::Base:0x007fba34f69a50>):
    1: <h1> <%= @trip.location %> </h1>
    2: <h2> <%= @trip.date %> </h2>
    3: <%= f.file_field :photo %>
    4: 
    5: <%= form_for @trip do |f| %>
    6:     <%= f.label :photo %>
  
app/views/trips/show.erb:3
Started GET "/trips/2" for 127.0.0.1 at 2021-09-16 11:38:00 -0500
Processing by TripsController#show as HTML
  Parameters: {"id"=>"2"}
  [1m[36mTrip Load (0.3ms)[0m  [1m[34mSELECT "trips".* FROM "trips" WHERE "trips"."id" = ? LIMIT ?[0m  [["id", 2], ["LIMIT", 1]]
  â†³ app/controllers/trips_controller.rb:21:in `find_trip'
  Rendering layout layouts/application.html.erb
  Rendering trips/show.erb within layouts/application
  Rendered trips/show.erb within layouts/application (Duration: 6.3ms | Allocations: 1149)
  Rendered layout layouts/application.html.erb (Duration: 7.7ms | Allocations: 1219)
Completed 500 Internal Server Error in 15ms (ActiveRecord: 0.3ms | Allocations: 2800)


  
ActionView::Template::Error (First argument in form cannot contain nil or be empty):
    1: <h1> <%= @trip.location %> </h1>
    2: <h2> <%= @trip.date %> </h2>
    3: 
    4: <%= form_for @photo do |f| %>
    5:     <%= f.label :photo %>
    6:     <%= f.file_field :photo %>
    7: 
  
app/views/trips/show.erb:4
Started GET "/trips/2" for 127.0.0.1 at 2021-09-16 11:38:02 -0500
Processing by TripsController#show as HTML
  Parameters: {"id"=>"2"}
  [1m[36mTrip Load (0.3ms)[0m  [1m[34mSELECT "trips".* FROM "trips" WHERE "trips"."id" = ? LIMIT ?[0m  [["id", 2], ["LIMIT", 1]]
  â†³ app/controllers/trips_controller.rb:21:in `find_trip'
  Rendering layout layouts/application.html.erb
  Rendering trips/show.erb within layouts/application
  Rendered trips/show.erb within layouts/application (Duration: 0.6ms | Allocations: 960)
  Rendered layout layouts/application.html.erb (Duration: 1.8ms | Allocations: 1030)
Completed 500 Internal Server Error in 7ms (ActiveRecord: 0.3ms | Allocations: 1941)


  
ActionView::Template::Error (First argument in form cannot contain nil or be empty):
    1: <h1> <%= @trip.location %> </h1>
    2: <h2> <%= @trip.date %> </h2>
    3: 
    4: <%= form_for @photo do |f| %>
    5:     <%= f.label :photo %>
    6:     <%= f.file_field :photo %>
    7: 
  
app/views/trips/show.erb:4
Started GET "/trips/2" for 127.0.0.1 at 2021-09-16 11:39:05 -0500
Processing by TripsController#show as HTML
  Parameters: {"id"=>"2"}
  [1m[36mTrip Load (0.3ms)[0m  [1m[34mSELECT "trips".* FROM "trips" WHERE "trips"."id" = ? LIMIT ?[0m  [["id", 2], ["LIMIT", 1]]
  â†³ app/controllers/trips_controller.rb:21:in `find_trip'
  Rendering layout layouts/application.html.erb
  Rendering trips/show.erb within layouts/application
  Rendered trips/show.erb within layouts/application (Duration: 9.6ms | Allocations: 3572)
  Rendered layout layouts/application.html.erb (Duration: 11.4ms | Allocations: 3642)
Completed 500 Internal Server Error in 18ms (ActiveRecord: 0.3ms | Allocations: 5211)


  
ActionView::Template::Error (undefined local variable or method `f' for #<ActionView::Base:0x007fba347654d0>):
    1: <h1> <%= @trip.location %> </h1>
    2: <h2> <%= @trip.date %> </h2>
    3: 
    4:     <%= f.label :photo %>
    5:     <%= f.file_field :photo %>
    6: 
  
app/views/trips/show.erb:4
Started GET "/trips/2" for 127.0.0.1 at 2021-09-16 11:39:07 -0500
Processing by TripsController#show as HTML
  Parameters: {"id"=>"2"}
  [1m[36mTrip Load (1.0ms)[0m  [1m[34mSELECT "trips".* FROM "trips" WHERE "trips"."id" = ? LIMIT ?[0m  [["id", 2], ["LIMIT", 1]]
  â†³ app/controllers/trips_controller.rb:21:in `find_trip'
  Rendering layout layouts/application.html.erb
  Rendering trips/show.erb within layouts/application
  Rendered trips/show.erb within layouts/application (Duration: 2.0ms | Allocations: 3423)
  Rendered layout layouts/application.html.erb (Duration: 3.1ms | Allocations: 3493)
Completed 500 Internal Server Error in 12ms (ActiveRecord: 1.0ms | Allocations: 4404)


  
ActionView::Template::Error (undefined local variable or method `f' for #<ActionView::Base:0x007fba34f48d78>):
    1: <h1> <%= @trip.location %> </h1>
    2: <h2> <%= @trip.date %> </h2>
    3: 
    4:     <%= f.label :photo %>
    5:     <%= f.file_field :photo %>
    6: 
  
app/views/trips/show.erb:4
Started GET "/trips/2" for 127.0.0.1 at 2021-09-16 11:39:14 -0500
Processing by TripsController#show as HTML
  Parameters: {"id"=>"2"}
  [1m[36mTrip Load (0.3ms)[0m  [1m[34mSELECT "trips".* FROM "trips" WHERE "trips"."id" = ? LIMIT ?[0m  [["id", 2], ["LIMIT", 1]]
  â†³ app/controllers/trips_controller.rb:21:in `find_trip'
  Rendering layout layouts/application.html.erb
  Rendering trips/show.erb within layouts/application
  Rendered trips/show.erb within layouts/application (Duration: 24.4ms | Allocations: 2833)
[Webpacker] Everything's up-to-date. Nothing to do
  Rendered layout layouts/application.html.erb (Duration: 40.4ms | Allocations: 6063)
Completed 200 OK in 49ms (Views: 44.3ms | ActiveRecord: 0.3ms | Allocations: 7653)


Started GET "/trips/2" for 127.0.0.1 at 2021-09-16 11:40:18 -0500
Processing by TripsController#show as HTML
  Parameters: {"id"=>"2"}
  [1m[36mTrip Load (0.3ms)[0m  [1m[34mSELECT "trips".* FROM "trips" WHERE "trips"."id" = ? LIMIT ?[0m  [["id", 2], ["LIMIT", 1]]
  â†³ app/controllers/trips_controller.rb:21:in `find_trip'
  Rendering layout layouts/application.html.erb
  Rendering trips/show.erb within layouts/application
  Rendered trips/show.erb within layouts/application (Duration: 11.9ms | Allocations: 579)
[Webpacker] Everything's up-to-date. Nothing to do
  Rendered layout layouts/application.html.erb (Duration: 28.2ms | Allocations: 3904)
Completed 200 OK in 39ms (Views: 34.2ms | ActiveRecord: 0.3ms | Allocations: 5490)


Started GET "/trips/2" for 127.0.0.1 at 2021-09-16 11:40:29 -0500
Processing by TripsController#show as HTML
  Parameters: {"id"=>"2"}
  [1m[36mTrip Load (0.3ms)[0m  [1m[34mSELECT "trips".* FROM "trips" WHERE "trips"."id" = ? LIMIT ?[0m  [["id", 2], ["LIMIT", 1]]
  â†³ app/controllers/trips_controller.rb:21:in `find_trip'
  Rendering layout layouts/application.html.erb
  Rendering trips/show.erb within layouts/application
  Rendered trips/show.erb within layouts/application (Duration: 5.8ms | Allocations: 576)
[Webpacker] Everything's up-to-date. Nothing to do
  Rendered layout layouts/application.html.erb (Duration: 19.8ms | Allocations: 3901)
Completed 200 OK in 28ms (Views: 23.5ms | ActiveRecord: 0.3ms | Allocations: 5487)


Started GET "/trips/2" for 127.0.0.1 at 2021-09-16 11:46:47 -0500
  [1m[35m (0.0ms)[0m  [1m[34mSELECT sqlite_version(*)[0m
  [1m[35m (0.2ms)[0m  [1m[34mSELECT "schema_migrations"."version" FROM "schema_migrations" ORDER BY "schema_migrations"."version" ASC[0m
  [1m[35mCACHE  (0.0ms)[0m  [1m[34mSELECT "schema_migrations"."version" FROM "schema_migrations" ORDER BY "schema_migrations"."version" ASC[0m
  
ActiveRecord::PendingMigrationError (

Migrations are pending. To resolve this issue, run:

        bin/rails db:migrate RAILS_ENV=development

You have 1 pending migration:

20210916164243_create_photos.rb


):
  
activerecord (6.1.4.1) lib/active_record/migration.rb:625:in `check_pending!'
activerecord (6.1.4.1) lib/active_record/migration.rb:590:in `block (2 levels) in call'
activesupport (6.1.4.1) lib/active_support/evented_file_update_checker.rb:59:in `execute'
activesupport (6.1.4.1) lib/active_support/evented_file_update_checker.rb:65:in `execute_if_updated'
activerecord (6.1.4.1) lib/active_record/migration.rb:597:in `block in call'
activerecord (6.1.4.1) lib/active_record/migration.rb:587:in `synchronize'
activerecord (6.1.4.1) lib/active_record/migration.rb:587:in `call'
actionpack (6.1.4.1) lib/action_dispatch/middleware/callbacks.rb:27:in `block in call'
activesupport (6.1.4.1) lib/active_support/callbacks.rb:98:in `run_callbacks'
actionpack (6.1.4.1) lib/action_dispatch/middleware/callbacks.rb:26:in `call'
actionpack (6.1.4.1) lib/action_dispatch/middleware/executor.rb:14:in `call'
actionpack (6.1.4.1) lib/action_dispatch/middleware/actionable_exceptions.rb:18:in `call'
actionpack (6.1.4.1) lib/action_dispatch/middleware/debug_exceptions.rb:29:in `call'
web-console (4.1.0) lib/web_console/middleware.rb:132:in `call_app'
web-console (4.1.0) lib/web_console/middleware.rb:28:in `block in call'
web-console (4.1.0) lib/web_console/middleware.rb:17:in `catch'
web-console (4.1.0) lib/web_console/middleware.rb:17:in `call'
actionpack (6.1.4.1) lib/action_dispatch/middleware/show_exceptions.rb:33:in `call'
railties (6.1.4.1) lib/rails/rack/logger.rb:37:in `call_app'
railties (6.1.4.1) lib/rails/rack/logger.rb:26:in `block in call'
activesupport (6.1.4.1) lib/active_support/tagged_logging.rb:99:in `block in tagged'
activesupport (6.1.4.1) lib/active_support/tagged_logging.rb:37:in `tagged'
activesupport (6.1.4.1) lib/active_support/tagged_logging.rb:99:in `tagged'
railties (6.1.4.1) lib/rails/rack/logger.rb:26:in `call'
sprockets-rails (3.2.2) lib/sprockets/rails/quiet_assets.rb:13:in `call'
actionpack (6.1.4.1) lib/action_dispatch/middleware/remote_ip.rb:81:in `call'
actionpack (6.1.4.1) lib/action_dispatch/middleware/request_id.rb:26:in `call'
rack (2.2.3) lib/rack/method_override.rb:24:in `call'
rack (2.2.3) lib/rack/runtime.rb:22:in `call'
activesupport (6.1.4.1) lib/active_support/cache/strategy/local_cache_middleware.rb:29:in `call'
actionpack (6.1.4.1) lib/action_dispatch/middleware/executor.rb:14:in `call'
actionpack (6.1.4.1) lib/action_dispatch/middleware/static.rb:24:in `call'
rack (2.2.3) lib/rack/sendfile.rb:110:in `call'
actionpack (6.1.4.1) lib/action_dispatch/middleware/host_authorization.rb:98:in `call'
rack-mini-profiler (2.3.3) lib/mini_profiler/profiler.rb:393:in `call'
webpacker (5.4.3) lib/webpacker/dev_server_proxy.rb:25:in `perform_request'
rack-proxy (0.7.0) lib/rack/proxy.rb:63:in `call'
railties (6.1.4.1) lib/rails/engine.rb:539:in `call'
puma (5.4.0) lib/puma/configuration.rb:249:in `call'
puma (5.4.0) lib/puma/request.rb:77:in `block in handle_request'
puma (5.4.0) lib/puma/thread_pool.rb:340:in `with_force_shutdown'
puma (5.4.0) lib/puma/request.rb:76:in `handle_request'
puma (5.4.0) lib/puma/server.rb:440:in `process_client'
puma (5.4.0) lib/puma/thread_pool.rb:147:in `block in spawn_thread'
  [1m[35m (0.6ms)[0m  [1m[34mSELECT sqlite_version(*)[0m
  [1m[35m (0.2ms)[0m  [1m[34mSELECT "schema_migrations"."version" FROM "schema_migrations" ORDER BY "schema_migrations"."version" ASC[0m
  [1m[35m (0.2ms)[0m  [1m[34mSELECT "ar_internal_metadata"."value" FROM "ar_internal_metadata" WHERE "ar_internal_metadata"."key" = ?[0m  [["key", "environment"]]
  [1m[35m (0.1ms)[0m  [1m[34mSELECT "schema_migrations"."version" FROM "schema_migrations" ORDER BY "schema_migrations"."version" ASC[0m
  [1m[35m (0.1ms)[0m  [1m[34mSELECT "ar_internal_metadata"."value" FROM "ar_internal_metadata" WHERE "ar_internal_metadata"."key" = ?[0m  [["key", "environment"]]
  [1m[35m (0.1ms)[0m  [1m[34mSELECT "schema_migrations"."version" FROM "schema_migrations" ORDER BY "schema_migrations"."version" ASC[0m
  [1m[35m (0.1ms)[0m  [1m[34mSELECT "ar_internal_metadata"."value" FROM "ar_internal_metadata" WHERE "ar_internal_metadata"."key" = ?[0m  [["key", "environment"]]
  [1m[35m (0.1ms)[0m  [1m[34mSELECT sqlite_version(*)[0m
  [1m[35m (0.1ms)[0m  [1m[34mSELECT sqlite_version(*)[0m
  [1m[35m (0.0ms)[0m  [1m[34mSELECT sqlite_version(*)[0m
  [1m[35m (0.2ms)[0m  [1m[35mDROP TABLE IF EXISTS "active_storage_attachments"[0m
  [1m[35m (10.1ms)[0m  [1m[35mCREATE TABLE "active_storage_attachments" ("id" integer PRIMARY KEY AUTOINCREMENT NOT NULL, "name" varchar NOT NULL, "record_type" varchar NOT NULL, "record_id" integer NOT NULL, "blob_id" integer NOT NULL, "created_at" datetime NOT NULL)[0m
  [1m[35m (8.2ms)[0m  [1m[35mCREATE INDEX "index_active_storage_attachments_on_blob_id" ON "active_storage_attachments" ("blob_id")[0m
  [1m[35m (7.4ms)[0m  [1m[35mCREATE UNIQUE INDEX "index_active_storage_attachments_uniqueness" ON "active_storage_attachments" ("record_type", "record_id", "name", "blob_id")[0m
  [1m[35m (0.2ms)[0m  [1m[35mDROP TABLE IF EXISTS "active_storage_blobs"[0m
  [1m[35m (8.0ms)[0m  [1m[35mCREATE TABLE "active_storage_blobs" ("id" integer PRIMARY KEY AUTOINCREMENT NOT NULL, "key" varchar NOT NULL, "filename" varchar NOT NULL, "content_type" varchar, "metadata" text, "service_name" varchar NOT NULL, "byte_size" bigint NOT NULL, "checksum" varchar NOT NULL, "created_at" datetime NOT NULL)[0m
  [1m[35m (7.3ms)[0m  [1m[35mCREATE UNIQUE INDEX "index_active_storage_blobs_on_key" ON "active_storage_blobs" ("key")[0m
  [1m[35m (0.2ms)[0m  [1m[35mDROP TABLE IF EXISTS "active_storage_variant_records"[0m
  [1m[35m (7.2ms)[0m  [1m[35mCREATE TABLE "active_storage_variant_records" ("id" integer PRIMARY KEY AUTOINCREMENT NOT NULL, "blob_id" integer NOT NULL, "variation_digest" varchar NOT NULL)[0m
  [1m[35m (7.0ms)[0m  [1m[35mCREATE UNIQUE INDEX "index_active_storage_variant_records_uniqueness" ON "active_storage_variant_records" ("blob_id", "variation_digest")[0m
  [1m[35m (0.2ms)[0m  [1m[35mDROP TABLE IF EXISTS "trips"[0m
  [1m[35m (7.7ms)[0m  [1m[35mCREATE TABLE "trips" ("id" integer PRIMARY KEY AUTOINCREMENT NOT NULL, "location" varchar, "date" varchar, "created_at" datetime(6) NOT NULL, "updated_at" datetime(6) NOT NULL)[0m
  [1m[35m (0.3ms)[0m  [1m[35mDROP TABLE IF EXISTS "users"[0m
  [1m[35m (7.2ms)[0m  [1m[35mCREATE TABLE "users" ("id" integer PRIMARY KEY AUTOINCREMENT NOT NULL, "username" varchar, "email" varchar, "password_digest" varchar, "created_at" datetime(6) NOT NULL, "updated_at" datetime(6) NOT NULL)[0m
  [1m[36mTRANSACTION (0.0ms)[0m  [1m[36mbegin transaction[0m
  [1m[35m (0.0ms)[0m  [1m[35mPRAGMA foreign_keys[0m
  [1m[35m (0.0ms)[0m  [1m[35mPRAGMA defer_foreign_keys[0m
  [1m[35m (0.7ms)[0m  [1m[35mPRAGMA defer_foreign_keys = ON[0m
  [1m[35m (0.0ms)[0m  [1m[35mPRAGMA foreign_keys = OFF[0m
  [1m[35m (0.2ms)[0m  [1m[35mCREATE TEMPORARY TABLE "aactive_storage_attachments" ("id" integer NOT NULL PRIMARY KEY, "name" varchar NOT NULL, "record_type" varchar NOT NULL, "record_id" integer NOT NULL, "blob_id" integer NOT NULL, "created_at" datetime NOT NULL)[0m
  [1m[35m (0.1ms)[0m  [1m[35mCREATE UNIQUE INDEX "tindex_aactive_storage_attachments_uniqueness" ON "aactive_storage_attachments" ("record_type", "record_id", "name", "blob_id")[0m
  [1m[35m (0.1ms)[0m  [1m[35mCREATE INDEX "tindex_aactive_storage_attachments_on_blob_id" ON "aactive_storage_attachments" ("blob_id")[0m
  [1m[35m (0.0ms)[0m  [1m[32mINSERT INTO "aactive_storage_attachments" ("id","name","record_type","record_id","blob_id","created_at")
                     SELECT "id","name","record_type","record_id","blob_id","created_at" FROM "active_storage_attachments"[0m
  [1m[35m (1.4ms)[0m  [1m[35mDROP TABLE "active_storage_attachments"[0m
  [1m[35m (0.1ms)[0m  [1m[35mCREATE TABLE "active_storage_attachments" ("id" integer NOT NULL PRIMARY KEY, "name" varchar NOT NULL, "record_type" varchar NOT NULL, "record_id" integer NOT NULL, "blob_id" integer NOT NULL, "created_at" datetime NOT NULL, CONSTRAINT "fk_rails_c3b3935057"
FOREIGN KEY ("blob_id")
  REFERENCES "active_storage_blobs" ("id")
)[0m
  [1m[35m (0.1ms)[0m  [1m[35mCREATE INDEX "index_active_storage_attachments_on_blob_id" ON "active_storage_attachments" ("blob_id")[0m
  [1m[35m (0.1ms)[0m  [1m[35mCREATE UNIQUE INDEX "index_active_storage_attachments_uniqueness" ON "active_storage_attachments" ("record_type", "record_id", "name", "blob_id")[0m
  [1m[35m (0.0ms)[0m  [1m[32mINSERT INTO "active_storage_attachments" ("id","name","record_type","record_id","blob_id","created_at")
                     SELECT "id","name","record_type","record_id","blob_id","created_at" FROM "aactive_storage_attachments"[0m
  [1m[35m (0.4ms)[0m  [1m[35mDROP TABLE "aactive_storage_attachments"[0m
  [1m[35m (0.0ms)[0m  [1m[35mPRAGMA defer_foreign_keys = 0[0m
  [1m[35m (0.0ms)[0m  [1m[35mPRAGMA foreign_keys = 1[0m
  [1m[36mTRANSACTION (6.4ms)[0m  [1m[36mcommit transaction[0m
  [1m[36mTRANSACTION (0.0ms)[0m  [1m[36mbegin transaction[0m
  [1m[35m (0.0ms)[0m  [1m[35mPRAGMA foreign_keys[0m
  [1m[35m (0.0ms)[0m  [1m[35mPRAGMA defer_foreign_keys[0m
  [1m[35m (0.0ms)[0m  [1m[35mPRAGMA defer_foreign_keys = ON[0m
  [1m[35m (0.0ms)[0m  [1m[35mPRAGMA foreign_keys = OFF[0m
  [1m[35m (0.1ms)[0m  [1m[35mCREATE TEMPORARY TABLE "aactive_storage_variant_records" ("id" integer NOT NULL PRIMARY KEY, "blob_id" integer NOT NULL, "variation_digest" varchar NOT NULL)[0m
  [1m[35m (0.1ms)[0m  [1m[35mCREATE UNIQUE INDEX "tindex_aactive_storage_variant_records_uniqueness" ON "aactive_storage_variant_records" ("blob_id", "variation_digest")[0m
  [1m[35m (0.0ms)[0m  [1m[32mINSERT INTO "aactive_storage_variant_records" ("id","blob_id","variation_digest")
                     SELECT "id","blob_id","variation_digest" FROM "active_storage_variant_records"[0m
  [1m[35m (1.3ms)[0m  [1m[35mDROP TABLE "active_storage_variant_records"[0m
  [1m[35m (0.1ms)[0m  [1m[35mCREATE TABLE "active_storage_variant_records" ("id" integer NOT NULL PRIMARY KEY, "blob_id" integer NOT NULL, "variation_digest" varchar NOT NULL, CONSTRAINT "fk_rails_993965df05"
FOREIGN KEY ("blob_id")
  REFERENCES "active_storage_blobs" ("id")
)[0m
  [1m[35m (0.1ms)[0m  [1m[35mCREATE UNIQUE INDEX "index_active_storage_variant_records_uniqueness" ON "active_storage_variant_records" ("blob_id", "variation_digest")[0m
  [1m[35m (0.0ms)[0m  [1m[32mINSERT INTO "active_storage_variant_records" ("id","blob_id","variation_digest")
                     SELECT "id","blob_id","variation_digest" FROM "aactive_storage_variant_records"[0m
  [1m[35m (0.1ms)[0m  [1m[35mDROP TABLE "aactive_storage_variant_records"[0m
  [1m[35m (0.0ms)[0m  [1m[35mPRAGMA defer_foreign_keys = 0[0m
  [1m[35m (0.0ms)[0m  [1m[35mPRAGMA foreign_keys = 1[0m
  [1m[36mTRANSACTION (6.7ms)[0m  [1m[36mcommit transaction[0m
  [1m[35m (7.1ms)[0m  [1m[35mCREATE TABLE "schema_migrations" ("version" varchar NOT NULL PRIMARY KEY)[0m
  [1m[35m (0.1ms)[0m  [1m[34mSELECT "schema_migrations"."version" FROM "schema_migrations" ORDER BY "schema_migrations"."version" ASC[0m
  [1m[35m (8.5ms)[0m  [1m[32mINSERT INTO "schema_migrations" (version) VALUES (20210916154813)[0m
  [1m[35m (8.1ms)[0m  [1m[32mINSERT INTO "schema_migrations" (version) VALUES
(20210916032236),
(20210916154426);

[0m
  [1m[35m (8.2ms)[0m  [1m[35mCREATE TABLE "ar_internal_metadata" ("key" varchar NOT NULL PRIMARY KEY, "value" varchar, "created_at" datetime(6) NOT NULL, "updated_at" datetime(6) NOT NULL)[0m
  [1m[36mActiveRecord::InternalMetadata Load (0.4ms)[0m  [1m[34mSELECT "ar_internal_metadata".* FROM "ar_internal_metadata" WHERE "ar_internal_metadata"."key" = ? LIMIT ?[0m  [["key", "environment"], ["LIMIT", 1]]
  [1m[36mTRANSACTION (0.0ms)[0m  [1m[36mbegin transaction[0m
  [1m[36mActiveRecord::InternalMetadata Create (1.3ms)[0m  [1m[32mINSERT INTO "ar_internal_metadata" ("key", "value", "created_at", "updated_at") VALUES (?, ?, ?, ?)[0m  [["key", "environment"], ["value", "development"], ["created_at", "2021-09-16 16:47:32.097275"], ["updated_at", "2021-09-16 16:47:32.097275"]]
  [1m[36mTRANSACTION (7.8ms)[0m  [1m[36mcommit transaction[0m
  [1m[36mActiveRecord::InternalMetadata Load (0.1ms)[0m  [1m[34mSELECT "ar_internal_metadata".* FROM "ar_internal_metadata" WHERE "ar_internal_metadata"."key" = ? LIMIT ?[0m  [["key", "environment"], ["LIMIT", 1]]
  [1m[36mActiveRecord::InternalMetadata Load (0.1ms)[0m  [1m[34mSELECT "ar_internal_metadata".* FROM "ar_internal_metadata" WHERE "ar_internal_metadata"."key" = ? LIMIT ?[0m  [["key", "schema_sha1"], ["LIMIT", 1]]
  [1m[36mTRANSACTION (0.0ms)[0m  [1m[36mbegin transaction[0m
  [1m[36mActiveRecord::InternalMetadata Create (1.3ms)[0m  [1m[32mINSERT INTO "ar_internal_metadata" ("key", "value", "created_at", "updated_at") VALUES (?, ?, ?, ?)[0m  [["key", "schema_sha1"], ["value", "65fe6f74bd5d086fb2200e08768a4d1b59274e69"], ["created_at", "2021-09-16 16:47:32.112412"], ["updated_at", "2021-09-16 16:47:32.112412"]]
  [1m[36mTRANSACTION (6.0ms)[0m  [1m[36mcommit transaction[0m
  [1m[35m (0.1ms)[0m  [1m[34mSELECT sqlite_version(*)[0m
  [1m[35m (0.3ms)[0m  [1m[35mDROP TABLE IF EXISTS "active_storage_attachments"[0m
  [1m[35m (9.5ms)[0m  [1m[35mCREATE TABLE "active_storage_attachments" ("id" integer PRIMARY KEY AUTOINCREMENT NOT NULL, "name" varchar NOT NULL, "record_type" varchar NOT NULL, "record_id" integer NOT NULL, "blob_id" integer NOT NULL, "created_at" datetime NOT NULL)[0m
  [1m[35m (7.8ms)[0m  [1m[35mCREATE INDEX "index_active_storage_attachments_on_blob_id" ON "active_storage_attachments" ("blob_id")[0m
  [1m[35m (7.1ms)[0m  [1m[35mCREATE UNIQUE INDEX "index_active_storage_attachments_uniqueness" ON "active_storage_attachments" ("record_type", "record_id", "name", "blob_id")[0m
  [1m[35m (0.5ms)[0m  [1m[35mDROP TABLE IF EXISTS "active_storage_blobs"[0m
  [1m[35m (7.8ms)[0m  [1m[35mCREATE TABLE "active_storage_blobs" ("id" integer PRIMARY KEY AUTOINCREMENT NOT NULL, "key" varchar NOT NULL, "filename" varchar NOT NULL, "content_type" varchar, "metadata" text, "service_name" varchar NOT NULL, "byte_size" bigint NOT NULL, "checksum" varchar NOT NULL, "created_at" datetime NOT NULL)[0m
  [1m[35m (7.9ms)[0m  [1m[35mCREATE UNIQUE INDEX "index_active_storage_blobs_on_key" ON "active_storage_blobs" ("key")[0m
  [1m[35m (0.4ms)[0m  [1m[35mDROP TABLE IF EXISTS "active_storage_variant_records"[0m
  [1m[35m (7.5ms)[0m  [1m[35mCREATE TABLE "active_storage_variant_records" ("id" integer PRIMARY KEY AUTOINCREMENT NOT NULL, "blob_id" integer NOT NULL, "variation_digest" varchar NOT NULL)[0m
  [1m[35m (8.8ms)[0m  [1m[35mCREATE UNIQUE INDEX "index_active_storage_variant_records_uniqueness" ON "active_storage_variant_records" ("blob_id", "variation_digest")[0m
  [1m[35m (0.2ms)[0m  [1m[35mDROP TABLE IF EXISTS "trips"[0m
  [1m[35m (6.7ms)[0m  [1m[35mCREATE TABLE "trips" ("id" integer PRIMARY KEY AUTOINCREMENT NOT NULL, "location" varchar, "date" varchar, "created_at" datetime(6) NOT NULL, "updated_at" datetime(6) NOT NULL)[0m
  [1m[35m (0.2ms)[0m  [1m[35mDROP TABLE IF EXISTS "users"[0m
  [1m[35m (7.4ms)[0m  [1m[35mCREATE TABLE "users" ("id" integer PRIMARY KEY AUTOINCREMENT NOT NULL, "username" varchar, "email" varchar, "password_digest" varchar, "created_at" datetime(6) NOT NULL, "updated_at" datetime(6) NOT NULL)[0m
  [1m[36mTRANSACTION (0.0ms)[0m  [1m[36mbegin transaction[0m
  [1m[35m (0.1ms)[0m  [1m[35mPRAGMA foreign_keys[0m
  [1m[35m (0.1ms)[0m  [1m[35mPRAGMA defer_foreign_keys[0m
  [1m[35m (0.0ms)[0m  [1m[35mPRAGMA defer_foreign_keys = ON[0m
  [1m[35m (0.0ms)[0m  [1m[35mPRAGMA foreign_keys = OFF[0m
  [1m[35m (0.1ms)[0m  [1m[35mCREATE TEMPORARY TABLE "aactive_storage_attachments" ("id" integer NOT NULL PRIMARY KEY, "name" varchar NOT NULL, "record_type" varchar NOT NULL, "record_id" integer NOT NULL, "blob_id" integer NOT NULL, "created_at" datetime NOT NULL)[0m
  [1m[35m (0.1ms)[0m  [1m[35mCREATE UNIQUE INDEX "tindex_aactive_storage_attachments_uniqueness" ON "aactive_storage_attachments" ("record_type", "record_id", "name", "blob_id")[0m
  [1m[35m (0.1ms)[0m  [1m[35mCREATE INDEX "tindex_aactive_storage_attachments_on_blob_id" ON "aactive_storage_attachments" ("blob_id")[0m
  [1m[35m (0.0ms)[0m  [1m[32mINSERT INTO "aactive_storage_attachments" ("id","name","record_type","record_id","blob_id","created_at")
                     SELECT "id","name","record_type","record_id","blob_id","created_at" FROM "active_storage_attachments"[0m
  [1m[35m (1.5ms)[0m  [1m[35mDROP TABLE "active_storage_attachments"[0m
  [1m[35m (0.1ms)[0m  [1m[35mCREATE TABLE "active_storage_attachments" ("id" integer NOT NULL PRIMARY KEY, "name" varchar NOT NULL, "record_type" varchar NOT NULL, "record_id" integer NOT NULL, "blob_id" integer NOT NULL, "created_at" datetime NOT NULL, CONSTRAINT "fk_rails_c3b3935057"
FOREIGN KEY ("blob_id")
  REFERENCES "active_storage_blobs" ("id")
)[0m
  [1m[35m (0.1ms)[0m  [1m[35mCREATE INDEX "index_active_storage_attachments_on_blob_id" ON "active_storage_attachments" ("blob_id")[0m
  [1m[35m (0.1ms)[0m  [1m[35mCREATE UNIQUE INDEX "index_active_storage_attachments_uniqueness" ON "active_storage_attachments" ("record_type", "record_id", "name", "blob_id")[0m
  [1m[35m (0.1ms)[0m  [1m[32mINSERT INTO "active_storage_attachments" ("id","name","record_type","record_id","blob_id","created_at")
                     SELECT "id","name","record_type","record_id","blob_id","created_at" FROM "aactive_storage_attachments"[0m
  [1m[35m (0.1ms)[0m  [1m[35mDROP TABLE "aactive_storage_attachments"[0m
  [1m[35m (0.0ms)[0m  [1m[35mPRAGMA defer_foreign_keys = 0[0m
  [1m[35m (0.0ms)[0m  [1m[35mPRAGMA foreign_keys = 1[0m
  [1m[36mTRANSACTION (6.9ms)[0m  [1m[36mcommit transaction[0m
  [1m[36mTRANSACTION (0.0ms)[0m  [1m[36mbegin transaction[0m
  [1m[35m (0.1ms)[0m  [1m[35mPRAGMA foreign_keys[0m
  [1m[35m (0.0ms)[0m  [1m[35mPRAGMA defer_foreign_keys[0m
  [1m[35m (0.0ms)[0m  [1m[35mPRAGMA defer_foreign_keys = ON[0m
  [1m[35m (0.0ms)[0m  [1m[35mPRAGMA foreign_keys = OFF[0m
  [1m[35m (0.1ms)[0m  [1m[35mCREATE TEMPORARY TABLE "aactive_storage_variant_records" ("id" integer NOT NULL PRIMARY KEY, "blob_id" integer NOT NULL, "variation_digest" varchar NOT NULL)[0m
  [1m[35m (0.1ms)[0m  [1m[35mCREATE UNIQUE INDEX "tindex_aactive_storage_variant_records_uniqueness" ON "aactive_storage_variant_records" ("blob_id", "variation_digest")[0m
  [1m[35m (0.0ms)[0m  [1m[32mINSERT INTO "aactive_storage_variant_records" ("id","blob_id","variation_digest")
                     SELECT "id","blob_id","variation_digest" FROM "active_storage_variant_records"[0m
  [1m[35m (1.1ms)[0m  [1m[35mDROP TABLE "active_storage_variant_records"[0m
  [1m[35m (0.1ms)[0m  [1m[35mCREATE TABLE "active_storage_variant_records" ("id" integer NOT NULL PRIMARY KEY, "blob_id" integer NOT NULL, "variation_digest" varchar NOT NULL, CONSTRAINT "fk_rails_993965df05"
FOREIGN KEY ("blob_id")
  REFERENCES "active_storage_blobs" ("id")
)[0m
  [1m[35m (0.1ms)[0m  [1m[35mCREATE UNIQUE INDEX "index_active_storage_variant_records_uniqueness" ON "active_storage_variant_records" ("blob_id", "variation_digest")[0m
  [1m[35m (0.1ms)[0m  [1m[32mINSERT INTO "active_storage_variant_records" ("id","blob_id","variation_digest")
                     SELECT "id","blob_id","variation_digest" FROM "aactive_storage_variant_records"[0m
  [1m[35m (0.2ms)[0m  [1m[35mDROP TABLE "aactive_storage_variant_records"[0m
  [1m[35m (0.0ms)[0m  [1m[35mPRAGMA defer_foreign_keys = 0[0m
  [1m[35m (0.0ms)[0m  [1m[35mPRAGMA foreign_keys = 1[0m
  [1m[36mTRANSACTION (7.0ms)[0m  [1m[36mcommit transaction[0m
  [1m[35m (8.1ms)[0m  [1m[35mCREATE TABLE "schema_migrations" ("version" varchar NOT NULL PRIMARY KEY)[0m
  [1m[35m (0.1ms)[0m  [1m[34mSELECT "schema_migrations"."version" FROM "schema_migrations" ORDER BY "schema_migrations"."version" ASC[0m
  [1m[35m (7.4ms)[0m  [1m[32mINSERT INTO "schema_migrations" (version) VALUES (20210916154813)[0m
  [1m[35m (7.0ms)[0m  [1m[32mINSERT INTO "schema_migrations" (version) VALUES
(20210916032236),
(20210916154426);

[0m
  [1m[35m (6.8ms)[0m  [1m[35mCREATE TABLE "ar_internal_metadata" ("key" varchar NOT NULL PRIMARY KEY, "value" varchar, "created_at" datetime(6) NOT NULL, "updated_at" datetime(6) NOT NULL)[0m
  [1m[36mActiveRecord::InternalMetadata Load (0.2ms)[0m  [1m[34mSELECT "ar_internal_metadata".* FROM "ar_internal_metadata" WHERE "ar_internal_metadata"."key" = ? LIMIT ?[0m  [["key", "environment"], ["LIMIT", 1]]
  [1m[36mTRANSACTION (0.0ms)[0m  [1m[36mbegin transaction[0m
  [1m[36mActiveRecord::InternalMetadata Create (1.0ms)[0m  [1m[32mINSERT INTO "ar_internal_metadata" ("key", "value", "created_at", "updated_at") VALUES (?, ?, ?, ?)[0m  [["key", "environment"], ["value", "development"], ["created_at", "2021-09-16 16:47:32.304152"], ["updated_at", "2021-09-16 16:47:32.304152"]]
  [1m[36mTRANSACTION (6.0ms)[0m  [1m[36mcommit transaction[0m
  [1m[36mActiveRecord::InternalMetadata Load (0.2ms)[0m  [1m[34mSELECT "ar_internal_metadata".* FROM "ar_internal_metadata" WHERE "ar_internal_metadata"."key" = ? LIMIT ?[0m  [["key", "environment"], ["LIMIT", 1]]
  [1m[36mTRANSACTION (0.0ms)[0m  [1m[36mbegin transaction[0m
  [1m[36mActiveRecord::InternalMetadata Update (1.3ms)[0m  [1m[33mUPDATE "ar_internal_metadata" SET "value" = ?, "updated_at" = ? WHERE "ar_internal_metadata"."key" = ?[0m  [["value", "test"], ["updated_at", "2021-09-16 16:47:32.315772"], ["key", "environment"]]
  [1m[36mTRANSACTION (6.7ms)[0m  [1m[36mcommit transaction[0m
  [1m[36mActiveRecord::InternalMetadata Load (0.2ms)[0m  [1m[34mSELECT "ar_internal_metadata".* FROM "ar_internal_metadata" WHERE "ar_internal_metadata"."key" = ? LIMIT ?[0m  [["key", "schema_sha1"], ["LIMIT", 1]]
  [1m[36mTRANSACTION (0.0ms)[0m  [1m[36mbegin transaction[0m
  [1m[36mActiveRecord::InternalMetadata Create (1.3ms)[0m  [1m[32mINSERT INTO "ar_internal_metadata" ("key", "value", "created_at", "updated_at") VALUES (?, ?, ?, ?)[0m  [["key", "schema_sha1"], ["value", "65fe6f74bd5d086fb2200e08768a4d1b59274e69"], ["created_at", "2021-09-16 16:47:32.327743"], ["updated_at", "2021-09-16 16:47:32.327743"]]
  [1m[36mTRANSACTION (6.9ms)[0m  [1m[36mcommit transaction[0m
  [1m[35m (0.1ms)[0m  [1m[34mSELECT sqlite_version(*)[0m
  [1m[35m (0.2ms)[0m  [1m[34mSELECT "schema_migrations"."version" FROM "schema_migrations" ORDER BY "schema_migrations"."version" ASC[0m
  [1m[35m (0.6ms)[0m  [1m[34mSELECT sqlite_version(*)[0m
  [1m[35m (0.2ms)[0m  [1m[34mSELECT "schema_migrations"."version" FROM "schema_migrations" ORDER BY "schema_migrations"."version" ASC[0m
Migrating to CreatePhotos (20210916164243)
  [1m[36mTRANSACTION (0.1ms)[0m  [1m[36mbegin transaction[0m
  [1m[35m (1.3ms)[0m  [1m[35mCREATE TABLE "photos" ("id" integer PRIMARY KEY AUTOINCREMENT NOT NULL, "type" varchar, "link" varchar, "created_at" datetime(6) NOT NULL, "updated_at" datetime(6) NOT NULL)[0m
  [1m[36mActiveRecord::SchemaMigration Create (0.2ms)[0m  [1m[32mINSERT INTO "schema_migrations" ("version") VALUES (?)[0m  [["version", "20210916164243"]]
  [1m[36mTRANSACTION (7.5ms)[0m  [1m[36mcommit transaction[0m
  [1m[36mActiveRecord::InternalMetadata Load (0.2ms)[0m  [1m[34mSELECT "ar_internal_metadata".* FROM "ar_internal_metadata" WHERE "ar_internal_metadata"."key" = ? LIMIT ?[0m  [["key", "environment"], ["LIMIT", 1]]
  [1m[35m (0.0ms)[0m  [1m[34mSELECT sqlite_version(*)[0m
  [1m[35m (0.2ms)[0m  [1m[34mSELECT "schema_migrations"."version" FROM "schema_migrations" ORDER BY "schema_migrations"."version" ASC[0m
  [1m[35m (0.6ms)[0m  [1m[34mSELECT sqlite_version(*)[0m
  [1m[35m (0.2ms)[0m  [1m[34mSELECT "schema_migrations"."version" FROM "schema_migrations" ORDER BY "schema_migrations"."version" ASC[0m
  [1m[35m (0.2ms)[0m  [1m[34mSELECT "ar_internal_metadata"."value" FROM "ar_internal_metadata" WHERE "ar_internal_metadata"."key" = ?[0m  [["key", "environment"]]
  [1m[35m (0.1ms)[0m  [1m[34mSELECT "schema_migrations"."version" FROM "schema_migrations" ORDER BY "schema_migrations"."version" ASC[0m
  [1m[35m (0.1ms)[0m  [1m[34mSELECT "ar_internal_metadata"."value" FROM "ar_internal_metadata" WHERE "ar_internal_metadata"."key" = ?[0m  [["key", "environment"]]
  [1m[35m (0.1ms)[0m  [1m[34mSELECT "schema_migrations"."version" FROM "schema_migrations" ORDER BY "schema_migrations"."version" ASC[0m
  [1m[35m (0.1ms)[0m  [1m[34mSELECT "ar_internal_metadata"."value" FROM "ar_internal_metadata" WHERE "ar_internal_metadata"."key" = ?[0m  [["key", "environment"]]
  [1m[35m (0.0ms)[0m  [1m[34mSELECT sqlite_version(*)[0m
  [1m[35m (0.1ms)[0m  [1m[34mSELECT sqlite_version(*)[0m
  [1m[35m (0.0ms)[0m  [1m[34mSELECT sqlite_version(*)[0m
  [1m[35m (0.2ms)[0m  [1m[35mDROP TABLE IF EXISTS "active_storage_attachments"[0m
  [1m[35m (25.4ms)[0m  [1m[35mCREATE TABLE "active_storage_attachments" ("id" integer PRIMARY KEY AUTOINCREMENT NOT NULL, "name" varchar NOT NULL, "record_type" varchar NOT NULL, "record_id" integer NOT NULL, "blob_id" integer NOT NULL, "created_at" datetime NOT NULL)[0m
  [1m[35m (9.2ms)[0m  [1m[35mCREATE INDEX "index_active_storage_attachments_on_blob_id" ON "active_storage_attachments" ("blob_id")[0m
  [1m[35m (7.5ms)[0m  [1m[35mCREATE UNIQUE INDEX "index_active_storage_attachments_uniqueness" ON "active_storage_attachments" ("record_type", "record_id", "name", "blob_id")[0m
  [1m[35m (0.3ms)[0m  [1m[35mDROP TABLE IF EXISTS "active_storage_blobs"[0m
  [1m[35m (7.0ms)[0m  [1m[35mCREATE TABLE "active_storage_blobs" ("id" integer PRIMARY KEY AUTOINCREMENT NOT NULL, "key" varchar NOT NULL, "filename" varchar NOT NULL, "content_type" varchar, "metadata" text, "service_name" varchar NOT NULL, "byte_size" bigint NOT NULL, "checksum" varchar NOT NULL, "created_at" datetime NOT NULL)[0m
  [1m[35m (6.9ms)[0m  [1m[35mCREATE UNIQUE INDEX "index_active_storage_blobs_on_key" ON "active_storage_blobs" ("key")[0m
  [1m[35m (0.2ms)[0m  [1m[35mDROP TABLE IF EXISTS "active_storage_variant_records"[0m
  [1m[35m (6.2ms)[0m  [1m[35mCREATE TABLE "active_storage_variant_records" ("id" integer PRIMARY KEY AUTOINCREMENT NOT NULL, "blob_id" integer NOT NULL, "variation_digest" varchar NOT NULL)[0m
  [1m[35m (6.8ms)[0m  [1m[35mCREATE UNIQUE INDEX "index_active_storage_variant_records_uniqueness" ON "active_storage_variant_records" ("blob_id", "variation_digest")[0m
  [1m[35m (0.2ms)[0m  [1m[35mDROP TABLE IF EXISTS "photos"[0m
  [1m[35m (6.8ms)[0m  [1m[35mCREATE TABLE "photos" ("id" integer PRIMARY KEY AUTOINCREMENT NOT NULL, "type" varchar, "link" varchar, "created_at" datetime(6) NOT NULL, "updated_at" datetime(6) NOT NULL)[0m
  [1m[35m (0.2ms)[0m  [1m[35mDROP TABLE IF EXISTS "trips"[0m
  [1m[35m (7.2ms)[0m  [1m[35mCREATE TABLE "trips" ("id" integer PRIMARY KEY AUTOINCREMENT NOT NULL, "location" varchar, "date" varchar, "created_at" datetime(6) NOT NULL, "updated_at" datetime(6) NOT NULL)[0m
  [1m[35m (0.3ms)[0m  [1m[35mDROP TABLE IF EXISTS "users"[0m
  [1m[35m (6.5ms)[0m  [1m[35mCREATE TABLE "users" ("id" integer PRIMARY KEY AUTOINCREMENT NOT NULL, "username" varchar, "email" varchar, "password_digest" varchar, "created_at" datetime(6) NOT NULL, "updated_at" datetime(6) NOT NULL)[0m
  [1m[36mTRANSACTION (0.0ms)[0m  [1m[36mbegin transaction[0m
  [1m[35m (0.0ms)[0m  [1m[35mPRAGMA foreign_keys[0m
  [1m[35m (0.0ms)[0m  [1m[35mPRAGMA defer_foreign_keys[0m
  [1m[35m (0.0ms)[0m  [1m[35mPRAGMA defer_foreign_keys = ON[0m
  [1m[35m (0.1ms)[0m  [1m[35mPRAGMA foreign_keys = OFF[0m
  [1m[35m (0.1ms)[0m  [1m[35mCREATE TEMPORARY TABLE "aactive_storage_attachments" ("id" integer NOT NULL PRIMARY KEY, "name" varchar NOT NULL, "record_type" varchar NOT NULL, "record_id" integer NOT NULL, "blob_id" integer NOT NULL, "created_at" datetime NOT NULL)[0m
  [1m[35m (0.1ms)[0m  [1m[35mCREATE UNIQUE INDEX "tindex_aactive_storage_attachments_uniqueness" ON "aactive_storage_attachments" ("record_type", "record_id", "name", "blob_id")[0m
  [1m[35m (0.1ms)[0m  [1m[35mCREATE INDEX "tindex_aactive_storage_attachments_on_blob_id" ON "aactive_storage_attachments" ("blob_id")[0m
  [1m[35m (0.1ms)[0m  [1m[32mINSERT INTO "aactive_storage_attachments" ("id","name","record_type","record_id","blob_id","created_at")
                     SELECT "id","name","record_type","record_id","blob_id","created_at" FROM "active_storage_attachments"[0m
  [1m[35m (1.1ms)[0m  [1m[35mDROP TABLE "active_storage_attachments"[0m
  [1m[35m (0.1ms)[0m  [1m[35mCREATE TABLE "active_storage_attachments" ("id" integer NOT NULL PRIMARY KEY, "name" varchar NOT NULL, "record_type" varchar NOT NULL, "record_id" integer NOT NULL, "blob_id" integer NOT NULL, "created_at" datetime NOT NULL, CONSTRAINT "fk_rails_c3b3935057"
FOREIGN KEY ("blob_id")
  REFERENCES "active_storage_blobs" ("id")
)[0m
  [1m[35m (0.1ms)[0m  [1m[35mCREATE INDEX "index_active_storage_attachments_on_blob_id" ON "active_storage_attachments" ("blob_id")[0m
  [1m[35m (0.1ms)[0m  [1m[35mCREATE UNIQUE INDEX "index_active_storage_attachments_uniqueness" ON "active_storage_attachments" ("record_type", "record_id", "name", "blob_id")[0m
  [1m[35m (0.0ms)[0m  [1m[32mINSERT INTO "active_storage_attachments" ("id","name","record_type","record_id","blob_id","created_at")
                     SELECT "id","name","record_type","record_id","blob_id","created_at" FROM "aactive_storage_attachments"[0m
  [1m[35m (0.1ms)[0m  [1m[35mDROP TABLE "aactive_storage_attachments"[0m
  [1m[35m (0.0ms)[0m  [1m[35mPRAGMA defer_foreign_keys = 0[0m
  [1m[35m (0.0ms)[0m  [1m[35mPRAGMA foreign_keys = 1[0m
  [1m[36mTRANSACTION (5.9ms)[0m  [1m[36mcommit transaction[0m
  [1m[36mTRANSACTION (0.1ms)[0m  [1m[36mbegin transaction[0m
  [1m[35m (0.0ms)[0m  [1m[35mPRAGMA foreign_keys[0m
  [1m[35m (0.0ms)[0m  [1m[35mPRAGMA defer_foreign_keys[0m
  [1m[35m (0.0ms)[0m  [1m[35mPRAGMA defer_foreign_keys = ON[0m
  [1m[35m (0.0ms)[0m  [1m[35mPRAGMA foreign_keys = OFF[0m
  [1m[35m (0.1ms)[0m  [1m[35mCREATE TEMPORARY TABLE "aactive_storage_variant_records" ("id" integer NOT NULL PRIMARY KEY, "blob_id" integer NOT NULL, "variation_digest" varchar NOT NULL)[0m
  [1m[35m (0.1ms)[0m  [1m[35mCREATE UNIQUE INDEX "tindex_aactive_storage_variant_records_uniqueness" ON "aactive_storage_variant_records" ("blob_id", "variation_digest")[0m
  [1m[35m (0.0ms)[0m  [1m[32mINSERT INTO "aactive_storage_variant_records" ("id","blob_id","variation_digest")
                     SELECT "id","blob_id","variation_digest" FROM "active_storage_variant_records"[0m
  [1m[35m (1.1ms)[0m  [1m[35mDROP TABLE "active_storage_variant_records"[0m
  [1m[35m (0.1ms)[0m  [1m[35mCREATE TABLE "active_storage_variant_records" ("id" integer NOT NULL PRIMARY KEY, "blob_id" integer NOT NULL, "variation_digest" varchar NOT NULL, CONSTRAINT "fk_rails_993965df05"
FOREIGN KEY ("blob_id")
  REFERENCES "active_storage_blobs" ("id")
)[0m
  [1m[35m (0.1ms)[0m  [1m[35mCREATE UNIQUE INDEX "index_active_storage_variant_records_uniqueness" ON "active_storage_variant_records" ("blob_id", "variation_digest")[0m
  [1m[35m (0.0ms)[0m  [1m[32mINSERT INTO "active_storage_variant_records" ("id","blob_id","variation_digest")
                     SELECT "id","blob_id","variation_digest" FROM "aactive_storage_variant_records"[0m
  [1m[35m (0.1ms)[0m  [1m[35mDROP TABLE "aactive_storage_variant_records"[0m
  [1m[35m (0.0ms)[0m  [1m[35mPRAGMA defer_foreign_keys = 0[0m
  [1m[35m (0.0ms)[0m  [1m[35mPRAGMA foreign_keys = 1[0m
  [1m[36mTRANSACTION (5.9ms)[0m  [1m[36mcommit transaction[0m
  [1m[35m (7.0ms)[0m  [1m[35mCREATE TABLE "schema_migrations" ("version" varchar NOT NULL PRIMARY KEY)[0m
  [1m[35m (0.1ms)[0m  [1m[34mSELECT "schema_migrations"."version" FROM "schema_migrations" ORDER BY "schema_migrations"."version" ASC[0m
  [1m[35m (7.0ms)[0m  [1m[32mINSERT INTO "schema_migrations" (version) VALUES (20210916164243)[0m
  [1m[35m (7.4ms)[0m  [1m[32mINSERT INTO "schema_migrations" (version) VALUES
(20210916032236),
(20210916154426),
(20210916154813);

[0m
  [1m[35m (6.9ms)[0m  [1m[35mCREATE TABLE "ar_internal_metadata" ("key" varchar NOT NULL PRIMARY KEY, "value" varchar, "created_at" datetime(6) NOT NULL, "updated_at" datetime(6) NOT NULL)[0m
  [1m[36mActiveRecord::InternalMetadata Load (0.2ms)[0m  [1m[34mSELECT "ar_internal_metadata".* FROM "ar_internal_metadata" WHERE "ar_internal_metadata"."key" = ? LIMIT ?[0m  [["key", "environment"], ["LIMIT", 1]]
  [1m[36mTRANSACTION (0.0ms)[0m  [1m[36mbegin transaction[0m
  [1m[36mActiveRecord::InternalMetadata Create (1.1ms)[0m  [1m[32mINSERT INTO "ar_internal_metadata" ("key", "value", "created_at", "updated_at") VALUES (?, ?, ?, ?)[0m  [["key", "environment"], ["value", "development"], ["created_at", "2021-09-16 16:47:55.526501"], ["updated_at", "2021-09-16 16:47:55.526501"]]
  [1m[36mTRANSACTION (6.1ms)[0m  [1m[36mcommit transaction[0m
  [1m[36mActiveRecord::InternalMetadata Load (0.1ms)[0m  [1m[34mSELECT "ar_internal_metadata".* FROM "ar_internal_metadata" WHERE "ar_internal_metadata"."key" = ? LIMIT ?[0m  [["key", "environment"], ["LIMIT", 1]]
  [1m[36mActiveRecord::InternalMetadata Load (0.2ms)[0m  [1m[34mSELECT "ar_internal_metadata".* FROM "ar_internal_metadata" WHERE "ar_internal_metadata"."key" = ? LIMIT ?[0m  [["key", "schema_sha1"], ["LIMIT", 1]]
  [1m[36mTRANSACTION (0.0ms)[0m  [1m[36mbegin transaction[0m
  [1m[36mActiveRecord::InternalMetadata Create (1.1ms)[0m  [1m[32mINSERT INTO "ar_internal_metadata" ("key", "value", "created_at", "updated_at") VALUES (?, ?, ?, ?)[0m  [["key", "schema_sha1"], ["value", "18f0126039dc5b1534354268bdeecd72ff18fc68"], ["created_at", "2021-09-16 16:47:55.541026"], ["updated_at", "2021-09-16 16:47:55.541026"]]
  [1m[36mTRANSACTION (6.2ms)[0m  [1m[36mcommit transaction[0m
  [1m[35m (0.0ms)[0m  [1m[34mSELECT sqlite_version(*)[0m
  [1m[35m (0.3ms)[0m  [1m[35mDROP TABLE IF EXISTS "active_storage_attachments"[0m
  [1m[35m (9.1ms)[0m  [1m[35mCREATE TABLE "active_storage_attachments" ("id" integer PRIMARY KEY AUTOINCREMENT NOT NULL, "name" varchar NOT NULL, "record_type" varchar NOT NULL, "record_id" integer NOT NULL, "blob_id" integer NOT NULL, "created_at" datetime NOT NULL)[0m
  [1m[35m (6.7ms)[0m  [1m[35mCREATE INDEX "index_active_storage_attachments_on_blob_id" ON "active_storage_attachments" ("blob_id")[0m
  [1m[35m (6.9ms)[0m  [1m[35mCREATE UNIQUE INDEX "index_active_storage_attachments_uniqueness" ON "active_storage_attachments" ("record_type", "record_id", "name", "blob_id")[0m
  [1m[35m (0.3ms)[0m  [1m[35mDROP TABLE IF EXISTS "active_storage_blobs"[0m
  [1m[35m (6.8ms)[0m  [1m[35mCREATE TABLE "active_storage_blobs" ("id" integer PRIMARY KEY AUTOINCREMENT NOT NULL, "key" varchar NOT NULL, "filename" varchar NOT NULL, "content_type" varchar, "metadata" text, "service_name" varchar NOT NULL, "byte_size" bigint NOT NULL, "checksum" varchar NOT NULL, "created_at" datetime NOT NULL)[0m
  [1m[35m (6.8ms)[0m  [1m[35mCREATE UNIQUE INDEX "index_active_storage_blobs_on_key" ON "active_storage_blobs" ("key")[0m
  [1m[35m (0.3ms)[0m  [1m[35mDROP TABLE IF EXISTS "active_storage_variant_records"[0m
  [1m[35m (6.8ms)[0m  [1m[35mCREATE TABLE "active_storage_variant_records" ("id" integer PRIMARY KEY AUTOINCREMENT NOT NULL, "blob_id" integer NOT NULL, "variation_digest" varchar NOT NULL)[0m
  [1m[35m (6.9ms)[0m  [1m[35mCREATE UNIQUE INDEX "index_active_storage_variant_records_uniqueness" ON "active_storage_variant_records" ("blob_id", "variation_digest")[0m
  [1m[35m (0.4ms)[0m  [1m[35mDROP TABLE IF EXISTS "photos"[0m
  [1m[35m (7.0ms)[0m  [1m[35mCREATE TABLE "photos" ("id" integer PRIMARY KEY AUTOINCREMENT NOT NULL, "type" varchar, "link" varchar, "created_at" datetime(6) NOT NULL, "updated_at" datetime(6) NOT NULL)[0m
  [1m[35m (0.2ms)[0m  [1m[35mDROP TABLE IF EXISTS "trips"[0m
  [1m[35m (7.6ms)[0m  [1m[35mCREATE TABLE "trips" ("id" integer PRIMARY KEY AUTOINCREMENT NOT NULL, "location" varchar, "date" varchar, "created_at" datetime(6) NOT NULL, "updated_at" datetime(6) NOT NULL)[0m
  [1m[35m (0.2ms)[0m  [1m[35mDROP TABLE IF EXISTS "users"[0m
  [1m[35m (8.5ms)[0m  [1m[35mCREATE TABLE "users" ("id" integer PRIMARY KEY AUTOINCREMENT NOT NULL, "username" varchar, "email" varchar, "password_digest" varchar, "created_at" datetime(6) NOT NULL, "updated_at" datetime(6) NOT NULL)[0m
  [1m[36mTRANSACTION (0.0ms)[0m  [1m[36mbegin transaction[0m
  [1m[35m (0.0ms)[0m  [1m[35mPRAGMA foreign_keys[0m
  [1m[35m (0.0ms)[0m  [1m[35mPRAGMA defer_foreign_keys[0m
  [1m[35m (0.0ms)[0m  [1m[35mPRAGMA defer_foreign_keys = ON[0m
  [1m[35m (0.0ms)[0m  [1m[35mPRAGMA foreign_keys = OFF[0m
  [1m[35m (0.1ms)[0m  [1m[35mCREATE TEMPORARY TABLE "aactive_storage_attachments" ("id" integer NOT NULL PRIMARY KEY, "name" varchar NOT NULL, "record_type" varchar NOT NULL, "record_id" integer NOT NULL, "blob_id" integer NOT NULL, "created_at" datetime NOT NULL)[0m
  [1m[35m (0.1ms)[0m  [1m[35mCREATE UNIQUE INDEX "tindex_aactive_storage_attachments_uniqueness" ON "aactive_storage_attachments" ("record_type", "record_id", "name", "blob_id")[0m
  [1m[35m (0.1ms)[0m  [1m[35mCREATE INDEX "tindex_aactive_storage_attachments_on_blob_id" ON "aactive_storage_attachments" ("blob_id")[0m
  [1m[35m (0.0ms)[0m  [1m[32mINSERT INTO "aactive_storage_attachments" ("id","name","record_type","record_id","blob_id","created_at")
                     SELECT "id","name","record_type","record_id","blob_id","created_at" FROM "active_storage_attachments"[0m
  [1m[35m (1.3ms)[0m  [1m[35mDROP TABLE "active_storage_attachments"[0m
  [1m[35m (0.1ms)[0m  [1m[35mCREATE TABLE "active_storage_attachments" ("id" integer NOT NULL PRIMARY KEY, "name" varchar NOT NULL, "record_type" varchar NOT NULL, "record_id" integer NOT NULL, "blob_id" integer NOT NULL, "created_at" datetime NOT NULL, CONSTRAINT "fk_rails_c3b3935057"
FOREIGN KEY ("blob_id")
  REFERENCES "active_storage_blobs" ("id")
)[0m
  [1m[35m (0.1ms)[0m  [1m[35mCREATE INDEX "index_active_storage_attachments_on_blob_id" ON "active_storage_attachments" ("blob_id")[0m
  [1m[35m (0.1ms)[0m  [1m[35mCREATE UNIQUE INDEX "index_active_storage_attachments_uniqueness" ON "active_storage_attachments" ("record_type", "record_id", "name", "blob_id")[0m
  [1m[35m (0.0ms)[0m  [1m[32mINSERT INTO "active_storage_attachments" ("id","name","record_type","record_id","blob_id","created_at")
                     SELECT "id","name","record_type","record_id","blob_id","created_at" FROM "aactive_storage_attachments"[0m
  [1m[35m (0.1ms)[0m  [1m[35mDROP TABLE "aactive_storage_attachments"[0m
  [1m[35m (0.0ms)[0m  [1m[35mPRAGMA defer_foreign_keys = 0[0m
  [1m[35m (0.0ms)[0m  [1m[35mPRAGMA foreign_keys = 1[0m
  [1m[36mTRANSACTION (6.2ms)[0m  [1m[36mcommit transaction[0m
  [1m[36mTRANSACTION (0.0ms)[0m  [1m[36mbegin transaction[0m
  [1m[35m (0.0ms)[0m  [1m[35mPRAGMA foreign_keys[0m
  [1m[35m (0.1ms)[0m  [1m[35mPRAGMA defer_foreign_keys[0m
  [1m[35m (0.0ms)[0m  [1m[35mPRAGMA defer_foreign_keys = ON[0m
  [1m[35m (0.0ms)[0m  [1m[35mPRAGMA foreign_keys = OFF[0m
  [1m[35m (0.1ms)[0m  [1m[35mCREATE TEMPORARY TABLE "aactive_storage_variant_records" ("id" integer NOT NULL PRIMARY KEY, "blob_id" integer NOT NULL, "variation_digest" varchar NOT NULL)[0m
  [1m[35m (0.1ms)[0m  [1m[35mCREATE UNIQUE INDEX "tindex_aactive_storage_variant_records_uniqueness" ON "aactive_storage_variant_records" ("blob_id", "variation_digest")[0m
  [1m[35m (0.0ms)[0m  [1m[32mINSERT INTO "aactive_storage_variant_records" ("id","blob_id","variation_digest")
                     SELECT "id","blob_id","variation_digest" FROM "active_storage_variant_records"[0m
  [1m[35m (1.3ms)[0m  [1m[35mDROP TABLE "active_storage_variant_records"[0m
  [1m[35m (0.1ms)[0m  [1m[35mCREATE TABLE "active_storage_variant_records" ("id" integer NOT NULL PRIMARY KEY, "blob_id" integer NOT NULL, "variation_digest" varchar NOT NULL, CONSTRAINT "fk_rails_993965df05"
FOREIGN KEY ("blob_id")
  REFERENCES "active_storage_blobs" ("id")
)[0m
  [1m[35m (0.1ms)[0m  [1m[35mCREATE UNIQUE INDEX "index_active_storage_variant_records_uniqueness" ON "active_storage_variant_records" ("blob_id", "variation_digest")[0m
  [1m[35m (0.0ms)[0m  [1m[32mINSERT INTO "active_storage_variant_records" ("id","blob_id","variation_digest")
                     SELECT "id","blob_id","variation_digest" FROM "aactive_storage_variant_records"[0m
  [1m[35m (0.1ms)[0m  [1m[35mDROP TABLE "aactive_storage_variant_records"[0m
  [1m[35m (0.0ms)[0m  [1m[35mPRAGMA defer_foreign_keys = 0[0m
  [1m[35m (0.0ms)[0m  [1m[35mPRAGMA foreign_keys = 1[0m
  [1m[36mTRANSACTION (6.1ms)[0m  [1m[36mcommit transaction[0m
  [1m[35m (7.9ms)[0m  [1m[35mCREATE TABLE "schema_migrations" ("version" varchar NOT NULL PRIMARY KEY)[0m
  [1m[35m (0.2ms)[0m  [1m[34mSELECT "schema_migrations"."version" FROM "schema_migrations" ORDER BY "schema_migrations"."version" ASC[0m
  [1m[35m (7.5ms)[0m  [1m[32mINSERT INTO "schema_migrations" (version) VALUES (20210916164243)[0m
  [1m[35m (8.0ms)[0m  [1m[32mINSERT INTO "schema_migrations" (version) VALUES
(20210916032236),
(20210916154426),
(20210916154813);

[0m
  [1m[35m (7.4ms)[0m  [1m[35mCREATE TABLE "ar_internal_metadata" ("key" varchar NOT NULL PRIMARY KEY, "value" varchar, "created_at" datetime(6) NOT NULL, "updated_at" datetime(6) NOT NULL)[0m
  [1m[36mActiveRecord::InternalMetadata Load (0.2ms)[0m  [1m[34mSELECT "ar_internal_metadata".* FROM "ar_internal_metadata" WHERE "ar_internal_metadata"."key" = ? LIMIT ?[0m  [["key", "environment"], ["LIMIT", 1]]
  [1m[36mTRANSACTION (0.0ms)[0m  [1m[36mbegin transaction[0m
  [1m[36mActiveRecord::InternalMetadata Create (1.2ms)[0m  [1m[32mINSERT INTO "ar_internal_metadata" ("key", "value", "created_at", "updated_at") VALUES (?, ?, ?, ?)[0m  [["key", "environment"], ["value", "development"], ["created_at", "2021-09-16 16:47:55.751021"], ["updated_at", "2021-09-16 16:47:55.751021"]]
  [1m[36mTRANSACTION (6.4ms)[0m  [1m[36mcommit transaction[0m
  [1m[36mActiveRecord::InternalMetadata Load (0.2ms)[0m  [1m[34mSELECT "ar_internal_metadata".* FROM "ar_internal_metadata" WHERE "ar_internal_metadata"."key" = ? LIMIT ?[0m  [["key", "environment"], ["LIMIT", 1]]
  [1m[36mTRANSACTION (0.0ms)[0m  [1m[36mbegin transaction[0m
  [1m[36mActiveRecord::InternalMetadata Update (1.1ms)[0m  [1m[33mUPDATE "ar_internal_metadata" SET "value" = ?, "updated_at" = ? WHERE "ar_internal_metadata"."key" = ?[0m  [["value", "test"], ["updated_at", "2021-09-16 16:47:55.762521"], ["key", "environment"]]
  [1m[36mTRANSACTION (6.2ms)[0m  [1m[36mcommit transaction[0m
  [1m[36mActiveRecord::InternalMetadata Load (0.2ms)[0m  [1m[34mSELECT "ar_internal_metadata".* FROM "ar_internal_metadata" WHERE "ar_internal_metadata"."key" = ? LIMIT ?[0m  [["key", "schema_sha1"], ["LIMIT", 1]]
  [1m[36mTRANSACTION (0.0ms)[0m  [1m[36mbegin transaction[0m
  [1m[36mActiveRecord::InternalMetadata Create (1.1ms)[0m  [1m[32mINSERT INTO "ar_internal_metadata" ("key", "value", "created_at", "updated_at") VALUES (?, ?, ?, ?)[0m  [["key", "schema_sha1"], ["value", "18f0126039dc5b1534354268bdeecd72ff18fc68"], ["created_at", "2021-09-16 16:47:55.774545"], ["updated_at", "2021-09-16 16:47:55.774545"]]
  [1m[36mTRANSACTION (6.2ms)[0m  [1m[36mcommit transaction[0m
  [1m[35m (0.1ms)[0m  [1m[34mSELECT sqlite_version(*)[0m
  [1m[35m (0.2ms)[0m  [1m[34mSELECT "schema_migrations"."version" FROM "schema_migrations" ORDER BY "schema_migrations"."version" ASC[0m
  [1m[35m (0.8ms)[0m  [1m[34mSELECT sqlite_version(*)[0m
  [1m[35m (0.2ms)[0m  [1m[34mSELECT "schema_migrations"."version" FROM "schema_migrations" ORDER BY "schema_migrations"."version" ASC[0m
  [1m[35m (0.2ms)[0m  [1m[34mSELECT "ar_internal_metadata"."value" FROM "ar_internal_metadata" WHERE "ar_internal_metadata"."key" = ?[0m  [["key", "environment"]]
  [1m[35m (0.1ms)[0m  [1m[34mSELECT "schema_migrations"."version" FROM "schema_migrations" ORDER BY "schema_migrations"."version" ASC[0m
  [1m[35m (0.2ms)[0m  [1m[34mSELECT "ar_internal_metadata"."value" FROM "ar_internal_metadata" WHERE "ar_internal_metadata"."key" = ?[0m  [["key", "environment"]]
  [1m[35m (0.1ms)[0m  [1m[34mSELECT "schema_migrations"."version" FROM "schema_migrations" ORDER BY "schema_migrations"."version" ASC[0m
  [1m[35m (0.1ms)[0m  [1m[34mSELECT "ar_internal_metadata"."value" FROM "ar_internal_metadata" WHERE "ar_internal_metadata"."key" = ?[0m  [["key", "environment"]]
Started GET "/trips/2" for 127.0.0.1 at 2021-09-16 11:57:54 -0500
  [1m[35m (0.1ms)[0m  [1m[34mSELECT sqlite_version(*)[0m
  [1m[35m (0.4ms)[0m  [1m[34mSELECT "schema_migrations"."version" FROM "schema_migrations" ORDER BY "schema_migrations"."version" ASC[0m
  
ActiveRecord::StatementInvalid (SQLite3::SQLException: no such table: schema_migrations):
  
sqlite3 (1.4.2) lib/sqlite3/database.rb:147:in `initialize'
sqlite3 (1.4.2) lib/sqlite3/database.rb:147:in `new'
sqlite3 (1.4.2) lib/sqlite3/database.rb:147:in `prepare'
activerecord (6.1.4.1) lib/active_record/connection_adapters/sqlite3/database_statements.rb:61:in `block (2 levels) in exec_query'
activesupport (6.1.4.1) lib/active_support/dependencies/interlock.rb:48:in `block in permit_concurrent_loads'
activesupport (6.1.4.1) lib/active_support/concurrency/share_lock.rb:187:in `yield_shares'
activesupport (6.1.4.1) lib/active_support/dependencies/interlock.rb:47:in `permit_concurrent_loads'
activerecord (6.1.4.1) lib/active_record/connection_adapters/sqlite3/database_statements.rb:47:in `block in exec_query'
activerecord (6.1.4.1) lib/active_record/connection_adapters/abstract_adapter.rb:696:in `block (2 levels) in log'
activesupport (6.1.4.1) lib/active_support/concurrency/load_interlock_aware_monitor.rb:26:in `block (2 levels) in synchronize'
activesupport (6.1.4.1) lib/active_support/concurrency/load_interlock_aware_monitor.rb:25:in `handle_interrupt'
activesupport (6.1.4.1) lib/active_support/concurrency/load_interlock_aware_monitor.rb:25:in `block in synchronize'
activesupport (6.1.4.1) lib/active_support/concurrency/load_interlock_aware_monitor.rb:21:in `handle_interrupt'
activesupport (6.1.4.1) lib/active_support/concurrency/load_interlock_aware_monitor.rb:21:in `synchronize'
activerecord (6.1.4.1) lib/active_record/connection_adapters/abstract_adapter.rb:695:in `block in log'
activesupport (6.1.4.1) lib/active_support/notifications/instrumenter.rb:24:in `instrument'
activerecord (6.1.4.1) lib/active_record/connection_adapters/abstract_adapter.rb:687:in `log'
activerecord (6.1.4.1) lib/active_record/connection_adapters/sqlite3/database_statements.rb:46:in `exec_query'
activerecord (6.1.4.1) lib/active_record/connection_adapters/abstract/database_statements.rb:536:in `select_prepared'
activerecord (6.1.4.1) lib/active_record/connection_adapters/abstract/database_statements.rb:67:in `select_all'
activerecord (6.1.4.1) lib/active_record/connection_adapters/abstract/query_cache.rb:101:in `block in select_all'
activerecord (6.1.4.1) lib/active_record/connection_adapters/abstract/query_cache.rb:118:in `block in cache_sql'
activesupport (6.1.4.1) lib/active_support/concurrency/load_interlock_aware_monitor.rb:26:in `block (2 levels) in synchronize'
activesupport (6.1.4.1) lib/active_support/concurrency/load_interlock_aware_monitor.rb:25:in `handle_interrupt'
activesupport (6.1.4.1) lib/active_support/concurrency/load_interlock_aware_monitor.rb:25:in `block in synchronize'
activesupport (6.1.4.1) lib/active_support/concurrency/load_interlock_aware_monitor.rb:21:in `handle_interrupt'
activesupport (6.1.4.1) lib/active_support/concurrency/load_interlock_aware_monitor.rb:21:in `synchronize'
activerecord (6.1.4.1) lib/active_record/connection_adapters/abstract/query_cache.rb:109:in `cache_sql'
activerecord (6.1.4.1) lib/active_record/connection_adapters/abstract/query_cache.rb:101:in `select_all'
activerecord (6.1.4.1) lib/active_record/relation/calculations.rb:200:in `block in pluck'
activerecord (6.1.4.1) lib/active_record/relation.rb:861:in `skip_query_cache_if_necessary'
activerecord (6.1.4.1) lib/active_record/relation/calculations.rb:196:in `pluck'
activerecord (6.1.4.1) lib/active_record/schema_migration.rb:46:in `all_versions'
activerecord (6.1.4.1) lib/active_record/migration.rb:1109:in `get_all_versions'
activerecord (6.1.4.1) lib/active_record/migration.rb:1121:in `needs_migration?'
activerecord (6.1.4.1) lib/active_record/migration.rb:625:in `check_pending!'
activerecord (6.1.4.1) lib/active_record/migration.rb:590:in `block (2 levels) in call'
activesupport (6.1.4.1) lib/active_support/evented_file_update_checker.rb:59:in `execute'
activerecord (6.1.4.1) lib/active_record/migration.rb:595:in `block in call'
activerecord (6.1.4.1) lib/active_record/migration.rb:587:in `synchronize'
activerecord (6.1.4.1) lib/active_record/migration.rb:587:in `call'
actionpack (6.1.4.1) lib/action_dispatch/middleware/callbacks.rb:27:in `block in call'
activesupport (6.1.4.1) lib/active_support/callbacks.rb:98:in `run_callbacks'
actionpack (6.1.4.1) lib/action_dispatch/middleware/callbacks.rb:26:in `call'
actionpack (6.1.4.1) lib/action_dispatch/middleware/executor.rb:14:in `call'
actionpack (6.1.4.1) lib/action_dispatch/middleware/actionable_exceptions.rb:18:in `call'
actionpack (6.1.4.1) lib/action_dispatch/middleware/debug_exceptions.rb:29:in `call'
web-console (4.1.0) lib/web_console/middleware.rb:132:in `call_app'
web-console (4.1.0) lib/web_console/middleware.rb:28:in `block in call'
web-console (4.1.0) lib/web_console/middleware.rb:17:in `catch'
web-console (4.1.0) lib/web_console/middleware.rb:17:in `call'
actionpack (6.1.4.1) lib/action_dispatch/middleware/show_exceptions.rb:33:in `call'
railties (6.1.4.1) lib/rails/rack/logger.rb:37:in `call_app'
railties (6.1.4.1) lib/rails/rack/logger.rb:26:in `block in call'
activesupport (6.1.4.1) lib/active_support/tagged_logging.rb:99:in `block in tagged'
activesupport (6.1.4.1) lib/active_support/tagged_logging.rb:37:in `tagged'
activesupport (6.1.4.1) lib/active_support/tagged_logging.rb:99:in `tagged'
railties (6.1.4.1) lib/rails/rack/logger.rb:26:in `call'
sprockets-rails (3.2.2) lib/sprockets/rails/quiet_assets.rb:13:in `call'
actionpack (6.1.4.1) lib/action_dispatch/middleware/remote_ip.rb:81:in `call'
actionpack (6.1.4.1) lib/action_dispatch/middleware/request_id.rb:26:in `call'
rack (2.2.3) lib/rack/method_override.rb:24:in `call'
rack (2.2.3) lib/rack/runtime.rb:22:in `call'
activesupport (6.1.4.1) lib/active_support/cache/strategy/local_cache_middleware.rb:29:in `call'
actionpack (6.1.4.1) lib/action_dispatch/middleware/executor.rb:14:in `call'
actionpack (6.1.4.1) lib/action_dispatch/middleware/static.rb:24:in `call'
rack (2.2.3) lib/rack/sendfile.rb:110:in `call'
actionpack (6.1.4.1) lib/action_dispatch/middleware/host_authorization.rb:98:in `call'
rack-mini-profiler (2.3.3) lib/mini_profiler/profiler.rb:393:in `call'
webpacker (5.4.3) lib/webpacker/dev_server_proxy.rb:25:in `perform_request'
rack-proxy (0.7.0) lib/rack/proxy.rb:63:in `call'
railties (6.1.4.1) lib/rails/engine.rb:539:in `call'
puma (5.4.0) lib/puma/configuration.rb:249:in `call'
puma (5.4.0) lib/puma/request.rb:77:in `block in handle_request'
puma (5.4.0) lib/puma/thread_pool.rb:340:in `with_force_shutdown'
puma (5.4.0) lib/puma/request.rb:76:in `handle_request'
puma (5.4.0) lib/puma/server.rb:440:in `process_client'
puma (5.4.0) lib/puma/thread_pool.rb:147:in `block in spawn_thread'
  [1m[35m (0.6ms)[0m  [1m[34mSELECT sqlite_version(*)[0m
  [1m[35m (0.1ms)[0m  [1m[34mSELECT sqlite_version(*)[0m
  [1m[35m (0.0ms)[0m  [1m[34mSELECT sqlite_version(*)[0m
  [1m[35m (0.1ms)[0m  [1m[34mSELECT sqlite_version(*)[0m
  [1m[35m (16.5ms)[0m  [1m[35mCREATE TABLE "schema_migrations" ("version" varchar NOT NULL PRIMARY KEY)[0m
  [1m[35m (6.3ms)[0m  [1m[35mCREATE TABLE "ar_internal_metadata" ("key" varchar NOT NULL PRIMARY KEY, "value" varchar, "created_at" datetime(6) NOT NULL, "updated_at" datetime(6) NOT NULL)[0m
  [1m[35m (0.3ms)[0m  [1m[34mSELECT "schema_migrations"."version" FROM "schema_migrations" ORDER BY "schema_migrations"."version" ASC[0m
Migrating to CreateUsers (20210916032236)
  [1m[36mTRANSACTION (0.1ms)[0m  [1m[36mbegin transaction[0m
  [1m[35m (1.1ms)[0m  [1m[35mCREATE TABLE "users" ("id" integer PRIMARY KEY AUTOINCREMENT NOT NULL, "username" varchar, "email" varchar, "password_digest" varchar, "created_at" datetime(6) NOT NULL, "updated_at" datetime(6) NOT NULL)[0m
  [1m[36mActiveRecord::SchemaMigration Create (0.3ms)[0m  [1m[32mINSERT INTO "schema_migrations" ("version") VALUES (?)[0m  [["version", "20210916032236"]]
  [1m[36mTRANSACTION (6.0ms)[0m  [1m[36mcommit transaction[0m
Migrating to CreateTrips (20210916154426)
  [1m[36mTRANSACTION (0.1ms)[0m  [1m[36mbegin transaction[0m
  [1m[35m (2.5ms)[0m  [1m[35mCREATE TABLE "trips" ("id" integer PRIMARY KEY AUTOINCREMENT NOT NULL, "location" varchar, "date" varchar, "user_id" integer NOT NULL, "created_at" datetime(6) NOT NULL, "updated_at" datetime(6) NOT NULL, CONSTRAINT "fk_rails_6a33c9e4ea"
FOREIGN KEY ("user_id")
  REFERENCES "users" ("id")
)[0m
  [1m[35m (0.1ms)[0m  [1m[35mCREATE INDEX "index_trips_on_user_id" ON "trips" ("user_id")[0m
  [1m[36mActiveRecord::SchemaMigration Create (0.5ms)[0m  [1m[32mINSERT INTO "schema_migrations" ("version") VALUES (?)[0m  [["version", "20210916154426"]]
  [1m[36mTRANSACTION (9.4ms)[0m  [1m[36mcommit transaction[0m
Migrating to CreateActiveStorageTables (20210916154813)
  [1m[36mTRANSACTION (0.0ms)[0m  [1m[36mbegin transaction[0m
  [1m[35m (3.4ms)[0m  [1m[35mCREATE TABLE "active_storage_blobs" ("id" integer PRIMARY KEY AUTOINCREMENT NOT NULL, "key" varchar NOT NULL, "filename" varchar NOT NULL, "content_type" varchar, "metadata" text, "service_name" varchar NOT NULL, "byte_size" bigint NOT NULL, "checksum" varchar NOT NULL, "created_at" datetime NOT NULL)[0m
  [1m[35m (0.3ms)[0m  [1m[35mCREATE UNIQUE INDEX "index_active_storage_blobs_on_key" ON "active_storage_blobs" ("key")[0m
  [1m[35m (0.2ms)[0m  [1m[35mCREATE TABLE "active_storage_attachments" ("id" integer PRIMARY KEY AUTOINCREMENT NOT NULL, "name" varchar NOT NULL, "record_type" varchar NOT NULL, "record_id" integer NOT NULL, "blob_id" integer NOT NULL, "created_at" datetime NOT NULL, CONSTRAINT "fk_rails_c3b3935057"
FOREIGN KEY ("blob_id")
  REFERENCES "active_storage_blobs" ("id")
)[0m
  [1m[35m (0.1ms)[0m  [1m[35mCREATE INDEX "index_active_storage_attachments_on_blob_id" ON "active_storage_attachments" ("blob_id")[0m
  [1m[35m (0.2ms)[0m  [1m[35mCREATE UNIQUE INDEX "index_active_storage_attachments_uniqueness" ON "active_storage_attachments" ("record_type", "record_id", "name", "blob_id")[0m
  [1m[35m (0.2ms)[0m  [1m[35mCREATE TABLE "active_storage_variant_records" ("id" integer PRIMARY KEY AUTOINCREMENT NOT NULL, "blob_id" integer NOT NULL, "variation_digest" varchar NOT NULL, CONSTRAINT "fk_rails_993965df05"
FOREIGN KEY ("blob_id")
  REFERENCES "active_storage_blobs" ("id")
)[0m
  [1m[35m (0.1ms)[0m  [1m[35mCREATE UNIQUE INDEX "index_active_storage_variant_records_uniqueness" ON "active_storage_variant_records" ("blob_id", "variation_digest")[0m
  [1m[36mActiveRecord::SchemaMigration Create (0.2ms)[0m  [1m[32mINSERT INTO "schema_migrations" ("version") VALUES (?)[0m  [["version", "20210916154813"]]
  [1m[36mTRANSACTION (5.4ms)[0m  [1m[36mcommit transaction[0m
Migrating to CreatePhotos (20210916164243)
  [1m[36mTRANSACTION (0.1ms)[0m  [1m[36mbegin transaction[0m
  [1m[35m (1.8ms)[0m  [1m[35mCREATE TABLE "photos" ("id" integer PRIMARY KEY AUTOINCREMENT NOT NULL, "type" varchar, "link" varchar, "trip_id" integer NOT NULL, "created_at" datetime(6) NOT NULL, "updated_at" datetime(6) NOT NULL, CONSTRAINT "fk_rails_bad3d58acf"
FOREIGN KEY ("trip_id")
  REFERENCES "trips" ("id")
)[0m
  [1m[35m (0.2ms)[0m  [1m[35mCREATE INDEX "index_photos_on_trip_id" ON "photos" ("trip_id")[0m
  [1m[36mActiveRecord::SchemaMigration Create (0.3ms)[0m  [1m[32mINSERT INTO "schema_migrations" ("version") VALUES (?)[0m  [["version", "20210916164243"]]
  [1m[36mTRANSACTION (6.4ms)[0m  [1m[36mcommit transaction[0m
  [1m[36mActiveRecord::InternalMetadata Load (0.2ms)[0m  [1m[34mSELECT "ar_internal_metadata".* FROM "ar_internal_metadata" WHERE "ar_internal_metadata"."key" = ? LIMIT ?[0m  [["key", "environment"], ["LIMIT", 1]]
  [1m[36mTRANSACTION (0.0ms)[0m  [1m[36mbegin transaction[0m
  [1m[36mActiveRecord::InternalMetadata Create (2.4ms)[0m  [1m[32mINSERT INTO "ar_internal_metadata" ("key", "value", "created_at", "updated_at") VALUES (?, ?, ?, ?)[0m  [["key", "environment"], ["value", "development"], ["created_at", "2021-09-16 17:00:14.815969"], ["updated_at", "2021-09-16 17:00:14.815969"]]
  [1m[36mTRANSACTION (7.2ms)[0m  [1m[36mcommit transaction[0m
  [1m[35m (0.1ms)[0m  [1m[34mSELECT sqlite_version(*)[0m
  [1m[35m (0.2ms)[0m  [1m[34mSELECT "schema_migrations"."version" FROM "schema_migrations" ORDER BY "schema_migrations"."version" ASC[0m
Started GET "/trips/2" for 127.0.0.1 at 2021-09-16 12:00:21 -0500
  [1m[35m (0.1ms)[0m  [1m[34mSELECT sqlite_version(*)[0m
  [1m[35m (0.2ms)[0m  [1m[34mSELECT "schema_migrations"."version" FROM "schema_migrations" ORDER BY "schema_migrations"."version" ASC[0m
Processing by TripsController#show as HTML
  Parameters: {"id"=>"2"}
  [1m[36mTrip Load (0.2ms)[0m  [1m[34mSELECT "trips".* FROM "trips" WHERE "trips"."id" = ? LIMIT ?[0m  [["id", 2], ["LIMIT", 1]]
  â†³ app/controllers/trips_controller.rb:21:in `find_trip'
Completed 404 Not Found in 22ms (ActiveRecord: 1.5ms | Allocations: 2914)


  
ActiveRecord::RecordNotFound (Couldn't find Trip with 'id'=2):
  
app/controllers/trips_controller.rb:21:in `find_trip'
Started GET "/trips" for 127.0.0.1 at 2021-09-16 12:00:28 -0500
Processing by TripsController#index as HTML
  Rendering layout layouts/application.html.erb
  Rendering trips/index.erb within layouts/application
  Rendered trips/index.erb within layouts/application (Duration: 0.7ms | Allocations: 105)
[Webpacker] Everything's up-to-date. Nothing to do
  Rendered layout layouts/application.html.erb (Duration: 32.6ms | Allocations: 3247)
Completed 200 OK in 40ms (Views: 37.1ms | ActiveRecord: 0.0ms | Allocations: 3864)


Started GET "/trips/new" for 127.0.0.1 at 2021-09-16 12:00:34 -0500
Processing by TripsController#new as HTML
  Rendering layout layouts/application.html.erb
  Rendering trips/new.erb within layouts/application
  Rendered trips/new.erb within layouts/application (Duration: 2.1ms | Allocations: 876)
[Webpacker] Everything's up-to-date. Nothing to do
  Rendered layout layouts/application.html.erb (Duration: 68.4ms | Allocations: 5173)
Completed 200 OK in 74ms (Views: 69.7ms | ActiveRecord: 0.0ms | Allocations: 8324)


Started POST "/trips" for 127.0.0.1 at 2021-09-16 12:00:59 -0500
Processing by TripsController#create as HTML
  Parameters: {"authenticity_token"=>"[FILTERED]", "trip"=>{"location"=>"Denver", "date"=>"August", "user_id"=>""}, "commit"=>"Submit"}
  [1m[36mTRANSACTION (0.1ms)[0m  [1m[36mbegin transaction[0m
  â†³ app/controllers/trips_controller.rb:11:in `create'
  [1m[36mTrip Create (0.9ms)[0m  [1m[32mINSERT INTO "trips" ("location", "date", "created_at", "updated_at") VALUES (?, ?, ?, ?)[0m  [["location", "Denver"], ["date", "August"], ["created_at", "2021-09-16 17:00:59.558123"], ["updated_at", "2021-09-16 17:00:59.558123"]]
  â†³ app/controllers/trips_controller.rb:11:in `create'
  [1m[36mTRANSACTION (0.1ms)[0m  [1m[31mrollback transaction[0m
  â†³ app/controllers/trips_controller.rb:11:in `create'
Completed 500 Internal Server Error in 14ms (ActiveRecord: 1.1ms | Allocations: 3531)


  
ActiveRecord::NotNullViolation (SQLite3::ConstraintException: NOT NULL constraint failed: trips.user_id):
  
app/controllers/trips_controller.rb:11:in `create'
Started POST "/trips" for 127.0.0.1 at 2021-09-16 12:02:10 -0500
Processing by TripsController#create as HTML
  Parameters: {"authenticity_token"=>"[FILTERED]", "trip"=>{"location"=>"Denver", "date"=>"August", "user_id"=>""}, "commit"=>"Submit"}
  [1m[36mTRANSACTION (0.0ms)[0m  [1m[36mbegin transaction[0m
  â†³ app/controllers/trips_controller.rb:11:in `create'
  [1m[36mTrip Create (2.6ms)[0m  [1m[32mINSERT INTO "trips" ("location", "date", "created_at", "updated_at") VALUES (?, ?, ?, ?)[0m  [["location", "Denver"], ["date", "August"], ["created_at", "2021-09-16 17:02:10.460485"], ["updated_at", "2021-09-16 17:02:10.460485"]]
  â†³ app/controllers/trips_controller.rb:11:in `create'
  [1m[36mTRANSACTION (0.1ms)[0m  [1m[31mrollback transaction[0m
  â†³ app/controllers/trips_controller.rb:11:in `create'
Completed 500 Internal Server Error in 14ms (ActiveRecord: 2.7ms | Allocations: 3451)


  
ActiveRecord::NotNullViolation (SQLite3::ConstraintException: NOT NULL constraint failed: trips.user_id):
  
app/controllers/trips_controller.rb:11:in `create'
Started GET "/trips/new" for 127.0.0.1 at 2021-09-16 12:02:14 -0500
Processing by TripsController#new as HTML
  Rendering layout layouts/application.html.erb
  Rendering trips/new.erb within layouts/application
  Rendered trips/new.erb within layouts/application (Duration: 9.7ms | Allocations: 822)
[Webpacker] Everything's up-to-date. Nothing to do
  Rendered layout layouts/application.html.erb (Duration: 26.6ms | Allocations: 4824)
Completed 200 OK in 35ms (Views: 32.0ms | ActiveRecord: 0.0ms | Allocations: 7630)


Started GET "/trips" for 127.0.0.1 at 2021-09-16 12:02:15 -0500
Processing by TripsController#index as HTML
  Rendering layout layouts/application.html.erb
  Rendering trips/index.erb within layouts/application
  Rendered trips/index.erb within layouts/application (Duration: 1.6ms | Allocations: 103)
[Webpacker] Everything's up-to-date. Nothing to do
  Rendered layout layouts/application.html.erb (Duration: 27.2ms | Allocations: 3265)
Completed 200 OK in 31ms (Views: 29.1ms | ActiveRecord: 0.0ms | Allocations: 3743)


Started GET "/users/new" for 127.0.0.1 at 2021-09-16 12:02:21 -0500
Processing by UsersController#new as HTML
  Rendering layout layouts/application.html.erb
  Rendering users/new.erb within layouts/application
  Rendered users/new.erb within layouts/application (Duration: 5.0ms | Allocations: 1301)
[Webpacker] Everything's up-to-date. Nothing to do
  Rendered layout layouts/application.html.erb (Duration: 23.6ms | Allocations: 4430)
Completed 200 OK in 33ms (Views: 26.2ms | ActiveRecord: 1.1ms | Allocations: 8891)


Started GET "/users/new" for 127.0.0.1 at 2021-09-16 12:02:21 -0500
Processing by UsersController#new as HTML
  Rendering layout layouts/application.html.erb
  Rendering users/new.erb within layouts/application
  Rendered users/new.erb within layouts/application (Duration: 1.2ms | Allocations: 741)
[Webpacker] Everything's up-to-date. Nothing to do
  Rendered layout layouts/application.html.erb (Duration: 55.4ms | Allocations: 4795)
Completed 200 OK in 58ms (Views: 57.0ms | ActiveRecord: 0.0ms | Allocations: 5185)


Started GET "/sessions/new" for 127.0.0.1 at 2021-09-16 12:02:22 -0500
Processing by SessionsController#new as HTML
  Rendering layout layouts/application.html.erb
  Rendering sessions/new.erb within layouts/application
  Rendered sessions/new.erb within layouts/application (Duration: 7.5ms | Allocations: 602)
[Webpacker] Everything's up-to-date. Nothing to do
  Rendered layout layouts/application.html.erb (Duration: 26.4ms | Allocations: 4691)
Completed 200 OK in 30ms (Views: 29.1ms | ActiveRecord: 0.0ms | Allocations: 5563)


Started GET "/users/new" for 127.0.0.1 at 2021-09-16 12:02:24 -0500
Processing by UsersController#new as HTML
  Rendering layout layouts/application.html.erb
  Rendering users/new.erb within layouts/application
  Rendered users/new.erb within layouts/application (Duration: 3.3ms | Allocations: 1012)
[Webpacker] Everything's up-to-date. Nothing to do
  Rendered layout layouts/application.html.erb (Duration: 22.7ms | Allocations: 4425)
Completed 200 OK in 36ms (Views: 34.9ms | ActiveRecord: 0.0ms | Allocations: 5586)


Started POST "/signup" for 127.0.0.1 at 2021-09-16 12:02:36 -0500
Processing by UsersController#create as HTML
  Parameters: {"authenticity_token"=>"[FILTERED]", "user"=>{"email"=>"j@gmail.com", "username"=>"Jess", "password"=>"[FILTERED]"}, "commit"=>"Submit"}
  [1m[36mTRANSACTION (0.1ms)[0m  [1m[36mbegin transaction[0m
  â†³ app/controllers/users_controller.rb:8:in `create'
  [1m[36mUser Exists? (0.4ms)[0m  [1m[34mSELECT 1 AS one FROM "users" WHERE "users"."email" = ? LIMIT ?[0m  [["email", "j@gmail.com"], ["LIMIT", 1]]
  â†³ app/controllers/users_controller.rb:8:in `create'
  [1m[36mUser Create (6.1ms)[0m  [1m[32mINSERT INTO "users" ("username", "email", "password_digest", "created_at", "updated_at") VALUES (?, ?, ?, ?, ?)[0m  [["username", "Jess"], ["email", "j@gmail.com"], ["password_digest", "$2a$12$tkVtCfp99wqcNfOKE6Mw0uhZ7FTqtnc.25h0i0fNGLSiakT1Y87/K"], ["created_at", "2021-09-16 17:02:36.519543"], ["updated_at", "2021-09-16 17:02:36.519543"]]
  â†³ app/controllers/users_controller.rb:8:in `create'
  [1m[36mTRANSACTION (6.5ms)[0m  [1m[36mcommit transaction[0m
  â†³ app/controllers/users_controller.rb:8:in `create'
Redirected to http://127.0.0.1:3000/users/1
Completed 302 Found in 196ms (ActiveRecord: 13.1ms | Allocations: 6612)


Started GET "/users/1" for 127.0.0.1 at 2021-09-16 12:02:36 -0500
Processing by UsersController#show as HTML
  Parameters: {"id"=>"1"}
  [1m[36mUser Load (0.2ms)[0m  [1m[34mSELECT "users".* FROM "users" WHERE "users"."id" = ? LIMIT ?[0m  [["id", 1], ["LIMIT", 1]]
  â†³ app/controllers/users_controller.rb:17:in `show'
  Rendering layout layouts/application.html.erb
  Rendering users/show.erb within layouts/application
  Rendered users/show.erb within layouts/application (Duration: 1.1ms | Allocations: 191)
[Webpacker] Everything's up-to-date. Nothing to do
  Rendered layout layouts/application.html.erb (Duration: 14.1ms | Allocations: 4216)
Completed 200 OK in 20ms (Views: 16.0ms | ActiveRecord: 0.2ms | Allocations: 5386)


Started GET "/trips/new" for 127.0.0.1 at 2021-09-16 12:02:45 -0500
Processing by TripsController#new as HTML
  Rendering layout layouts/application.html.erb
  Rendering trips/new.erb within layouts/application
  Rendered trips/new.erb within layouts/application (Duration: 2.5ms | Allocations: 822)
[Webpacker] Everything's up-to-date. Nothing to do
  Rendered layout layouts/application.html.erb (Duration: 19.6ms | Allocations: 4164)
Completed 200 OK in 24ms (Views: 23.1ms | ActiveRecord: 0.0ms | Allocations: 5304)


Started GET "/trips/new" for 127.0.0.1 at 2021-09-16 12:02:45 -0500
Processing by TripsController#new as HTML
  Rendering layout layouts/application.html.erb
  Rendering trips/new.erb within layouts/application
  Rendered trips/new.erb within layouts/application (Duration: 2.2ms | Allocations: 595)
[Webpacker] Everything's up-to-date. Nothing to do
  Rendered layout layouts/application.html.erb (Duration: 73.7ms | Allocations: 5047)
Completed 200 OK in 76ms (Views: 75.3ms | ActiveRecord: 0.0ms | Allocations: 5441)


Started POST "/trips" for 127.0.0.1 at 2021-09-16 12:02:51 -0500
Processing by TripsController#create as HTML
  Parameters: {"authenticity_token"=>"[FILTERED]", "trip"=>{"location"=>"Denver", "date"=>"August", "user_id"=>""}, "commit"=>"Submit"}
  [1m[36mTRANSACTION (0.1ms)[0m  [1m[36mbegin transaction[0m
  â†³ app/controllers/trips_controller.rb:11:in `create'
  [1m[36mTrip Create (1.2ms)[0m  [1m[32mINSERT INTO "trips" ("location", "date", "created_at", "updated_at") VALUES (?, ?, ?, ?)[0m  [["location", "Denver"], ["date", "August"], ["created_at", "2021-09-16 17:02:51.723563"], ["updated_at", "2021-09-16 17:02:51.723563"]]
  â†³ app/controllers/trips_controller.rb:11:in `create'
  [1m[36mTRANSACTION (0.1ms)[0m  [1m[31mrollback transaction[0m
  â†³ app/controllers/trips_controller.rb:11:in `create'
Completed 500 Internal Server Error in 13ms (ActiveRecord: 1.3ms | Allocations: 3449)


  
ActiveRecord::NotNullViolation (SQLite3::ConstraintException: NOT NULL constraint failed: trips.user_id):
  
app/controllers/trips_controller.rb:11:in `create'
